{"numTotalTestSuites":185,"numPassedTestSuites":185,"numFailedTestSuites":0,"numPendingTestSuites":0,"numTotalTests":446,"numPassedTests":446,"numFailedTests":0,"numPendingTests":0,"numTodoTests":0,"snapshot":{"added":0,"failure":false,"filesAdded":0,"filesRemoved":0,"filesRemovedList":[],"filesUnmatched":0,"filesUpdated":0,"matched":0,"total":0,"unchecked":0,"uncheckedKeysByFile":[],"unmatched":0,"updated":0,"didUpdate":false},"startTime":1790447818227,"success":true,"testResults":[{"assertionResults":[{"ancestorTitles":["API error UX"],"fullName":"API error UX maps HTTP 403 to a distinct user state","status":"passed","title":"maps HTTP 403 to a distinct user state","duration":4.0960999999999785,"failureMessages":[],"meta":{},"tags":[]},{"ancestorTitles":["API error UX"],"fullName":"API error UX maps HTTP 404 to a distinct user state","status":"passed","title":"maps HTTP 404 to a distinct user state","duration":0.4173000000000684,"failureMessages":[],"meta":{},"tags":[]},{"ancestorTitles":["API error UX"],"fullName":"API error UX maps HTTP 409 to a distinct user state","status":"passed","title":"maps HTTP 409 to a distinct user state","duration":0.32189999999991414,"failureMessages":[],"meta":{},"tags":[]},{"ancestorTitles":["API error UX"],"fullName":"API error UX maps HTTP 422 to a distinct user state","status":"passed","title":"maps HTTP 422 to a distinct user state","duration":0.3371999999999389,"failureMessages":[],"meta":{},"tags":[]},{"ancestorTitles":["API error UX"],"fullName":"API error UX maps HTTP 500 to a distinct user state","status":"passed","title":"maps HTTP 500 to a distinct user state","duration":0.30179999999995744,"failureMessages":[],"meta":{},"tags":[]},{"ancestorTitles":["API error UX"],"fullName":"API error UX maps transport failure to a retryable network state","status":"passed","title":"maps transport failure to a retryable network state","duration":0.37779999999997926,"failureMessages":[],"meta":{},"tags":[]}],"startTime":1790448123586,"endTime":1790448123592.3777,"status":"passed","message":"","name":"D:/1-webapp/forwarder-dev/phase3-p3-11-explainable-eta/src/lib/api-error-ux.test.ts"},{"assertionResults":[{"ancestorTitles":["controlled access-token refresh"],"fullName":"controlled access-token refresh uses one refresh for concurrent callers","status":"passed","title":"uses one refresh for concurrent callers","duration":10.215299999999843,"failureMessages":[],"meta":{},"tags":[]},{"ancestorTitles":["controlled access-token refresh"],"fullName":"controlled access-token refresh retries each failed API request only once after the shared refresh","status":"passed","title":"retries each failed API request only once after the shared refresh","duration":2.0728999999998905,"failureMessages":[],"meta":{},"tags":[]}],"startTime":1790448113450,"endTime":1790448113463.073,"status":"passed","message":"","name":"D:/1-webapp/forwarder-dev/phase3-p3-11-explainable-eta/src/lib/apiAuth.test.ts"},{"assertionResults":[{"ancestorTitles":["authentication route continuity"],"fullName":"authentication route continuity restores the shipment path including query and hash","status":"passed","title":"restores the shipment path including query and hash","duration":13.347800000000007,"failureMessages":[],"meta":{},"tags":[]},{"ancestorTitles":["authentication route continuity"],"fullName":"authentication route continuity rejects external and protocol-relative return URLs","status":"passed","title":"rejects external and protocol-relative return URLs","duration":1.0625,"failureMessages":[],"meta":{},"tags":[]}],"startTime":1790448109358,"endTime":1790448109372.0625,"status":"passed","message":"","name":"D:/1-webapp/forwarder-dev/phase3-p3-11-explainable-eta/src/lib/authContinuity.test.ts"},{"assertionResults":[{"ancestorTitles":["customer portal API boundary"],"fullName":"customer portal API boundary uses credentialed cookies only through the customer client","status":"passed","title":"uses credentialed cookies only through the customer client","duration":12.569400000000087,"failureMessages":[],"meta":{},"tags":[]},{"ancestorTitles":["customer portal API boundary"],"fullName":"customer portal API boundary submits the exact quote identity, discussion message, CSRF and response version","status":"passed","title":"submits the exact quote identity, discussion message, CSRF and response version","duration":2.671299999999974,"failureMessages":[],"meta":{},"tags":[]},{"ancestorTitles":["customer portal API boundary"],"fullName":"customer portal API boundary uses the enumeration-safe forgot endpoint","status":"passed","title":"uses the enumeration-safe forgot endpoint","duration":1.0203999999998814,"failureMessages":[],"meta":{},"tags":[]},{"ancestorTitles":["customer portal API boundary"],"fullName":"customer portal API boundary includes Customer cookies and CSRF only after an authenticated session check","status":"passed","title":"includes Customer cookies and CSRF only after an authenticated session check","duration":2.138300000000072,"failureMessages":[],"meta":{},"tags":[]},{"ancestorTitles":["customer portal API boundary"],"fullName":"customer portal API boundary falls back to cookie-free anonymous intake when session discovery fails","status":"passed","title":"falls back to cookie-free anonymous intake when session discovery fails","duration":1.9346000000000458,"failureMessages":[],"meta":{},"tags":[]},{"ancestorTitles":["customer portal API boundary"],"fullName":"customer portal API boundary uses tenant-scoped admin status and email recovery endpoints","status":"passed","title":"uses tenant-scoped admin status and email recovery endpoints","duration":1.4004999999999654,"failureMessages":[],"meta":{},"tags":[]}],"startTime":1790448106500,"endTime":1790448106522.4004,"status":"passed","message":"","name":"D:/1-webapp/forwarder-dev/phase3-p3-11-explainable-eta/src/lib/customerPortalApi.test.ts"},{"assertionResults":[{"ancestorTitles":["dual-calendar presentation"],"fullName":"dual-calendar presentation converts known Local Date boundary 2026-03-20","status":"passed","title":"converts known Local Date boundary 2026-03-20","duration":19.30250000000001,"failureMessages":[],"meta":{},"tags":[]},{"ancestorTitles":["dual-calendar presentation"],"fullName":"dual-calendar presentation converts known Local Date boundary 2026-03-21","status":"passed","title":"converts known Local Date boundary 2026-03-21","duration":1.8712000000000444,"failureMessages":[],"meta":{},"tags":[]},{"ancestorTitles":["dual-calendar presentation"],"fullName":"dual-calendar presentation converts known Local Date boundary 2024-02-29","status":"passed","title":"converts known Local Date boundary 2024-02-29","duration":0.7220999999999549,"failureMessages":[],"meta":{},"tags":[]},{"ancestorTitles":["dual-calendar presentation"],"fullName":"dual-calendar presentation converts known Local Date boundary 2026-12-31","status":"passed","title":"converts known Local Date boundary 2026-12-31","duration":0.5725999999999658,"failureMessages":[],"meta":{},"tags":[]},{"ancestorTitles":["dual-calendar presentation"],"fullName":"dual-calendar presentation does not shift a Local Date in process zone UTC","status":"passed","title":"does not shift a Local Date in process zone UTC","duration":0.6115999999999531,"failureMessages":[],"meta":{},"tags":[]},{"ancestorTitles":["dual-calendar presentation"],"fullName":"dual-calendar presentation does not shift a Local Date in process zone Asia/Tehran","status":"passed","title":"does not shift a Local Date in process zone Asia/Tehran","duration":0.42849999999998545,"failureMessages":[],"meta":{},"tags":[]},{"ancestorTitles":["dual-calendar presentation"],"fullName":"dual-calendar presentation does not shift a Local Date in process zone America/New_York","status":"passed","title":"does not shift a Local Date in process zone America/New_York","duration":0.36969999999996617,"failureMessages":[],"meta":{},"tags":[]},{"ancestorTitles":["dual-calendar presentation"],"fullName":"dual-calendar presentation does not shift a Local Date in process zone Pacific/Honolulu","status":"passed","title":"does not shift a Local Date in process zone Pacific/Honolulu","duration":0.33839999999986503,"failureMessages":[],"meta":{},"tags":[]},{"ancestorTitles":["dual-calendar presentation"],"fullName":"dual-calendar presentation resolves both calendars from the same Instant near local midnight","status":"passed","title":"resolves both calendars from the same Instant near local midnight","duration":0.7583999999999378,"failureMessages":[],"meta":{},"tags":[]},{"ancestorTitles":["dual-calendar presentation"],"fullName":"dual-calendar presentation renders the clock once while preserving the selected Instant zone","status":"passed","title":"renders the clock once while preserving the selected Instant zone","duration":1.6310000000000855,"failureMessages":[],"meta":{},"tags":[]},{"ancestorTitles":["dual-calendar presentation"],"fullName":"dual-calendar presentation localizes the Gregorian-first structure for Persian RTL","status":"passed","title":"localizes the Gregorian-first structure for Persian RTL","duration":1.0460999999997966,"failureMessages":[],"meta":{},"tags":[]},{"ancestorTitles":["dual-calendar presentation"],"fullName":"dual-calendar presentation returns the existing empty-state value for invalid Local Date null","status":"passed","title":"returns the existing empty-state value for invalid Local Date null","duration":0.11189999999987776,"failureMessages":[],"meta":{},"tags":[]},{"ancestorTitles":["dual-calendar presentation"],"fullName":"dual-calendar presentation returns the existing empty-state value for invalid Local Date undefined","status":"passed","title":"returns the existing empty-state value for invalid Local Date undefined","duration":0.057299999999941065,"failureMessages":[],"meta":{},"tags":[]},{"ancestorTitles":["dual-calendar presentation"],"fullName":"dual-calendar presentation returns the existing empty-state value for invalid Local Date \"\"","status":"passed","title":"returns the existing empty-state value for invalid Local Date \"\"","duration":0.05279999999993379,"failureMessages":[],"meta":{},"tags":[]},{"ancestorTitles":["dual-calendar presentation"],"fullName":"dual-calendar presentation returns the existing empty-state value for invalid Local Date \"invalid\"","status":"passed","title":"returns the existing empty-state value for invalid Local Date \"invalid\"","duration":0.05100000000015825,"failureMessages":[],"meta":{},"tags":[]},{"ancestorTitles":["dual-calendar presentation"],"fullName":"dual-calendar presentation returns the existing empty-state value for invalid Local Date \"2026-02-30\"","status":"passed","title":"returns the existing empty-state value for invalid Local Date \"2026-02-30\"","duration":0.10010000000011132,"failureMessages":[],"meta":{},"tags":[]},{"ancestorTitles":["dual-calendar presentation"],"fullName":"dual-calendar presentation returns the existing empty-state value for invalid Instant null","status":"passed","title":"returns the existing empty-state value for invalid Instant null","duration":0.08510000000001128,"failureMessages":[],"meta":{},"tags":[]},{"ancestorTitles":["dual-calendar presentation"],"fullName":"dual-calendar presentation returns the existing empty-state value for invalid Instant undefined","status":"passed","title":"returns the existing empty-state value for invalid Instant undefined","duration":0.09490000000005239,"failureMessages":[],"meta":{},"tags":[]},{"ancestorTitles":["dual-calendar presentation"],"fullName":"dual-calendar presentation returns the existing empty-state value for invalid Instant \"\"","status":"passed","title":"returns the existing empty-state value for invalid Instant \"\"","duration":0.08910000000014406,"failureMessages":[],"meta":{},"tags":[]},{"ancestorTitles":["dual-calendar presentation"],"fullName":"dual-calendar presentation returns the existing empty-state value for invalid Instant \"invalid\"","status":"passed","title":"returns the existing empty-state value for invalid Instant \"invalid\"","duration":0.1093999999998232,"failureMessages":[],"meta":{},"tags":[]}],"startTime":1790448101982,"endTime":1790448102011.1094,"status":"passed","message":"","name":"D:/1-webapp/forwarder-dev/phase3-p3-11-explainable-eta/src/lib/dualCalendar.test.ts"},{"assertionResults":[{"ancestorTitles":["date-only contract"],"fullName":"date-only contract preserves the calendar day in UTC","status":"passed","title":"preserves the calendar day in UTC","duration":24.965599999999995,"failureMessages":[],"meta":{},"tags":[]},{"ancestorTitles":["date-only contract"],"fullName":"date-only contract preserves the calendar day in Asia/Tehran","status":"passed","title":"preserves the calendar day in Asia/Tehran","duration":0.6043000000001939,"failureMessages":[],"meta":{},"tags":[]},{"ancestorTitles":["date-only contract"],"fullName":"date-only contract preserves the calendar day in America/New_York","status":"passed","title":"preserves the calendar day in America/New_York","duration":0.5636999999999261,"failureMessages":[],"meta":{},"tags":[]},{"ancestorTitles":["date-only contract"],"fullName":"date-only contract preserves the calendar day in Pacific/Honolulu","status":"passed","title":"preserves the calendar day in Pacific/Honolulu","duration":0.45319999999992433,"failureMessages":[],"meta":{},"tags":[]},{"ancestorTitles":["date-only contract"],"fullName":"date-only contract rejects invalid input null","status":"passed","title":"rejects invalid input null","duration":0.3894999999999982,"failureMessages":[],"meta":{},"tags":[]},{"ancestorTitles":["date-only contract"],"fullName":"date-only contract rejects invalid input \"\"","status":"passed","title":"rejects invalid input \"\"","duration":0.22450000000003456,"failureMessages":[],"meta":{},"tags":[]},{"ancestorTitles":["date-only contract"],"fullName":"date-only contract rejects invalid input \"invalid\"","status":"passed","title":"rejects invalid input \"invalid\"","duration":0.20039999999994507,"failureMessages":[],"meta":{},"tags":[]},{"ancestorTitles":["date-only contract"],"fullName":"date-only contract rejects invalid input \"2026-13-01\"","status":"passed","title":"rejects invalid input \"2026-13-01\"","duration":0.1894999999999527,"failureMessages":[],"meta":{},"tags":[]},{"ancestorTitles":["date-only contract"],"fullName":"date-only contract rejects invalid input \"2026-02-30\"","status":"passed","title":"rejects invalid input \"2026-02-30\"","duration":0.2626000000000204,"failureMessages":[],"meta":{},"tags":[]},{"ancestorTitles":["date-only contract"],"fullName":"date-only contract rejects invalid input \"29/07/2026\"","status":"passed","title":"rejects invalid input \"29/07/2026\"","duration":0.2776000000001204,"failureMessages":[],"meta":{},"tags":[]},{"ancestorTitles":["date-only contract"],"fullName":"date-only contract validates leap years without normalization","status":"passed","title":"validates leap years without normalization","duration":0.3769999999999527,"failureMessages":[],"meta":{},"tags":[]},{"ancestorTitles":["date-only contract"],"fullName":"date-only contract returns calendar parts rather than an instant","status":"passed","title":"returns calendar parts rather than an instant","duration":1.2887000000000626,"failureMessages":[],"meta":{},"tags":[]},{"ancestorTitles":["date-only contract"],"fullName":"date-only contract uses the date-only contract for pickup_date","status":"passed","title":"uses the date-only contract for pickup_date","duration":1,"failureMessages":[],"meta":{},"tags":[]},{"ancestorTitles":["date-only contract"],"fullName":"date-only contract uses the date-only contract for delivery_date","status":"passed","title":"uses the date-only contract for delivery_date","duration":0.35669999999981883,"failureMessages":[],"meta":{},"tags":[]},{"ancestorTitles":["date-only contract"],"fullName":"date-only contract uses the date-only contract for valid_until","status":"passed","title":"uses the date-only contract for valid_until","duration":0.3158000000000811,"failureMessages":[],"meta":{},"tags":[]},{"ancestorTitles":["date-only contract"],"fullName":"date-only contract uses the date-only contract for expected_close_date","status":"passed","title":"uses the date-only contract for expected_close_date","duration":0.33989999999994325,"failureMessages":[],"meta":{},"tags":[]},{"ancestorTitles":["date-only contract"],"fullName":"date-only contract uses the date-only contract for actual_close_date","status":"passed","title":"uses the date-only contract for actual_close_date","duration":0.2803000000001248,"failureMessages":[],"meta":{},"tags":[]}],"startTime":1790448100206,"endTime":1790448100238.3398,"status":"passed","message":"","name":"D:/1-webapp/forwarder-dev/phase3-p3-11-explainable-eta/src/lib/localDate.test.ts"},{"assertionResults":[{"ancestorTitles":["datetime-local conversion"],"fullName":"datetime-local conversion shows Tehran wall-clock time","status":"passed","title":"shows Tehran wall-clock time","duration":2.511799999999994,"failureMessages":[],"meta":{},"tags":[]},{"ancestorTitles":["datetime-local conversion"],"fullName":"datetime-local conversion round-trips Tehran time once","status":"passed","title":"round-trips Tehran time once","duration":0.8330000000000837,"failureMessages":[],"meta":{},"tags":[]},{"ancestorTitles":["datetime-local conversion"],"fullName":"datetime-local conversion round-trips UTC","status":"passed","title":"round-trips UTC","duration":0.6191999999998643,"failureMessages":[],"meta":{},"tags":[]},{"ancestorTitles":["datetime-local conversion"],"fullName":"datetime-local conversion crosses the local day boundary","status":"passed","title":"crosses the local day boundary","duration":0.4936999999999898,"failureMessages":[],"meta":{},"tags":[]},{"ancestorTitles":["datetime-local conversion"],"fullName":"datetime-local conversion rejects invalid input \"\"","status":"passed","title":"rejects invalid input \"\"","duration":0.4226000000001022,"failureMessages":[],"meta":{},"tags":[]},{"ancestorTitles":["datetime-local conversion"],"fullName":"datetime-local conversion rejects invalid input \"not-a-date\"","status":"passed","title":"rejects invalid input \"not-a-date\"","duration":0.28530000000000655,"failureMessages":[],"meta":{},"tags":[]},{"ancestorTitles":["datetime-local conversion"],"fullName":"datetime-local conversion rejects invalid input \"2026-02-30T12:00\"","status":"passed","title":"rejects invalid input \"2026-02-30T12:00\"","duration":0.27070000000003347,"failureMessages":[],"meta":{},"tags":[]}],"startTime":1790448133773,"endTime":1790448133778.4226,"status":"passed","message":"","name":"D:/1-webapp/forwarder-dev/phase3-p3-11-explainable-eta/src/lib/localDateTime.test.ts"},{"assertionResults":[{"ancestorTitles":["organization reference catalog API"],"fullName":"organization reference catalog API uses the bounded family endpoint and omits version for a new activation","status":"passed","title":"uses the bounded family endpoint and omits version for a new activation","duration":11.660200000000032,"failureMessages":[],"meta":{},"tags":[]},{"ancestorTitles":["organization reference catalog API"],"fullName":"organization reference catalog API sends the latest activation version and preserves list pagination","status":"passed","title":"sends the latest activation version and preserves list pagination","duration":2.453100000000177,"failureMessages":[],"meta":{},"tags":[]}],"startTime":1790448112039,"endTime":1790448112053.4531,"status":"passed","message":"","name":"D:/1-webapp/forwarder-dev/phase3-p3-11-explainable-eta/src/lib/organizationReferenceCatalogApi.test.ts"},{"assertionResults":[{"ancestorTitles":["route authoring client contract"],"fullName":"route authoring client contract uses shipment-scoped draft, validation and activation commands","status":"passed","title":"uses shipment-scoped draft, validation and activation commands","duration":6.059700000000021,"failureMessages":[],"meta":{},"tags":[]},{"ancestorTitles":["route authoring client contract"],"fullName":"route authoring client contract keeps Cargo destinations and actual-route facts shipment and plan scoped","status":"passed","title":"keeps Cargo destinations and actual-route facts shipment and plan scoped","duration":1.3071999999999662,"failureMessages":[],"meta":{},"tags":[]},{"ancestorTitles":["route authoring client contract"],"fullName":"route authoring client contract keeps typed location identity and expected versions in structural writes","status":"passed","title":"keeps typed location identity and expected versions in structural writes","duration":1.619899999999916,"failureMessages":[],"meta":{},"tags":[]}],"startTime":1790448107987,"endTime":1790448107995.6199,"status":"passed","message":"","name":"D:/1-webapp/forwarder-dev/phase3-p3-11-explainable-eta/src/lib/routeAuthoringApi.test.ts"},{"assertionResults":[{"ancestorTitles":["existing transport presentation"],"fullName":"existing transport presentation selects the stored request mode for its request scope without mutation","status":"passed","title":"selects the stored request mode for its request scope without mutation","duration":2.4706999999998516,"failureMessages":[],"meta":{},"tags":[]},{"ancestorTitles":["existing transport presentation"],"fullName":"existing transport presentation keeps missing request transport missing instead of assuming road","status":"passed","title":"keeps missing request transport missing instead of assuming road","duration":0.44399999999996,"failureMessages":[],"meta":{},"tags":[]},{"ancestorTitles":["existing transport presentation"],"fullName":"existing transport presentation does not choose between conflicting scoped modes when shipping type is absent","status":"passed","title":"does not choose between conflicting scoped modes when shipping type is absent","duration":16.127500000000055,"failureMessages":[],"meta":{},"tags":[]},{"ancestorTitles":["existing transport presentation"],"fullName":"existing transport presentation preserves actual leg order and repeated modes without creating a combined state","status":"passed","title":"preserves actual leg order and repeated modes without creating a combined state","duration":1.164600000000064,"failureMessages":[],"meta":{},"tags":[]},{"ancestorTitles":["existing transport presentation"],"fullName":"existing transport presentation keeps Combined Request intent independent from concrete route legs","status":"passed","title":"keeps Combined Request intent independent from concrete route legs","duration":0.8676000000000386,"failureMessages":[],"meta":{},"tags":[]}],"startTime":1790448105063,"endTime":1790448105084.8677,"status":"passed","message":"","name":"D:/1-webapp/forwarder-dev/phase3-p3-11-explainable-eta/src/lib/transportPresentation.test.ts"},{"assertionResults":[{"ancestorTitles":["App operational routing"],"fullName":"App operational routing allows organization-scoped users to reach operational routes","status":"passed","title":"allows organization-scoped users to reach operational routes","duration":96.44929999999977,"failureMessages":[],"meta":{},"tags":[]},{"ancestorTitles":["App operational routing"],"fullName":"App operational routing makes the operational workspace available to organization-scoped users","status":"passed","title":"makes the operational workspace available to organization-scoped users","duration":18.632800000000316,"failureMessages":[],"meta":{},"tags":[]},{"ancestorTitles":["App operational routing"],"fullName":"App operational routing blocks a platform admin that has no tenant context","status":"passed","title":"blocks a platform admin that has no tenant context","duration":16.243800000000192,"failureMessages":[],"meta":{},"tags":[]},{"ancestorTitles":["App operational routing"],"fullName":"App operational routing redirects malformed stored authentication state to the public route","status":"passed","title":"redirects malformed stored authentication state to the public route","duration":29.923099999999977,"failureMessages":[],"meta":{},"tags":[]},{"ancestorTitles":["App operational routing"],"fullName":"App operational routing freezes the complete Golden route inventory and catch-all ordering","status":"passed","title":"freezes the complete Golden route inventory and catch-all ordering","duration":3.489900000000034,"failureMessages":[],"meta":{},"tags":[]}],"startTime":1790448094422,"endTime":1790448094586.49,"status":"passed","message":"","name":"D:/1-webapp/forwarder-dev/phase3-p3-11-explainable-eta/src/tests/App.routing.test.tsx"},{"assertionResults":[{"ancestorTitles":["governed shipment-detail business labels"],"fullName":"governed shipment-detail business labels maps persisted names and statuses without leaking unknown technical codes","status":"passed","title":"maps persisted names and statuses without leaking unknown technical codes","duration":62.33310000000006,"failureMessages":[],"meta":{},"tags":[]}],"startTime":1790448095985,"endTime":1790448096047.333,"status":"passed","message":"","name":"D:/1-webapp/forwarder-dev/phase3-p3-11-explainable-eta/src/tests/i18n.business-labels.test.tsx"},{"assertionResults":[{"ancestorTitles":["international destination rules"],"fullName":"international destination rules requires a generic destination city for non-Iran countries","status":"passed","title":"requires a generic destination city for non-Iran countries","duration":2.799400000000105,"failureMessages":[],"meta":{},"tags":[]},{"ancestorTitles":["international destination rules"],"fullName":"international destination rules requires a governed international location for Iran too","status":"passed","title":"requires a governed international location for Iran too","duration":1.2889000000000124,"failureMessages":[],"meta":{},"tags":[]},{"ancestorTitles":["international destination rules"],"fullName":"international destination rules builds a complete city destination only","status":"passed","title":"builds a complete city destination only","duration":1.1955000000000382,"failureMessages":[],"meta":{},"tags":[]},{"ancestorTitles":["international destination rules"],"fullName":"international destination rules builds a complete port destination only","status":"passed","title":"builds a complete port destination only","duration":0.4048999999999978,"failureMessages":[],"meta":{},"tags":[]},{"ancestorTitles":["international destination rules"],"fullName":"international destination rules builds a complete customs destination only","status":"passed","title":"builds a complete customs destination only","duration":0.5010999999999513,"failureMessages":[],"meta":{},"tags":[]},{"ancestorTitles":["international destination rules"],"fullName":"international destination rules omits an incomplete precise destination fragment","status":"passed","title":"omits an incomplete precise destination fragment","duration":0.39180000000010295,"failureMessages":[],"meta":{},"tags":[]}],"startTime":1790448117927,"endTime":1790448117933.5012,"status":"passed","message":"","name":"D:/1-webapp/forwarder-dev/phase3-p3-11-explainable-eta/src/tests/internationalDestination.test.ts"},{"assertionResults":[{"ancestorTitles":["Vite backend target precedence"],"fullName":"Vite backend target precedence prefers an explicit VITE_BACKEND_URL over .backend-port","status":"passed","title":"prefers an explicit VITE_BACKEND_URL over .backend-port","duration":3.7639999999998963,"failureMessages":[],"meta":{},"tags":[]},{"ancestorTitles":["Vite backend target precedence"],"fullName":"Vite backend target precedence uses .backend-port when the explicit variable is absent","status":"passed","title":"uses .backend-port when the explicit variable is absent","duration":0.613700000000108,"failureMessages":[],"meta":{},"tags":[]},{"ancestorTitles":["Vite backend target precedence"],"fullName":"Vite backend target precedence uses the legacy default when neither prior source is usable","status":"passed","title":"uses the legacy default when neither prior source is usable","duration":0.44820000000004256,"failureMessages":[],"meta":{},"tags":[]},{"ancestorTitles":["Vite backend target precedence"],"fullName":"Vite backend target precedence fails closed for invalid explicit target \"\"","status":"passed","title":"fails closed for invalid explicit target \"\"","duration":1.077199999999948,"failureMessages":[],"meta":{},"tags":[]},{"ancestorTitles":["Vite backend target precedence"],"fullName":"Vite backend target precedence fails closed for invalid explicit target \"not-a-url\"","status":"passed","title":"fails closed for invalid explicit target \"not-a-url\"","duration":0.5763000000001739,"failureMessages":[],"meta":{},"tags":[]},{"ancestorTitles":["Vite backend target precedence"],"fullName":"Vite backend target precedence fails closed for invalid explicit target \"ftp://127.0.0.1:49123\"","status":"passed","title":"fails closed for invalid explicit target \"ftp://127.0.0.1:49123\"","duration":0.4758999999999105,"failureMessages":[],"meta":{},"tags":[]},{"ancestorTitles":["Vite backend target precedence"],"fullName":"Vite backend target precedence fails closed for invalid explicit target \"http://user:secret@127.0.0.1:49123\"","status":"passed","title":"fails closed for invalid explicit target \"http://user:secret@127.0.0.1:49123\"","duration":0.42480000000000473,"failureMessages":[],"meta":{},"tags":[]},{"ancestorTitles":["Vite backend target precedence"],"fullName":"Vite backend target precedence fails closed for invalid explicit target \"http://127.0.0.1:49123/api\"","status":"passed","title":"fails closed for invalid explicit target \"http://127.0.0.1:49123/api\"","duration":0.4673000000000229,"failureMessages":[],"meta":{},"tags":[]}],"startTime":1790448114890,"endTime":1790448114898.4673,"status":"passed","message":"","name":"D:/1-webapp/forwarder-dev/phase3-p3-11-explainable-eta/src/tests/viteBackendTarget.test.ts"},{"assertionResults":[{"ancestorTitles":["Control Tower feature adapter"],"fullName":"Control Tower feature adapter preserves D1 facts, missing values, transport distinctions, timestamps, and opaque cursor","status":"passed","title":"preserves D1 facts, missing values, transport distinctions, timestamps, and opaque cursor","duration":4.128799999999956,"failureMessages":[],"meta":{},"tags":[]},{"ancestorTitles":["Control Tower feature adapter"],"fullName":"Control Tower feature adapter maps supported attention and search and passes the cursor without parsing it","status":"passed","title":"maps supported attention and search and passes the cursor without parsing it","duration":1.35129999999981,"failureMessages":[],"meta":{},"tags":[]},{"ancestorTitles":["Control Tower feature adapter"],"fullName":"Control Tower feature adapter requests the bounded default page without optional filters","status":"passed","title":"requests the bounded default page without optional filters","duration":0.48900000000003274,"failureMessages":[],"meta":{},"tags":[]}],"startTime":1790448116374,"endTime":1790448116379.489,"status":"passed","message":"","name":"D:/1-webapp/forwarder-dev/phase3-p3-11-explainable-eta/src/tests/control-tower/api.test.ts"},{"assertionResults":[{"ancestorTitles":["Golden Control Tower operational view"],"fullName":"Golden Control Tower operational view renders the operational D1 facts without collapsing source-of-truth distinctions","status":"passed","title":"renders the operational D1 facts without collapsing source-of-truth distinctions","duration":507.92890000000034,"failureMessages":[],"meta":{},"tags":[]},{"ancestorTitles":["Golden Control Tower operational view"],"fullName":"Golden Control Tower operational view opens the provided existing Shipment Detail destination","status":"passed","title":"opens the provided existing Shipment Detail destination","duration":88.10930000000008,"failureMessages":[],"meta":{},"tags":[]},{"ancestorTitles":["Golden Control Tower operational view"],"fullName":"Golden Control Tower operational view requests server-side attention and text filters and resets to the first page","status":"passed","title":"requests server-side attention and text filters and resets to the first page","duration":206.8711000000003,"failureMessages":[],"meta":{},"tags":[]},{"ancestorTitles":["Golden Control Tower operational view"],"fullName":"Golden Control Tower operational view passes through the opaque cursor and replaces the bounded page","status":"passed","title":"passes through the opaque cursor and replaces the bounded page","duration":138.41939999999977,"failureMessages":[],"meta":{},"tags":[]},{"ancestorTitles":["Golden Control Tower operational view"],"fullName":"Golden Control Tower operational view does not let an older slower response overwrite newer filter results","status":"passed","title":"does not let an older slower response overwrite newer filter results","duration":80.57399999999961,"failureMessages":[],"meta":{},"tags":[]},{"ancestorTitles":["Golden Control Tower operational view"],"fullName":"Golden Control Tower operational view shows explicit loading and empty states","status":"passed","title":"shows explicit loading and empty states","duration":58.252300000000105,"failureMessages":[],"meta":{},"tags":[]},{"ancestorTitles":["Golden Control Tower operational view"],"fullName":"Golden Control Tower operational view warns that an empty stale Attention result is not proof of healthy operations","status":"passed","title":"warns that an empty stale Attention result is not proof of healthy operations","duration":28.148799999999937,"failureMessages":[],"meta":{},"tags":[]},{"ancestorTitles":["Golden Control Tower operational view"],"fullName":"Golden Control Tower operational view fails closed on 503 without Semantic Analytics fallback or stale partial cards","status":"passed","title":"fails closed on 503 without Semantic Analytics fallback or stale partial cards","duration":81.6909999999998,"failureMessages":[],"meta":{},"tags":[]},{"ancestorTitles":["Golden Control Tower operational view"],"fullName":"Golden Control Tower operational view keeps HTTP 401 distinct from an empty result","status":"passed","title":"keeps HTTP 401 distinct from an empty result","duration":22.655800000000454,"failureMessages":[],"meta":{},"tags":[]},{"ancestorTitles":["Golden Control Tower operational view"],"fullName":"Golden Control Tower operational view keeps HTTP 403 distinct from an empty result","status":"passed","title":"keeps HTTP 403 distinct from an empty result","duration":19.4983000000002,"failureMessages":[],"meta":{},"tags":[]},{"ancestorTitles":["Golden Control Tower operational view"],"fullName":"Golden Control Tower operational view represents missing facts as missing instead of fabricating values","status":"passed","title":"represents missing facts as missing instead of fabricating values","duration":65.39649999999983,"failureMessages":[],"meta":{},"tags":[]},{"ancestorTitles":["Golden Control Tower operational view"],"fullName":"Golden Control Tower operational view keeps core content reachable with the existing responsive stacking pattern","status":"passed","title":"keeps core content reachable with the existing responsive stacking pattern","duration":41.209900000000744,"failureMessages":[],"meta":{},"tags":[]}],"startTime":1790447953178,"endTime":1790447954517.21,"status":"passed","message":"","name":"D:/1-webapp/forwarder-dev/phase3-p3-11-explainable-eta/src/tests/control-tower/ControlTowerOperationalView.test.tsx"},{"assertionResults":[{"ancestorTitles":["existing Golden Control Tower route integration"],"fullName":"existing Golden Control Tower route integration uses the dedicated D1 view for the existing no-props route","status":"passed","title":"uses the dedicated D1 view for the existing no-props route","duration":122.53759999999988,"failureMessages":[],"meta":{},"tags":[]}],"startTime":1790448074992,"endTime":1790448075114.5376,"status":"passed","message":"","name":"D:/1-webapp/forwarder-dev/phase3-p3-11-explainable-eta/src/tests/control-tower/OperationsControlTower.integration.test.tsx"},{"assertionResults":[{"ancestorTitles":["Admin Panel document authority contract"],"fullName":"Admin Panel document authority contract keeps global mutation and organization policy in distinct authority-gated tabs","status":"passed","title":"keeps global mutation and organization policy in distinct authority-gated tabs","duration":3.415399999999863,"failureMessages":[],"meta":{},"tags":[]},{"ancestorTitles":["Admin Panel document authority contract"],"fullName":"Admin Panel document authority contract keeps a reporting failure distinct from the valid empty dashboard state","status":"passed","title":"keeps a reporting failure distinct from the valid empty dashboard state","duration":0.6978999999998905,"failureMessages":[],"meta":{},"tags":[]}],"startTime":1790448127718,"endTime":1790448127722.698,"status":"passed","message":"","name":"D:/1-webapp/forwarder-dev/phase3-p3-11-explainable-eta/src/tests/components/AdminPanelDocumentAuthority.test.ts"},{"assertionResults":[{"ancestorTitles":["shared application navigation"],"fullName":"shared application navigation falls back to the canonical authenticated home","status":"passed","title":"falls back to the canonical authenticated home","duration":313.7216000000001,"failureMessages":[],"meta":{},"tags":[]},{"ancestorTitles":["shared application navigation"],"fullName":"shared application navigation uses the canonical admin home","status":"passed","title":"uses the canonical admin home","duration":67.74839999999995,"failureMessages":[],"meta":{},"tags":[]}],"startTime":1790448035973,"endTime":1790448036354.7483,"status":"passed","message":"","name":"D:/1-webapp/forwarder-dev/phase3-p3-11-explainable-eta/src/tests/components/ApplicationNavigation.test.tsx"},{"assertionResults":[{"ancestorTitles":["Cargo allocation trace"],"fullName":"Cargo allocation trace shows stage totals, remaining quantity, non-blocking warnings and correction history","status":"passed","title":"shows stage totals, remaining quantity, non-blocking warnings and correction history","duration":136.88879999999995,"failureMessages":[],"meta":{},"tags":[]},{"ancestorTitles":["Cargo allocation trace"],"fullName":"Cargo allocation trace submits an explicit plan revision with the current version","status":"passed","title":"submits an explicit plan revision with the current version","duration":234.01659999999993,"failureMessages":[],"meta":{},"tags":[]}],"startTime":1790448054909,"endTime":1790448055280.0166,"status":"passed","message":"","name":"D:/1-webapp/forwarder-dev/phase3-p3-11-explainable-eta/src/tests/components/CargoAllocationTraceSection.test.tsx"},{"assertionResults":[{"ancestorTitles":["Cargo ETA private range and history"],"fullName":"Cargo ETA private range and history ensures only when its own panel is opened, shows independent results and distinct times","status":"passed","title":"ensures only when its own panel is opened, shows independent results and distinct times","duration":84.59190000000012,"failureMessages":[],"meta":{},"tags":[]},{"ancestorTitles":["Cargo ETA private range and history"],"fullName":"Cargo ETA private range and history loads bounded history through a pure GET and retains a historical unavailable result","status":"passed","title":"loads bounded history through a pure GET and retains a historical unavailable result","duration":183.0842,"failureMessages":[],"meta":{},"tags":[]},{"ancestorTitles":["Cargo ETA private range and history"],"fullName":"Cargo ETA private range and history rechecks a delayed Customer response and renders only the new authorization revision","status":"passed","title":"rechecks a delayed Customer response and renders only the new authorization revision","duration":17.97939999999994,"failureMessages":[],"meta":{},"tags":[]},{"ancestorTitles":["Cargo ETA private range and history"],"fullName":"Cargo ETA private range and history clears on hide and does not restore cached estimates after a revoked session","status":"passed","title":"clears on hide and does not restore cached estimates after a revoked session","duration":37.58180000000016,"failureMessages":[],"meta":{},"tags":[]},{"ancestorTitles":["Cargo ETA private range and history"],"fullName":"Cargo ETA private range and history discards a late response for a previously selected Cargo","status":"passed","title":"discards a late response for a previously selected Cargo","duration":33.27800000000002,"failureMessages":[],"meta":{},"tags":[]}],"startTime":1790448085783,"endTime":1790448086139.278,"status":"passed","message":"","name":"D:/1-webapp/forwarder-dev/phase3-p3-11-explainable-eta/src/tests/components/CargoEta.test.tsx"},{"assertionResults":[{"ancestorTitles":["Cargo foundation UI"],"fullName":"Cargo foundation UI keeps the accepted plan when actual quantity is edited after a delayed refresh","status":"passed","title":"keeps the accepted plan when actual quantity is edited after a delayed refresh","duration":797.1878000000002,"failureMessages":[],"meta":{},"tags":[]},{"ancestorTitles":["Cargo foundation UI"],"fullName":"Cargo foundation UI opens shipment usage and renders quantity, status, and location","status":"passed","title":"opens shipment usage and renders quantity, status, and location","duration":133.36070000000018,"failureMessages":[],"meta":{},"tags":[]},{"ancestorTitles":["Cargo foundation UI"],"fullName":"Cargo foundation UI renders shipment usage empty and error states","status":"passed","title":"renders shipment usage empty and error states","duration":97.7518,"failureMessages":[],"meta":{},"tags":[]},{"ancestorTitles":["Cargo foundation UI"],"fullName":"Cargo foundation UI reports shipment usage API errors","status":"passed","title":"reports shipment usage API errors","duration":125.96510000000035,"failureMessages":[],"meta":{},"tags":[]},{"ancestorTitles":["Cargo foundation UI"],"fullName":"Cargo foundation UI keeps immutable catalog code read-only during edit and uses governed aliases","status":"passed","title":"keeps immutable catalog code read-only during edit and uses governed aliases","duration":133.7493999999997,"failureMessages":[],"meta":{},"tags":[]},{"ancestorTitles":["Cargo foundation UI"],"fullName":"Cargo foundation UI shows legacy quantity as unknown and records an explicit planned meaning","status":"passed","title":"shows legacy quantity as unknown and records an explicit planned meaning","duration":398.09129999999914,"failureMessages":[],"meta":{},"tags":[]},{"ancestorTitles":["Cargo foundation UI"],"fullName":"Cargo foundation UI creates Request-sourced Cargo with explicit customer and three quantity meanings","status":"passed","title":"creates Request-sourced Cargo with explicit customer and three quantity meanings","duration":288.3201999999992,"failureMessages":[],"meta":{},"tags":[]},{"ancestorTitles":["Cargo foundation UI"],"fullName":"Cargo foundation UI uses explicit Persian quantity allocation and preserves remaining cargo","status":"passed","title":"uses explicit Persian quantity allocation and preserves remaining cargo","duration":262.09389999999985,"failureMessages":[],"meta":{},"tags":[]},{"ancestorTitles":["Cargo foundation UI"],"fullName":"Cargo foundation UI keeps the canonical shipment execution-unit creation path available","status":"passed","title":"keeps the canonical shipment execution-unit creation path available","duration":177.07180000000062,"failureMessages":[],"meta":{},"tags":[]},{"ancestorTitles":["Cargo foundation UI"],"fullName":"Cargo foundation UI blocks only dependent catalog and shipment creation when organization references are missing","status":"passed","title":"blocks only dependent catalog and shipment creation when organization references are missing","duration":158.34100000000035,"failureMessages":[],"meta":{},"tags":[]},{"ancestorTitles":["Cargo foundation UI"],"fullName":"Cargo foundation UI shows only selectable organization-approved options for new shipment cargo","status":"passed","title":"shows only selectable organization-approved options for new shipment cargo","duration":267.64380000000074,"failureMessages":[],"meta":{},"tags":[]},{"ancestorTitles":["Cargo foundation UI"],"fullName":"Cargo foundation UI renders and persists Cargo Owners by unique Customer identity","status":"passed","title":"renders and persists Cargo Owners by unique Customer identity","duration":214.55079999999998,"failureMessages":[],"meta":{},"tags":[]},{"ancestorTitles":["Cargo foundation UI"],"fullName":"Cargo foundation UI qualifies tracking-unit render identity by source domain without masking same-domain duplicates","status":"passed","title":"qualifies tracking-unit render identity by source domain without masking same-domain duplicates","duration":356.1107000000002,"failureMessages":[],"meta":{},"tags":[]}],"startTime":1790447878640,"endTime":1790447882051.1106,"status":"passed","message":"","name":"D:/1-webapp/forwarder-dev/phase3-p3-11-explainable-eta/src/tests/components/CargoFoundation.test.tsx"},{"assertionResults":[{"ancestorTitles":["CaseDocumentsTab"],"fullName":"CaseDocumentsTab renders governed language, capacity, and a multi-select add control","status":"passed","title":"renders governed language, capacity, and a multi-select add control","duration":214.24059999999963,"failureMessages":[],"meta":{},"tags":[]},{"ancestorTitles":["CaseDocumentsTab"],"fullName":"CaseDocumentsTab uploads A/B/C as independent append commands in selection order","status":"passed","title":"uploads A/B/C as independent append commands in selection order","duration":86.32430000000022,"failureMessages":[],"meta":{},"tags":[]},{"ancestorTitles":["CaseDocumentsTab"],"fullName":"CaseDocumentsTab targets exactly the selected current file for replacement","status":"passed","title":"targets exactly the selected current file for replacement","duration":85.87559999999985,"failureMessages":[],"meta":{},"tags":[]},{"ancestorTitles":["CaseDocumentsTab"],"fullName":"CaseDocumentsTab retries only a known failed item and never resubmits successful siblings","status":"passed","title":"retries only a known failed item and never resubmits successful siblings","duration":371.7682,"failureMessages":[],"meta":{},"tags":[]},{"ancestorTitles":["CaseDocumentsTab"],"fullName":"CaseDocumentsTab marks a lost response unknown and offers inspect without Retry","status":"passed","title":"marks a lost response unknown and offers inspect without Retry","duration":111.33019999999988,"failureMessages":[],"meta":{},"tags":[]},{"ancestorTitles":["CaseDocumentsTab"],"fullName":"CaseDocumentsTab preserves Admin read UI while hiding every mutation control","status":"passed","title":"preserves Admin read UI while hiding every mutation control","duration":38.900199999999586,"failureMessages":[],"meta":{},"tags":[]}],"startTime":1790447949076,"endTime":1790447949984.9001,"status":"passed","message":"","name":"D:/1-webapp/forwarder-dev/phase3-p3-11-explainable-eta/src/tests/components/CaseDocumentsTab.test.tsx"},{"assertionResults":[{"ancestorTitles":["Customer access administration"],"fullName":"Customer access administration grants explicitly, reloads current configuration and revokes with history","status":"passed","title":"grants explicitly, reloads current configuration and revokes with history","duration":271.77279999999996,"failureMessages":[],"meta":{},"tags":[]},{"ancestorTitles":["Customer access administration"],"fullName":"Customer access administration shows failed grants without pretending success and preserves the retry command","status":"passed","title":"shows failed grants without pretending success and preserves the retry command","duration":69.1393999999998,"failureMessages":[],"meta":{},"tags":[]}],"startTime":1790448080778,"endTime":1790448081119.1394,"status":"passed","message":"","name":"D:/1-webapp/forwarder-dev/phase3-p3-11-explainable-eta/src/tests/components/CustomerAccessTab.test.tsx"},{"assertionResults":[{"ancestorTitles":["partial cargo deliveries"],"fullName":"partial cargo deliveries accepts excess reality and preserves command key through an uncertain retry","status":"passed","title":"accepts excess reality and preserves command key through an uncertain retry","duration":308.1526000000001,"failureMessages":[],"meta":{},"tags":[]},{"ancestorTitles":["partial cargo deliveries"],"fullName":"partial cargo deliveries shows independent cargo warnings and preserves history in read-only oversight","status":"passed","title":"shows independent cargo warnings and preserves history in read-only oversight","duration":33.697400000000016,"failureMessages":[],"meta":{},"tags":[]},{"ancestorTitles":["partial cargo deliveries"],"fullName":"partial cargo deliveries corrects the selected version and uploads evidence to that exact delivery","status":"passed","title":"corrects the selected version and uploads evidence to that exact delivery","duration":115.34659999999985,"failureMessages":[],"meta":{},"tags":[]}],"startTime":1790448021454,"endTime":1790448021911.3467,"status":"passed","message":"","name":"D:/1-webapp/forwarder-dev/phase3-p3-11-explainable-eta/src/tests/components/DeliverySection.test.tsx"},{"assertionResults":[{"ancestorTitles":["DocumentDefinitionsTab governed catalog"],"fullName":"DocumentDefinitionsTab governed catalog renders bilingual identity, governance distinctions and server filters","status":"passed","title":"renders bilingual identity, governance distinctions and server filters","duration":688.6893,"failureMessages":[],"meta":{},"tags":[]},{"ancestorTitles":["DocumentDefinitionsTab governed catalog"],"fullName":"DocumentDefinitionsTab governed catalog shows detail sections, aliases, provenance and separate statuses","status":"passed","title":"shows detail sections, aliases, provenance and separate statuses","duration":121.44349999999986,"failureMessages":[],"meta":{},"tags":[]},{"ancestorTitles":["DocumentDefinitionsTab governed catalog"],"fullName":"DocumentDefinitionsTab governed catalog distinguishes empty catalog, no results and backend errors","status":"passed","title":"distinguishes empty catalog, no results and backend errors","duration":111.18169999999964,"failureMessages":[],"meta":{},"tags":[]},{"ancestorTitles":["DocumentDefinitionsTab governed catalog"],"fullName":"DocumentDefinitionsTab governed catalog honors expected revision and presents stale-write conflict","status":"passed","title":"honors expected revision and presents stale-write conflict","duration":390.55729999999994,"failureMessages":[],"meta":{},"tags":[]},{"ancestorTitles":["DocumentDefinitionsTab governed catalog"],"fullName":"DocumentDefinitionsTab governed catalog requires an explicit lifecycle confirmation and surfaces activation blocks","status":"passed","title":"requires an explicit lifecycle confirmation and surfaces activation blocks","duration":135.54249999999956,"failureMessages":[],"meta":{},"tags":[]},{"ancestorTitles":["DocumentDefinitionsTab governed catalog"],"fullName":"DocumentDefinitionsTab governed catalog shows creation only to Platform Admin and keeps it absent for Organization Admin","status":"passed","title":"shows creation only to Platform Admin and keeps it absent for Organization Admin","duration":118.94549999999981,"failureMessages":[],"meta":{},"tags":[]},{"ancestorTitles":["DocumentDefinitionsTab governed catalog"],"fullName":"DocumentDefinitionsTab governed catalog validates the compact draft form, prevents duplicate submits, refreshes, and opens the created item","status":"passed","title":"validates the compact draft form, prevents duplicate submits, refreshes, and opens the created item","duration":525.2374,"failureMessages":[],"meta":{},"tags":[]},{"ancestorTitles":["DocumentDefinitionsTab governed catalog"],"fullName":"DocumentDefinitionsTab governed catalog keeps entered values after a create error and does not change existing rows","status":"passed","title":"keeps entered values after a create error and does not change existing rows","duration":302.0697,"failureMessages":[],"meta":{},"tags":[]}],"startTime":1790447912379,"endTime":1790447914773.0696,"status":"passed","message":"","name":"D:/1-webapp/forwarder-dev/phase3-p3-11-explainable-eta/src/tests/components/DocumentDefinitionsTab.test.tsx"},{"assertionResults":[{"ancestorTitles":["shipment document readiness"],"fullName":"shipment document readiness renders Persian concepts, authoritative status counts, and contextual ownership help","status":"passed","title":"renders Persian concepts, authoritative status counts, and contextual ownership help","duration":97.32269999999971,"failureMessages":[],"meta":{},"tags":[]},{"ancestorTitles":["shipment document readiness"],"fullName":"shipment document readiness selects an eligible exact file version instead of requiring an opaque ID","status":"passed","title":"selects an eligible exact file version instead of requiring an opaque ID","duration":201.99980000000005,"failureMessages":[],"meta":{},"tags":[]},{"ancestorTitles":["shipment document readiness"],"fullName":"shipment document readiness shows the empty requirement state","status":"passed","title":"shows the empty requirement state","duration":14.383299999999963,"failureMessages":[],"meta":{},"tags":[]}],"startTime":1790448028906,"endTime":1790448029220.3833,"status":"passed","message":"","name":"D:/1-webapp/forwarder-dev/phase3-p3-11-explainable-eta/src/tests/components/DocumentReadinessSection.test.tsx"},{"assertionResults":[{"ancestorTitles":["ExpertLogin workspace routing"],"fullName":"ExpertLogin workspace routing routes an ordinary expert to the operational workspace","status":"passed","title":"routes an ordinary expert to the operational workspace","duration":1.7015999999998712,"failureMessages":[],"meta":{},"tags":[]},{"ancestorTitles":["ExpertLogin workspace routing"],"fullName":"ExpertLogin workspace routing preserves the existing destination for { authority: 'PLATFORM_ADMIN', role: 'expert' }","status":"passed","title":"preserves the existing destination for { authority: 'PLATFORM_ADMIN', role: 'expert' }","duration":0.30829999999969004,"failureMessages":[],"meta":{},"tags":[]},{"ancestorTitles":["ExpertLogin workspace routing"],"fullName":"ExpertLogin workspace routing preserves the existing destination for { authority: 'ORGANIZATION_ADMIN', role: 'expert' }","status":"passed","title":"preserves the existing destination for { authority: 'ORGANIZATION_ADMIN', role: 'expert' }","duration":0.355199999999968,"failureMessages":[],"meta":{},"tags":[]},{"ancestorTitles":["ExpertLogin workspace routing"],"fullName":"ExpertLogin workspace routing preserves the existing destination for { authority: 'EXPERT', role: 'admin' }","status":"passed","title":"preserves the existing destination for { authority: 'EXPERT', role: 'admin' }","duration":0.3287000000000262,"failureMessages":[],"meta":{},"tags":[]},{"ancestorTitles":["ExpertLogin workspace routing"],"fullName":"ExpertLogin workspace routing preserves the existing destination for { authority: 'EXPERT', role: 'crm_manager' }","status":"passed","title":"preserves the existing destination for { authority: 'EXPERT', role: 'crm_manager' }","duration":0.36380000000008295,"failureMessages":[],"meta":{},"tags":[]},{"ancestorTitles":["ExpertLogin workspace routing"],"fullName":"ExpertLogin workspace routing preserves the existing destination for { authority: 'EXPERT', role: 'business_expert' }","status":"passed","title":"preserves the existing destination for { authority: 'EXPERT', role: 'business_expert' }","duration":0.21439999999984138,"failureMessages":[],"meta":{},"tags":[]},{"ancestorTitles":["ExpertLogin workspace routing"],"fullName":"ExpertLogin workspace routing preserves the existing destination for { authority: 'EXPERT', role: 'supervisor' }","status":"passed","title":"preserves the existing destination for { authority: 'EXPERT', role: 'supervisor' }","duration":0.17020000000002256,"failureMessages":[],"meta":{},"tags":[]}],"startTime":1790448129947,"endTime":1790448129951.2144,"status":"passed","message":"","name":"D:/1-webapp/forwarder-dev/phase3-p3-11-explainable-eta/src/tests/components/ExpertLogin.workspace.test.ts"},{"assertionResults":[{"ancestorTitles":["expert terminology guidance"],"fullName":"expert terminology guidance explains reusable cargo master data without implying shipment creation or unsafe aggregation","status":"passed","title":"explains reusable cargo master data without implying shipment creation or unsafe aggregation","duration":51.352300000000014,"failureMessages":[],"meta":{},"tags":[]},{"ancestorTitles":["expert terminology guidance"],"fullName":"expert terminology guidance explains reusable logistics locations without promising route creation","status":"passed","title":"explains reusable logistics locations without promising route creation","duration":113.78719999999998,"failureMessages":[],"meta":{},"tags":[]}],"startTime":1790448068761,"endTime":1790448068925.787,"status":"passed","message":"","name":"D:/1-webapp/forwarder-dev/phase3-p3-11-explainable-eta/src/tests/components/ExpertTerminology.test.tsx"},{"assertionResults":[{"ancestorTitles":["Global Logistics Network authority"],"fullName":"Global Logistics Network authority gates both navigation and content on PLATFORM_ADMIN authority","status":"passed","title":"gates both navigation and content on PLATFORM_ADMIN authority","duration":2.525899999999865,"failureMessages":[],"meta":{},"tags":[]}],"startTime":1790448137251,"endTime":1790448137253.526,"status":"passed","message":"","name":"D:/1-webapp/forwarder-dev/phase3-p3-11-explainable-eta/src/tests/components/GlobalLogisticsNetworkAuthority.test.ts"},{"assertionResults":[{"ancestorTitles":["Global Logistics Network governance UI"],"fullName":"Global Logistics Network governance UI supports filters, draft creation, opaque detail, and governed actions","status":"passed","title":"supports filters, draft creation, opaque detail, and governed actions","duration":651.1316999999999,"failureMessages":[],"meta":{},"tags":[]},{"ancestorTitles":["Global Logistics Network governance UI"],"fullName":"Global Logistics Network governance UI sends expected versions and confirms deprecation","status":"passed","title":"sends expected versions and confirms deprecation","duration":133.82330000000002,"failureMessages":[],"meta":{},"tags":[]}],"startTime":1790448000448,"endTime":1790448001233.8232,"status":"passed","message":"","name":"D:/1-webapp/forwarder-dev/phase3-p3-11-explainable-eta/src/tests/components/GlobalLogisticsNetworkGovernance.test.tsx"},{"assertionResults":[{"ancestorTitles":[],"fullName":"uses bounded pages and retains the selected identity across page and query changes","status":"passed","title":"uses bounded pages and retains the selected identity across page and query changes","duration":929.3100999999999,"failureMessages":[],"meta":{},"tags":[]},{"ancestorTitles":[],"fullName":"distinguishes lookup failure from an empty search and supports retry","status":"passed","title":"distinguishes lookup failure from an empty search and supports retry","duration":545.8285000000001,"failureMessages":[],"meta":{},"tags":[]},{"ancestorTitles":[],"fullName":"discards a response from a prior country and marks fallback Persian labels honestly","status":"passed","title":"discards a response from a prior country and marks fallback Persian labels honestly","duration":601.3548000000001,"failureMessages":[],"meta":{},"tags":[]}],"startTime":1790447926398,"endTime":1790447928474.3547,"status":"passed","message":"","name":"D:/1-webapp/forwarder-dev/phase3-p3-11-explainable-eta/src/tests/components/InternationalLocationSelector.test.tsx"},{"assertionResults":[{"ancestorTitles":["LoadingSpinner"],"fullName":"LoadingSpinner renders with default props","status":"passed","title":"renders with default props","duration":47.53319999999985,"failureMessages":[],"meta":{},"tags":[]},{"ancestorTitles":["LoadingSpinner"],"fullName":"LoadingSpinner renders with custom text","status":"passed","title":"renders with custom text","duration":16.24240000000009,"failureMessages":[],"meta":{},"tags":[]},{"ancestorTitles":["LoadingSpinner"],"fullName":"LoadingSpinner renders with different sizes","status":"passed","title":"renders with different sizes","duration":10.21770000000015,"failureMessages":[],"meta":{},"tags":[]},{"ancestorTitles":["LoadingSpinner"],"fullName":"LoadingSpinner applies custom className","status":"passed","title":"applies custom className","duration":4.102699999999913,"failureMessages":[],"meta":{},"tags":[]}],"startTime":1790448098099,"endTime":1790448098177.1028,"status":"passed","message":"","name":"D:/1-webapp/forwarder-dev/phase3-p3-11-explainable-eta/src/tests/components/LoadingSpinner.test.tsx"},{"assertionResults":[{"ancestorTitles":["public destination business flow"],"fullName":"public destination business flow offers Combined Transport as one ordinary customer intent choice","status":"passed","title":"offers Combined Transport as one ordinary customer intent choice","duration":1589.4776999999995,"failureMessages":[],"meta":{},"tags":[]},{"ancestorTitles":["public destination business flow"],"fullName":"public destination business flow Iran uses country and InternationalCity without the obsolete step","status":"passed","title":"Iran uses country and InternationalCity without the obsolete step","duration":2373.816,"failureMessages":[],"meta":{},"tags":[]},{"ancestorTitles":["public destination business flow"],"fullName":"public destination business flow Turkey uses country and InternationalCity without the obsolete step","status":"passed","title":"Turkey uses country and InternationalCity without the obsolete step","duration":2415.3801999999996,"failureMessages":[],"meta":{},"tags":[]},{"ancestorTitles":["public destination business flow"],"fullName":"public destination business flow resets and reloads destination from Iran (Tehran)","status":"passed","title":"resets and reloads destination from Iran (Tehran)","duration":2932.1026,"failureMessages":[],"meta":{},"tags":[]},{"ancestorTitles":["public destination business flow"],"fullName":"public destination business flow resets and reloads destination from Turkey (Istanbul)","status":"passed","title":"resets and reloads destination from Turkey (Istanbul)","duration":2798.3213000000014,"failureMessages":[],"meta":{},"tags":[]},{"ancestorTitles":["public destination business flow"],"fullName":"public destination business flow submits multiple optional cargo items without converting exact quantity to Number","status":"passed","title":"submits multiple optional cargo items without converting exact quantity to Number","duration":7182.462800000001,"failureMessages":[],"meta":{},"tags":[]},{"ancestorTitles":["public destination business flow"],"fullName":"public destination business flow keeps an empty voluntarily-added item on the form and blocks submission","status":"passed","title":"keeps an empty voluntarily-added item on the form and blocks submission","duration":2749.4401,"failureMessages":[],"meta":{},"tags":[]}],"startTime":1790447824310,"endTime":1790447846351.4402,"status":"passed","message":"","name":"D:/1-webapp/forwarder-dev/phase3-p3-11-explainable-eta/src/tests/components/LocationForm.destination.test.tsx"},{"assertionResults":[{"ancestorTitles":["RG-08 public Iran destination wiring"],"fullName":"RG-08 public Iran destination wiring does not short-circuit Iran before fetching its governed city options","status":"passed","title":"does not short-circuit Iran before fetching its governed city options","duration":2.4227999999998246,"failureMessages":[],"meta":{},"tags":[]}],"startTime":1790448131883,"endTime":1790448131885.4229,"status":"passed","message":"","name":"D:/1-webapp/forwarder-dev/phase3-p3-11-explainable-eta/src/tests/components/LocationForm.geography.test.ts"},{"assertionResults":[{"ancestorTitles":["Release 1.7.0 logistics network acceptance"],"fullName":"Release 1.7.0 logistics network acceptance covers admin create, update, lifecycle, and probable duplicate confirmation","status":"passed","title":"covers admin create, update, lifecycle, and probable duplicate confirmation","duration":899.3081999999999,"failureMessages":[],"meta":{},"tags":[]},{"ancestorTitles":["Release 1.7.0 logistics network acceptance"],"fullName":"Release 1.7.0 logistics network acceptance selects governed points, assigns role/sequence, reorders, and toggles without free-text master creation","status":"passed","title":"selects governed points, assigns role/sequence, reorders, and toggles without free-text master creation","duration":139.29399999999987,"failureMessages":[],"meta":{},"tags":[]},{"ancestorTitles":["Release 1.7.0 logistics network acceptance"],"fullName":"Release 1.7.0 logistics network acceptance reorders active rows correctly when an inactive row is interleaved","status":"passed","title":"reorders active rows correctly when an inactive row is interleaved","duration":59.55720000000019,"failureMessages":[],"meta":{},"tags":[]}],"startTime":1790447969012,"endTime":1790447970110.5571,"status":"passed","message":"","name":"D:/1-webapp/forwarder-dev/phase3-p3-11-explainable-eta/src/tests/components/LogisticsNetworkAcceptance.test.tsx"},{"assertionResults":[{"ancestorTitles":["MasterDataAdminTab"],"fullName":"MasterDataAdminTab loads, searches, filters, and activates through the reusable grid","status":"passed","title":"loads, searches, filters, and activates through the reusable grid","duration":503.7046999999998,"failureMessages":[],"meta":{},"tags":[]},{"ancestorTitles":["MasterDataAdminTab"],"fullName":"MasterDataAdminTab opens the create dialog with immutable code and bilingual names","status":"passed","title":"opens the create dialog with immutable code and bilingual names","duration":272.8589999999999,"failureMessages":[],"meta":{},"tags":[]},{"ancestorTitles":["MasterDataAdminTab"],"fullName":"MasterDataAdminTab extends central authority to the three Phase 3 reference families","status":"passed","title":"extends central authority to the three Phase 3 reference families","duration":446.3912,"failureMessages":[],"meta":{},"tags":[]}],"startTime":1790447957554,"endTime":1790447958777.391,"status":"passed","message":"","name":"D:/1-webapp/forwarder-dev/phase3-p3-11-explainable-eta/src/tests/components/MasterDataAdminTab.test.tsx"},{"assertionResults":[{"ancestorTitles":["operational actions"],"fullName":"operational actions shows the fixed internal owner and records a versioned follow-up","status":"passed","title":"shows the fixed internal owner and records a versioned follow-up","duration":618.5680000000002,"failureMessages":[],"meta":{},"tags":[]},{"ancestorTitles":["operational actions"],"fullName":"operational actions refreshes exception contexts after an exception is created on the same page","status":"passed","title":"refreshes exception contexts after an exception is created on the same page","duration":141.1635000000001,"failureMessages":[],"meta":{},"tags":[]},{"ancestorTitles":["operational actions"],"fullName":"operational actions keeps existing follow-up available after closure and hides new actions","status":"passed","title":"keeps existing follow-up available after closure and hides new actions","duration":381.58579999999984,"failureMessages":[],"meta":{},"tags":[]}],"startTime":1790447965144,"endTime":1790447966285.5857,"status":"passed","message":"","name":"D:/1-webapp/forwarder-dev/phase3-p3-11-explainable-eta/src/tests/components/OperationalActionsSection.test.tsx"},{"assertionResults":[{"ancestorTitles":["shipment operational conditions"],"fullName":"shipment operational conditions records an explicit delay with a governed reason and reloads authoritative cases","status":"passed","title":"records an explicit delay with a governed reason and reloads authoritative cases","duration":812.8642,"failureMessages":[],"meta":{},"tags":[]},{"ancestorTitles":["shipment operational conditions"],"fullName":"shipment operational conditions keeps resolved history visible and hides commands without the backend capability","status":"passed","title":"keeps resolved history visible and hides commands without the backend capability","duration":48.18109999999979,"failureMessages":[],"meta":{},"tags":[]},{"ancestorTitles":["shipment operational conditions"],"fullName":"shipment operational conditions records and presents the bounded impact and evidence of an exception","status":"passed","title":"records and presents the bounded impact and evidence of an exception","duration":1065.8365999999996,"failureMessages":[],"meta":{},"tags":[]}],"startTime":1790447940193,"endTime":1790447942119.8367,"status":"passed","message":"","name":"D:/1-webapp/forwarder-dev/phase3-p3-11-explainable-eta/src/tests/components/OperationalConditionsSection.test.tsx"},{"assertionResults":[{"ancestorTitles":["operational event location selector"],"fullName":"operational event location selector keeps global references separate and returns exact private identity","status":"passed","title":"keeps global references separate and returns exact private identity","duration":591.9493000000002,"failureMessages":[],"meta":{},"tags":[]},{"ancestorTitles":["operational event location selector"],"fullName":"operational event location selector searches both bounded sources without accepting a tenant id","status":"passed","title":"searches both bounded sources without accepting a tenant id","duration":710.8405000000002,"failureMessages":[],"meta":{},"tags":[]}],"startTime":1790447961338,"endTime":1790447962640.8406,"status":"passed","message":"","name":"D:/1-webapp/forwarder-dev/phase3-p3-11-explainable-eta/src/tests/components/OperationalEventLocationSelector.test.tsx"},{"assertionResults":[{"ancestorTitles":["operational execution initialization preview"],"fullName":"operational execution initialization preview retains the successful preview when an auxiliary read fails","status":"passed","title":"retains the successful preview when an auxiliary read fails","duration":153.57670000000007,"failureMessages":[],"meta":{},"tags":[]}],"startTime":1790448082646,"endTime":1790448082799.5767,"status":"passed","message":"","name":"D:/1-webapp/forwarder-dev/phase3-p3-11-explainable-eta/src/tests/components/OperationalExecutionPreviewIsolation.test.tsx"},{"assertionResults":[{"ancestorTitles":["Operational Execution section"],"fullName":"Operational Execution section renders progress, empty conditions and permission-aware controls","status":"passed","title":"renders progress, empty conditions and permission-aware controls","duration":267.16430000000014,"failureMessages":[],"meta":{},"tags":[]},{"ancestorTitles":["Operational Execution section"],"fullName":"Operational Execution section is read-only when requested","status":"passed","title":"is read-only when requested","duration":14.286699999999655,"failureMessages":[],"meta":{},"tags":[]},{"ancestorTitles":["Operational Execution section"],"fullName":"Operational Execution section hides commands without backend capabilities","status":"passed","title":"hides commands without backend capabilities","duration":14.655299999999897,"failureMessages":[],"meta":{},"tags":[]},{"ancestorTitles":[],"fullName":"uses operational_event.verify independently from manage and correct capabilities","status":"passed","title":"uses operational_event.verify independently from manage and correct capabilities","duration":56.209299999999985,"failureMessages":[],"meta":{},"tags":[]}],"startTime":1790448065005,"endTime":1790448065358.2092,"status":"passed","message":"","name":"D:/1-webapp/forwarder-dev/phase3-p3-11-explainable-eta/src/tests/components/OperationalExecutionSection.test.tsx"},{"assertionResults":[{"ancestorTitles":["OperationsNav tenant customer maintenance"],"fullName":"OperationsNav tenant customer maintenance shows مشتریان for Organization Admin without a legacy CRM role","status":"passed","title":"shows مشتریان for Organization Admin without a legacy CRM role","duration":218.087,"failureMessages":[],"meta":{},"tags":[]},{"ancestorTitles":["OperationsNav tenant customer maintenance"],"fullName":"OperationsNav tenant customer maintenance does not show مشتریان for PLATFORM_ADMIN","status":"passed","title":"does not show مشتریان for PLATFORM_ADMIN","duration":17.480800000000045,"failureMessages":[],"meta":{},"tags":[]},{"ancestorTitles":["OperationsNav tenant customer maintenance"],"fullName":"OperationsNav tenant customer maintenance does not show مشتریان for EXPERT","status":"passed","title":"does not show مشتریان for EXPERT","duration":10.942700000000059,"failureMessages":[],"meta":{},"tags":[]},{"ancestorTitles":["OperationsNav tenant customer maintenance"],"fullName":"OperationsNav tenant customer maintenance freezes permission-driven operational links for an organization admin","status":"passed","title":"freezes permission-driven operational links for an organization admin","duration":31.692199999999957,"failureMessages":[],"meta":{},"tags":[]},{"ancestorTitles":["OperationsNav tenant customer maintenance"],"fullName":"OperationsNav tenant customer maintenance keeps tenant customer maintenance hidden from an Expert with operational permissions","status":"passed","title":"keeps tenant customer maintenance hidden from an Expert with operational permissions","duration":25.389599999999973,"failureMessages":[],"meta":{},"tags":[]},{"ancestorTitles":["OperationsNav tenant customer maintenance"],"fullName":"OperationsNav tenant customer maintenance does not expose the workspace link without shipment read permission","status":"passed","title":"does not expose the workspace link without shipment read permission","duration":11.309799999999996,"failureMessages":[],"meta":{},"tags":[]}],"startTime":1790448070687,"endTime":1790448071001.3098,"status":"passed","message":"","name":"D:/1-webapp/forwarder-dev/phase3-p3-11-explainable-eta/src/tests/components/OperationsNav.test.tsx"},{"assertionResults":[{"ancestorTitles":["OrganizationDocumentPolicyTab"],"fullName":"OrganizationDocumentPolicyTab renders nullable policy safely and saves only the selected global definition","status":"passed","title":"renders nullable policy safely and saves only the selected global definition","duration":256.2789,"failureMessages":[],"meta":{},"tags":[]},{"ancestorTitles":["OrganizationDocumentPolicyTab"],"fullName":"OrganizationDocumentPolicyTab renders a controlled API error","status":"passed","title":"renders a controlled API error","duration":31.37180000000012,"failureMessages":[],"meta":{},"tags":[]}],"startTime":1790448023770,"endTime":1790448024057.3718,"status":"passed","message":"","name":"D:/1-webapp/forwarder-dev/phase3-p3-11-explainable-eta/src/tests/components/OrganizationDocumentPolicyTab.test.tsx"},{"assertionResults":[{"ancestorTitles":["Organization Global Network"],"fullName":"Organization Global Network filters and adds a reference point directly to the organization network","status":"passed","title":"filters and adds a reference point directly to the organization network","duration":467.01039999999966,"failureMessages":[],"meta":{},"tags":[]},{"ancestorTitles":["Organization Global Network"],"fullName":"Organization Global Network updates with adoption version and deactivates","status":"passed","title":"updates with adoption version and deactivates","duration":144.97019999999975,"failureMessages":[],"meta":{},"tags":[]},{"ancestorTitles":["Organization Global Network"],"fullName":"Organization Global Network completes an existing active adoption through the same add action","status":"passed","title":"completes an existing active adoption through the same add action","duration":99.28160000000025,"failureMessages":[],"meta":{},"tags":[]},{"ancestorTitles":["Organization Global Network"],"fullName":"Organization Global Network shows the resulting operational link and no create action","status":"passed","title":"shows the resulting operational link and no create action","duration":75.26389999999992,"failureMessages":[],"meta":{},"tags":[]},{"ancestorTitles":["Organization Global Network"],"fullName":"Organization Global Network renders INACTIVE_FOR_ORGANIZATION lifecycle safely","status":"passed","title":"renders INACTIVE_FOR_ORGANIZATION lifecycle safely","duration":65.11740000000009,"failureMessages":[],"meta":{},"tags":[]},{"ancestorTitles":["Organization Global Network"],"fullName":"Organization Global Network renders PLATFORM_DEPRECATED lifecycle safely","status":"passed","title":"renders PLATFORM_DEPRECATED lifecycle safely","duration":63.16690000000017,"failureMessages":[],"meta":{},"tags":[]},{"ancestorTitles":["Organization Global Network"],"fullName":"Organization Global Network uses a distinct retryable network error state","status":"passed","title":"uses a distinct retryable network error state","duration":24.349499999999807,"failureMessages":[],"meta":{},"tags":[]}],"startTime":1790447979814,"endTime":1790447980753.3496,"status":"passed","message":"","name":"D:/1-webapp/forwarder-dev/phase3-p3-11-explainable-eta/src/tests/components/OrganizationGlobalNetwork.test.tsx"},{"assertionResults":[{"ancestorTitles":["Organization Global Network authority"],"fullName":"Organization Global Network authority keeps the organization reference workflow out of the platform-only shell","status":"passed","title":"keeps the organization reference workflow out of the platform-only shell","duration":3.090599999999995,"failureMessages":[],"meta":{},"tags":[]}],"startTime":1790448135534,"endTime":1790448135537.0906,"status":"passed","message":"","name":"D:/1-webapp/forwarder-dev/phase3-p3-11-explainable-eta/src/tests/components/OrganizationGlobalNetworkAuthority.test.ts"},{"assertionResults":[{"ancestorTitles":["OrganizationReferenceCatalogTab"],"fullName":"OrganizationReferenceCatalogTab activates and deactivates with the refreshed activation version","status":"passed","title":"activates and deactivates with the refreshed activation version","duration":492.86749999999984,"failureMessages":[],"meta":{},"tags":[]},{"ancestorTitles":["OrganizationReferenceCatalogTab"],"fullName":"OrganizationReferenceCatalogTab keeps a centrally inactive definition read-only","status":"passed","title":"keeps a centrally inactive definition read-only","duration":65.44770000000017,"failureMessages":[],"meta":{},"tags":[]},{"ancestorTitles":["OrganizationReferenceCatalogTab"],"fullName":"OrganizationReferenceCatalogTab selects a family and exposes a stable organization-definition search","status":"passed","title":"selects a family and exposes a stable organization-definition search","duration":207.10149999999976,"failureMessages":[],"meta":{},"tags":[]},{"ancestorTitles":["OrganizationReferenceCatalogTab"],"fullName":"OrganizationReferenceCatalogTab renders loading, empty, error, and denied states distinctly","status":"passed","title":"renders loading, empty, error, and denied states distinctly","duration":155.86099999999988,"failureMessages":[],"meta":{},"tags":[]}],"startTime":1790447976463,"endTime":1790447977384.861,"status":"passed","message":"","name":"D:/1-webapp/forwarder-dev/phase3-p3-11-explainable-eta/src/tests/components/OrganizationReferenceCatalogTab.test.tsx"},{"assertionResults":[{"ancestorTitles":["organization SLA rules"],"fullName":"organization SLA rules creates only an explicit organization value and explains the prospective clock","status":"passed","title":"creates only an explicit organization value and explains the prospective clock","duration":523.7427000000002,"failureMessages":[],"meta":{},"tags":[]}],"startTime":1790448062458,"endTime":1790448062981.7427,"status":"passed","message":"","name":"D:/1-webapp/forwarder-dev/phase3-p3-11-explainable-eta/src/tests/components/OrganizationSlaRulesTab.test.tsx"},{"assertionResults":[{"ancestorTitles":["Release 1.8.0 Project Configuration acceptance"],"fullName":"Release 1.8.0 Project Configuration acceptance manages project commodity preferences without presenting an allowlist","status":"passed","title":"manages project commodity prefere
[...]
":[],"meta":{},"tags":[]},{"ancestorTitles":["Slice 5 governed creation"],"fullName":"Slice 5 governed creation associates required errors and focuses the first invalid control","status":"passed","title":"associates required errors and focuses the first invalid control","duration":536.0370999999996,"failureMessages":[],"meta":{},"tags":[]}],"startTime":1790447850640,"endTime":1790447862636.037,"status":"passed","message":"","name":"D:/1-webapp/forwarder-dev/phase3-p3-11-explainable-eta/src/tests/pages/NewOperation.test.tsx"},{"assertionResults":[{"ancestorTitles":["Phase 1A operational pages"],"fullName":"Phase 1A operational pages renders loading then list data and filters","status":"passed","title":"renders loading then list data and filters","duration":521.8105999999998,"failureMessages":[],"meta":{},"tags":[]},{"ancestorTitles":["Phase 1A operational pages"],"fullName":"Phase 1A operational pages renders detail milestones, work and audit sections","status":"passed","title":"renders detail milestones, work and audit sections","duration":234.03369999999995,"failureMessages":[],"meta":{},"tags":[]},{"ancestorTitles":["Phase 1A operational pages"],"fullName":"Phase 1A operational pages renders and resolves a work item","status":"passed","title":"renders and resolves a work item","duration":49.308700000000044,"failureMessages":[],"meta":{},"tags":[]}],"startTime":1790447997072,"endTime":1790447997877.3086,"status":"passed","message":"","name":"D:/1-webapp/forwarder-dev/phase3-p3-11-explainable-eta/src/tests/pages/OperationalPages.test.tsx"},{"assertionResults":[{"ancestorTitles":["Phase 1B shipment detail behavior"],"fullName":"Phase 1B shipment detail behavior clears private detail on focus denial and discards an older delayed route response","status":"passed","title":"clears private detail on focus denial and discards an older delayed route response","duration":594.9964,"failureMessages":[],"meta":{},"tags":[]},{"ancestorTitles":["Phase 1B shipment detail behavior"],"fullName":"Phase 1B shipment detail behavior uses each leg's authoritative departure ID and the operator's edited time","status":"passed","title":"uses each leg's authoritative departure ID and the operator's edited time","duration":657.366,"failureMessages":[],"meta":{},"tags":[]},{"ancestorTitles":["Phase 1B shipment detail behavior"],"fullName":"Phase 1B shipment detail behavior shows arrival only after departure and hides blocked and completed actions","status":"passed","title":"shows arrival only after departure and hides blocked and completed actions","duration":177.53160000000025,"failureMessages":[],"meta":{},"tags":[]},{"ancestorTitles":["Phase 1B shipment detail behavior"],"fullName":"Phase 1B shipment detail behavior shows arrival only after departure and hides cancelled and completed actions","status":"passed","title":"shows arrival only after departure and hides cancelled and completed actions","duration":153.95889999999963,"failureMessages":[],"meta":{},"tags":[]},{"ancestorTitles":["Phase 1B shipment detail behavior"],"fullName":"Phase 1B shipment detail behavior offers the same route action for direct shipments","status":"passed","title":"offers the same route action for direct shipments","duration":157.15720000000056,"failureMessages":[],"meta":{},"tags":[]},{"ancestorTitles":["Phase 1B shipment detail behavior"],"fullName":"Phase 1B shipment detail behavior offers the same route action for accepted_quote shipments","status":"passed","title":"offers the same route action for accepted_quote shipments","duration":175.96630000000005,"failureMessages":[],"meta":{},"tags":[]},{"ancestorTitles":["Phase 1B shipment detail behavior"],"fullName":"Phase 1B shipment detail behavior submits edited checkpoint and correction times without changing verification","status":"passed","title":"submits edited checkpoint and correction times without changing verification","duration":737.3060000000005,"failureMessages":[],"meta":{},"tags":[]},{"ancestorTitles":["Phase 1B shipment detail behavior"],"fullName":"Phase 1B shipment detail behavior keeps occurrence time after a failed command and hides actions without permission","status":"passed","title":"keeps occurrence time after a failed command and hides actions without permission","duration":371.51690000000053,"failureMessages":[],"meta":{},"tags":[]},{"ancestorTitles":["Phase 1B shipment detail behavior"],"fullName":"Phase 1B shipment detail behavior keeps route state readable without report permission","status":"passed","title":"keeps route state readable without report permission","duration":133.26160000000073,"failureMessages":[],"meta":{},"tags":[]},{"ancestorTitles":["Phase 1B shipment detail behavior"],"fullName":"Phase 1B shipment detail behavior renders the detailed timeline and mobile-safe containers","status":"passed","title":"renders the detailed timeline and mobile-safe containers","duration":134.44440000000031,"failureMessages":[],"meta":{},"tags":[]},{"ancestorTitles":["Phase 1B shipment detail behavior"],"fullName":"Phase 1B shipment detail behavior puts the shipment story first and keeps specialist work in more details","status":"passed","title":"puts the shipment story first and keeps specialist work in more details","duration":144.72080000000005,"failureMessages":[],"meta":{},"tags":[]},{"ancestorTitles":["Phase 1B shipment detail behavior"],"fullName":"Phase 1B shipment detail behavior keeps request intent separate from ordered actual route modes","status":"passed","title":"keeps request intent separate from ordered actual route modes","duration":119.01080000000002,"failureMessages":[],"meta":{},"tags":[]},{"ancestorTitles":["Phase 1B shipment detail behavior"],"fullName":"Phase 1B shipment detail behavior renders the same primary detail structure for a direct operation","status":"passed","title":"renders the same primary detail structure for a direct operation","duration":171.76440000000002,"failureMessages":[],"meta":{},"tags":[]},{"ancestorTitles":["Phase 1B shipment detail behavior"],"fullName":"Phase 1B shipment detail behavior keeps initial authoring controls out of an active route and leaves replan separate","status":"passed","title":"keeps initial authoring controls out of an active route and leaves replan separate","duration":144.08539999999994,"failureMessages":[],"meta":{},"tags":[]},{"ancestorTitles":["Phase 1B shipment detail behavior"],"fullName":"Phase 1B shipment detail behavior renders a direct shipment that has not been route-planned yet","status":"passed","title":"renders a direct shipment that has not been route-planned yet","duration":98.33460000000014,"failureMessages":[],"meta":{},"tags":[]},{"ancestorTitles":["Phase 1B shipment detail behavior"],"fullName":"Phase 1B shipment detail behavior offers initial route creation for authorized direct shipments","status":"passed","title":"offers initial route creation for authorized direct shipments","duration":72.83750000000146,"failureMessages":[],"meta":{},"tags":[]},{"ancestorTitles":["Phase 1B shipment detail behavior"],"fullName":"Phase 1B shipment detail behavior offers initial route creation for authorized accepted_quote shipments","status":"passed","title":"offers initial route creation for authorized accepted_quote shipments","duration":63.83329999999842,"failureMessages":[],"meta":{},"tags":[]},{"ancestorTitles":["Phase 1B shipment detail behavior"],"fullName":"Phase 1B shipment detail behavior uses the route UUID for every detail subrequest when the response has no numeric id","status":"passed","title":"uses the route UUID for every detail subrequest when the response has no numeric id","duration":109.30849999999919,"failureMessages":[],"meta":{},"tags":[]},{"ancestorTitles":["Phase 1B shipment detail behavior"],"fullName":"Phase 1B shipment detail behavior does not request anything for an invalid route identity","status":"passed","title":"does not request anything for an invalid route identity","duration":17.75550000000112,"failureMessages":[],"meta":{},"tags":[]},{"ancestorTitles":["Phase 1B shipment detail behavior"],"fullName":"Phase 1B shipment detail behavior stops before subrequests when response public_id disagrees with the route","status":"passed","title":"stops before subrequests when response public_id disagrees with the route","duration":20.74539999999979,"failureMessages":[],"meta":{},"tags":[]},{"ancestorTitles":["Phase 1B shipment detail behavior"],"fullName":"Phase 1B shipment detail behavior reconciles a timeline and reports success","status":"passed","title":"reconciles a timeline and reports success","duration":255.5139999999992,"failureMessages":[],"meta":{},"tags":[]},{"ancestorTitles":["Phase 1B shipment detail behavior"],"fullName":"Phase 1B shipment detail behavior reports a reconciliation no-op","status":"passed","title":"reports a reconciliation no-op","duration":314.78559999999925,"failureMessages":[],"meta":{},"tags":[]},{"ancestorTitles":["Phase 1B shipment detail behavior"],"fullName":"Phase 1B shipment detail behavior sanitizes stale timeline conflicts","status":"passed","title":"sanitizes stale timeline conflicts","duration":260.0066999999999,"failureMessages":[],"meta":{},"tags":[]},{"ancestorTitles":["Phase 1B shipment detail behavior"],"fullName":"Phase 1B shipment detail behavior hides every Phase 1B action without permissions","status":"passed","title":"hides every Phase 1B action without permissions","duration":75.98340000000098,"failureMessages":[],"meta":{},"tags":[]},{"ancestorTitles":["Phase 1B shipment detail behavior"],"fullName":"Phase 1B shipment detail behavior shows reporter controls without verifier or privileged actions","status":"passed","title":"shows reporter controls without verifier or privileged actions","duration":235.86290000000008,"failureMessages":[],"meta":{},"tags":[]},{"ancestorTitles":["Phase 1B shipment detail behavior"],"fullName":"Phase 1B shipment detail behavior shows correction only with the canonical correction permission","status":"passed","title":"shows correction only with the canonical correction permission","duration":172.53729999999996,"failureMessages":[],"meta":{},"tags":[]},{"ancestorTitles":["Phase 1B shipment detail behavior"],"fullName":"Phase 1B shipment detail behavior requires correction and replan reasons","status":"passed","title":"requires correction and replan reasons","duration":278.08669999999984,"failureMessages":[],"meta":{},"tags":[]},{"ancestorTitles":["Phase 1B shipment detail behavior"],"fullName":"Phase 1B shipment detail behavior sends checkpoint version and idempotency keys","status":"passed","title":"sends checkpoint version and idempotency keys","duration":429.2358999999997,"failureMessages":[],"meta":{},"tags":[]},{"ancestorTitles":["Phase 1B shipment detail behavior"],"fullName":"Phase 1B shipment detail behavior renders open/resolved exception history and validates manual resolution","status":"passed","title":"renders open/resolved exception history and validates manual resolution","duration":466.9845000000005,"failureMessages":[],"meta":{},"tags":[]},{"ancestorTitles":["Phase 1B shipment detail behavior"],"fullName":"Phase 1B shipment detail behavior sanitizes 403 command errors","status":"passed","title":"sanitizes 403 command errors","duration":272.7338,"failureMessages":[],"meta":{},"tags":[]},{"ancestorTitles":["Phase 1B shipment detail behavior"],"fullName":"Phase 1B shipment detail behavior sanitizes 404 command errors","status":"passed","title":"sanitizes 404 command errors","duration":255.92269999999917,"failureMessages":[],"meta":{},"tags":[]},{"ancestorTitles":["Phase 1B shipment detail behavior"],"fullName":"Phase 1B shipment detail behavior sanitizes 409 command errors","status":"passed","title":"sanitizes 409 command errors","duration":294.0485000000008,"failureMessages":[],"meta":{},"tags":[]}],"startTime":1790447867175,"endTime":1790447874743.0486,"status":"passed","message":"","name":"D:/1-webapp/forwarder-dev/phase3-p3-11-explainable-eta/src/tests/pages/OperationalShipmentDetail.behavior.test.tsx"},{"assertionResults":[{"ancestorTitles":["OperationalWorkspace"],"fullName":"OperationalWorkspace renders a sourced overview and links every operational item to its shipment","status":"passed","title":"renders a sourced overview and links every operational item to its shipment","duration":669.3393000000001,"failureMessages":[],"meta":{},"tags":[]},{"ancestorTitles":["OperationalWorkspace"],"fullName":"OperationalWorkspace shows honest empty and permission-limited attention states","status":"passed","title":"shows honest empty and permission-limited attention states","duration":40.426600000000235,"failureMessages":[],"meta":{},"tags":[]},{"ancestorTitles":["OperationalWorkspace"],"fullName":"OperationalWorkspace shows the shared stale evaluation warning instead of implying healthy operations","status":"passed","title":"shows the shared stale evaluation warning instead of implying healthy operations","duration":44.57970000000023,"failureMessages":[],"meta":{},"tags":[]},{"ancestorTitles":["OperationalWorkspace"],"fullName":"OperationalWorkspace distinguishes a forbidden response from a temporary loading failure","status":"passed","title":"distinguishes a forbidden response from a temporary loading failure","duration":27.724299999999857,"failureMessages":[],"meta":{},"tags":[]},{"ancestorTitles":["OperationalWorkspace"],"fullName":"OperationalWorkspace recovers through the visible retry action","status":"passed","title":"recovers through the visible retry action","duration":147.33960000000025,"failureMessages":[],"meta":{},"tags":[]}],"startTime":1790448047397,"endTime":1790448048327.3396,"status":"passed","message":"","name":"D:/1-webapp/forwarder-dev/phase3-p3-11-explainable-eta/src/tests/pages/OperationalWorkspace.test.tsx"},{"assertionResults":[{"ancestorTitles":["public request transport summary"],"fullName":"public request transport summary shows the localized request method exactly once and does not leak the raw value","status":"passed","title":"shows the localized request method exactly once and does not leak the raw value","duration":147.86329999999998,"failureMessages":[],"meta":{},"tags":[]},{"ancestorTitles":["public request transport summary"],"fullName":"public request transport summary shows the same safe unavailable state for a numeric public probe","status":"passed","title":"shows the same safe unavailable state for a numeric public probe","duration":18.536299999999983,"failureMessages":[],"meta":{},"tags":[]}],"startTime":1790448088018,"endTime":1790448088184.5364,"status":"passed","message":"","name":"D:/1-webapp/forwarder-dev/phase3-p3-11-explainable-eta/src/tests/pages/PublicTracking.transport.test.tsx"},{"assertionResults":[{"ancestorTitles":["Simple Quote Communication surfaces"],"fullName":"Simple Quote Communication surfaces offers exactly three clear actions and sends only a bounded discussion message","status":"passed","title":"offers exactly three clear actions and sends only a bounded discussion message","duration":1684.9310999999998,"failureMessages":[],"meta":{},"tags":[]},{"ancestorTitles":["Simple Quote Communication surfaces"],"fullName":"Simple Quote Communication surfaces renders persisted discussion safely, with dual-calendar time and no response actions","status":"passed","title":"renders persisted discussion safely, with dual-calendar time and no response actions","duration":74.3744000000006,"failureMessages":[],"meta":{},"tags":[]},{"ancestorTitles":["Simple Quote Communication surfaces"],"fullName":"Simple Quote Communication surfaces does not offer response controls for a terminal Request","status":"passed","title":"does not offer response controls for a terminal Request","duration":74.89080000000013,"failureMessages":[],"meta":{},"tags":[]},{"ancestorTitles":["Simple Quote Communication surfaces"],"fullName":"Simple Quote Communication surfaces shows the expert the discussion, immutable quote history, and official revision action","status":"passed","title":"shows the expert the discussion, immutable quote history, and official revision action","duration":266.3095999999996,"failureMessages":[],"meta":{},"tags":[]}],"startTime":1790447907428,"endTime":1790447909528.3096,"status":"passed","message":"","name":"D:/1-webapp/forwarder-dev/phase3-p3-11-explainable-eta/src/tests/pages/QuoteCommunication.test.tsx"},{"assertionResults":[{"ancestorTitles":["EUR quote presentation"],"fullName":"EUR quote presentation uses the shared B2 money formatter for Customer and Expert views","status":"passed","title":"uses the shared B2 money formatter for Customer and Expert views","duration":367.27620000000024,"failureMessages":[],"meta":{},"tags":[]}],"startTime":1790448060087,"endTime":1790448060454.2761,"status":"passed","message":"","name":"D:/1-webapp/forwarder-dev/phase3-p3-11-explainable-eta/src/tests/pages/QuoteCurrency.role-consistency.test.tsx"},{"assertionResults":[{"ancestorTitles":["retired tracking action reachability"],"fullName":"retired tracking action reachability removes the retired add-unit form while keeping mapped update actions and unit reads","status":"passed","title":"removes the retired add-unit form while keeping mapped update actions and unit reads","duration":732.5859999999998,"failureMessages":[],"meta":{},"tags":[]},{"ancestorTitles":["retired tracking action reachability"],"fullName":"retired tracking action reachability uses a canonical-workflow empty state without restoring a responsive or alternate add action","status":"passed","title":"uses a canonical-workflow empty state without restoring a responsive or alternate add action","duration":343.03600000000006,"failureMessages":[],"meta":{},"tags":[]},{"ancestorTitles":["retired tracking action reachability"],"fullName":"retired tracking action reachability selects a same-tenant private point and submits its governed identity","status":"passed","title":"selects a same-tenant private point and submits its governed identity","duration":1075.1960000000004,"failureMessages":[],"meta":{},"tags":[]}],"startTime":1790447917708,"endTime":1790447919859.196,"status":"passed","message":"","name":"D:/1-webapp/forwarder-dev/phase3-p3-11-explainable-eta/src/tests/pages/RequestDetail.tracking-actions.test.tsx"},{"assertionResults":[{"ancestorTitles":["request transport role consistency"],"fullName":"request transport role consistency shows the same localized stored request fact to Customer and Expert","status":"passed","title":"shows the same localized stored request fact to Customer and Expert","duration":493.0166999999999,"failureMessages":[],"meta":{},"tags":[]}],"startTime":1790448077003,"endTime":1790448077496.0166,"status":"passed","message":"","name":"D:/1-webapp/forwarder-dev/phase3-p3-11-explainable-eta/src/tests/pages/RequestTransport.role-consistency.test.tsx"},{"assertionResults":[{"ancestorTitles":["UserManagement API boundary"],"fullName":"UserManagement API boundary renders users when nullable array fields are absent","status":"passed","title":"renders users when nullable array fields are absent","duration":402.37260000000015,"failureMessages":[],"meta":{},"tags":[]},{"ancestorTitles":["UserManagement API boundary"],"fullName":"UserManagement API boundary explains current workload without implying default least-workload assignment","status":"passed","title":"explains current workload without implying default least-workload assignment","duration":159.9432999999999,"failureMessages":[],"meta":{},"tags":[]},{"ancestorTitles":["UserManagement API boundary"],"fullName":"UserManagement API boundary renders the backend error and status instead of crashing","status":"passed","title":"renders the backend error and status instead of crashing","duration":119.08730000000014,"failureMessages":[],"meta":{},"tags":[]}],"startTime":1790448007004,"endTime":1790448007685.0874,"status":"passed","message":"","name":"D:/1-webapp/forwarder-dev/phase3-p3-11-explainable-eta/src/tests/pages/UserManagement.test.tsx"}]}