<?xml version="1.0" encoding="utf-8"?><testsuites name="pytest tests"><testsuite name="pytest" errors="0" failures="0" skipped="71" tests="923" time="1133.287" timestamp="2026-09-26T19:27:28.051258+03:30" hostname="DESKTOP-NOKA6VQ"><testcase classname="backend.tests.test_admin_panel_read_contract" name="test_admin_shipment_request_detail_and_list_contract" time="2.939" /><testcase classname="backend.tests.test_admin_panel_read_contract" name="test_admin_dashboard_and_assignment_summary_contract" time="0.001"><skipped type="pytest.skip" message="ADR-043: reporting/export remains fail-closed pending a companion decision">D:\1-webapp\forwarder-dev\phase3-p3-13-owner-transfer\backend\tests\test_admin_panel_read_contract.py:307: ADR-043: reporting/export remains fail-closed pending a companion decision</skipped></testcase><testcase classname="backend.tests.test_admin_panel_read_contract" name="test_admin_report_overview_auth_periods_sections_and_exclusions" time="0.001"><skipped type="pytest.skip" message="ADR-043: reporting/export remains fail-closed pending a companion decision">D:\1-webapp\forwarder-dev\phase3-p3-13-owner-transfer\backend\tests\test_admin_panel_read_contract.py:393: ADR-043: reporting/export remains fail-closed pending a companion decision</skipped></testcase><testcase classname="backend.tests.test_admin_panel_read_contract" name="test_admin_report_overview_summary_labels_and_details" time="0.001"><skipped type="pytest.skip" message="ADR-043: reporting/export remains fail-closed pending a companion decision">D:\1-webapp\forwarder-dev\phase3-p3-13-owner-transfer\backend\tests\test_admin_panel_read_contract.py:437: ADR-043: reporting/export remains fail-closed pending a companion decision</skipped></testcase><testcase classname="backend.tests.test_admin_panel_read_contract" name="test_admin_report_overview_empty_report" time="0.001"><skipped type="pytest.skip" message="ADR-043: reporting/export remains fail-closed pending a companion decision">D:\1-webapp\forwarder-dev\phase3-p3-13-owner-transfer\backend\tests\test_admin_panel_read_contract.py:541: ADR-043: reporting/export remains fail-closed pending a companion decision</skipped></testcase><testcase classname="backend.tests.test_admin_panel_read_contract" name="test_admin_report_xlsx_export_auth_periods_headers_and_workbook" time="0.001"><skipped type="pytest.skip" message="ADR-043: reporting/export remains fail-closed pending a companion decision">D:\1-webapp\forwarder-dev\phase3-p3-13-owner-transfer\backend\tests\test_admin_panel_read_contract.py:572: ADR-043: reporting/export remains fail-closed pending a companion decision</skipped></testcase><testcase classname="backend.tests.test_admin_panel_read_contract" name="test_admin_report_xlsx_export_workbook_content" time="0.001"><skipped type="pytest.skip" message="ADR-043: reporting/export remains fail-closed pending a companion decision">D:\1-webapp\forwarder-dev\phase3-p3-13-owner-transfer\backend\tests\test_admin_panel_read_contract.py:604: ADR-043: reporting/export remains fail-closed pending a companion decision</skipped></testcase><testcase classname="backend.tests.test_admin_panel_read_contract" name="test_admin_report_xlsx_export_empty_report" time="0.000"><skipped type="pytest.skip" message="ADR-043: reporting/export remains fail-closed pending a companion decision">D:\1-webapp\forwarder-dev\phase3-p3-13-owner-transfer\backend\tests\test_admin_panel_read_contract.py:666: ADR-043: reporting/export remains fail-closed pending a companion decision</skipped></testcase><testcase classname="backend.tests.test_adr043_reporting_fail_closed" name="test_reporting_and_export_surfaces_deny_experts_under_companion_decision" time="1.606" /><testcase classname="backend.tests.test_alembic_version_table" name="test_historical_long_revision_ids_are_detected_and_graph_has_one_feature_head" time="0.581" /><testcase classname="backend.tests.test_alembic_version_table" name="test_empty_postgresql_creates_only_a_wide_empty_version_table" time="0.007" /><testcase classname="backend.tests.test_alembic_version_table" name="test_existing_short_version_column_is_widened_without_changing_revision" time="0.003" /><testcase classname="backend.tests.test_alembic_version_table" name="test_repeated_execution_is_idempotent_when_capacity_is_sufficient" time="0.002" /><testcase classname="backend.tests.test_alembic_version_table" name="test_multiple_revisions_and_incompatible_schema_fail_closed" time="0.003" /><testcase classname="backend.tests.test_alembic_version_table" name="test_valid_parallel_revision_rows_are_preserved" time="0.003" /><testcase classname="backend.tests.test_alembic_version_table" name="test_sqlite_is_untouched_and_postgresql_ddl_errors_are_not_swallowed" time="0.005" /><testcase classname="backend.tests.test_alembic_version_table" name="test_migration_runners_do_not_stamp_or_rewrite_revision_values" time="0.006" /><testcase classname="backend.tests.test_analytics_foundation" name="test_registry_is_versioned_unique_and_rejects_undefined_metrics" time="1.642" /><testcase classname="backend.tests.test_analytics_foundation" name="test_dashboard_only_user_can_discover_registry_but_cannot_query" time="1.190" /><testcase classname="backend.tests.test_analytics_foundation" name="test_counts_correction_verification_and_replan_are_lineage_safe" time="2.679" /><testcase classname="backend.tests.test_analytics_foundation" name="test_active_leg_metrics_and_null_duration_are_distinct" time="1.516" /><testcase classname="backend.tests.test_analytics_foundation" name="test_tenant_scope_project_filter_and_unsupported_semantic_join" time="1.549" /><testcase classname="backend.tests.test_analytics_foundation" name="test_read_only_http_contract_exposes_registry_and_hides_sql" time="1.402" /><testcase classname="backend.tests.test_analytics_foundation" name="test_registry_contract_is_enforced_for_filters_and_time_grain" time="1.432" /><testcase classname="backend.tests.test_analytics_foundation" name="test_drilldown_reuses_metric_population_and_is_bounded" time="1.421" /><testcase classname="backend.tests.test_analytics_foundation" name="test_post_drilldown_carries_normalized_filters_and_segment" time="1.886" /><testcase classname="backend.tests.test_analytics_foundation" name="test_legacy_get_ignores_a_json_body" time="1.295" /><testcase classname="backend.tests.test_analytics_foundation" name="test_fact_time_filter_does_not_inherit_shipment_created_at" time="1.703" /><testcase classname="backend.tests.test_architecture_governance" name="test_architecture_governance_contracts" time="7.236" /><testcase classname="backend.tests.test_auth.TestAuthManager" name="test_authenticate_user_success" time="2.398" /><testcase classname="backend.tests.test_auth.TestAuthManager" name="test_authenticate_user_invalid_credentials" time="1.712" /><testcase classname="backend.tests.test_auth.TestAuthManager" name="test_authenticate_user_locked_out" time="1.414" /><testcase classname="backend.tests.test_auth.TestAuthManager" name="test_generate_tokens" time="1.411" /><testcase classname="backend.tests.test_auth.TestAuthManager" name="test_refresh_access_token_valid" time="1.492" /><testcase classname="backend.tests.test_auth.TestAuthManager" name="test_refresh_access_token_invalid" time="1.352" /><testcase classname="backend.tests.test_auth.TestSecurityDecorators" name="test_require_auth_decorator" time="0.002" /><testcase classname="backend.tests.test_auth.TestSecurityDecorators" name="test_login_required_decorator" time="0.002" /><testcase classname="backend.tests.test_auth" name="test_auth_endpoints" time="1.004" /><testcase classname="backend.tests.test_auth" name="test_security_headers" time="0.844" /><testcase classname="backend.tests.test_border_customs_seed" name="test_border_customs_seed_helpers_are_idempotent" time="1.269" /><testcase classname="backend.tests.test_cargo_foundation" name="test_alias_normalization_contract[\u064a\u0649\u06cc-\u06cc\u06cc\u06cc]" time="0.003" /><testcase classname="backend.tests.test_cargo_foundation" name="test_alias_normalization_contract[\u0643\u06a9-\u06a9\u06a9]" time="0.002" /><testcase classname="backend.tests.test_cargo_foundation" name="test_alias_normalization_contract[\u06a9\u0627\u0644\u0627\u200c\u200c\u06cc-\u06a9\u0627\u0644\u0627 \u06cc]" time="0.002" /><testcase classname="backend.tests.test_cargo_foundation" name="test_alias_normalization_contract[\u06f1\u06f2\u06f3 \u0664\u0665\u0666-123 456]" time="0.002" /><testcase classname="backend.tests.test_cargo_foundation" name="test_alias_normalization_contract[  Alpha   BETA  -alpha beta]" time="0.002" /><testcase classname="backend.tests.test_cargo_foundation" name="test_alias_normalization_contract[\u06a9\u0627\u0644\u0627 ABC \u06f1\u0662-\u06a9\u0627\u0644\u0627 abc 12]" time="0.002" /><testcase classname="backend.tests.test_cargo_foundation" name="test_alias_normalization_uses_nfc_without_false_merging" time="0.004" /><testcase classname="backend.tests.test_cargo_foundation" name="test_catalog_reference_validation_returns_precise_active_reference_errors" time="0.003" /><testcase classname="backend.tests.test_cargo_foundation" name="test_manual_shipment_item_captures_supplied_creation_snapshot" time="0.004" /><testcase classname="backend.tests.test_cargo_foundation" name="test_cargo_owner_defaults_or_fails_closed_outside_active_tenant" time="0.004" /><testcase classname="backend.tests.test_cargo_foundation" name="test_catalog_linked_creation_captures_catalog_and_master_snapshots" time="0.004" /><testcase classname="backend.tests.test_cargo_foundation" name="test_catalog_linked_creation_keeps_catalog_identity_and_accepts_progressive_details" time="0.004" /><testcase classname="backend.tests.test_cargo_foundation" name="test_ordinary_update_changes_quantity_but_rejects_snapshot_rewrite" time="0.004" /><testcase classname="backend.tests.test_cargo_foundation" name="test_inactive_or_cross_organization_catalog_selection_fails_closed" time="0.003" /><testcase classname="backend.tests.test_cargo_foundation" name="test_version_conflict_and_positive_quantity_validation" time="0.004" /><testcase classname="backend.tests.test_cargo_foundation" name="test_cargo_migration_is_additive_seed_free_and_scoped" time="0.003" /><testcase classname="backend.tests.test_cargo_foundation" name="test_forbidden_capabilities_and_fields_are_absent_from_models_and_routes" time="0.003" /><testcase classname="backend.tests.test_cargo_traceability" name="test_catalog_usage_preserves_lines_counts_filters_and_canonical_location" time="2.003" /><testcase classname="backend.tests.test_cargo_traceability" name="test_catalog_usage_is_empty_cross_tenant_safe_and_requires_active_membership" time="1.318" /><testcase classname="backend.tests.test_cargo_traceability" name="test_traceability_index_is_additive_and_reversible" time="0.003" /><testcase classname="backend.tests.test_case_documents" name="test_storage_root_policy" time="0.014" /><testcase classname="backend.tests.test_case_documents" name="test_format_detection_rejects_spoofs_and_truncation" time="0.008" /><testcase classname="backend.tests.test_case_documents" name="test_admin_definition_validation_authorization_and_deactivation" time="1.242" /><testcase classname="backend.tests.test_case_documents" name="test_snapshot_is_idempotent_and_immutable" time="1.650" /><testcase classname="backend.tests.test_case_documents" name="test_upload_download_delete_security_and_miscellaneous" time="2.747" /><testcase classname="backend.tests.test_case_documents" name="test_replacement_retains_binary_and_versions" time="2.248" /><testcase classname="backend.tests.test_case_documents" name="test_expert_a_cannot_upload_using_case_b_requirement_id" time="2.133" /><testcase classname="backend.tests.test_case_documents" name="test_expert_a_cannot_upload_replacement_for_case_b_file" time="2.055" /><testcase classname="backend.tests.test_case_documents" name="test_expert_a_cannot_download_case_b_active_file" time="2.574" /><testcase classname="backend.tests.test_case_documents" name="test_expert_a_cannot_download_case_b_superseded_version" time="2.243" /><testcase classname="backend.tests.test_case_documents" name="test_expert_a_cannot_list_case_b_version_history" time="2.047" /><testcase classname="backend.tests.test_case_documents" name="test_expert_a_cannot_logically_delete_case_b_file" time="2.417" /><testcase classname="backend.tests.test_case_documents" name="test_expert_a_cannot_use_case_a_route_with_case_b_file_id" time="3.195" /><testcase classname="backend.tests.test_case_documents" name="test_expert_a_cannot_use_case_b_route_with_case_a_requirement_id" time="2.145" /><testcase classname="backend.tests.test_case_documents" name="test_unassigned_expert_cannot_initialize_or_list_case_documents[initialize]" time="1.879" /><testcase classname="backend.tests.test_case_documents" name="test_unassigned_expert_cannot_initialize_or_list_case_documents[list]" time="1.758" /><testcase classname="backend.tests.test_case_documents" name="test_miscellaneous_upload_enforces_case_authorization" time="1.983" /><testcase classname="backend.tests.test_case_documents" name="test_miscellaneous_download_enforces_case_authorization" time="1.504" /><testcase classname="backend.tests.test_case_documents" name="test_guessing_document_id_alone_never_grants_access[active_a]" time="1.509" /><testcase classname="backend.tests.test_case_documents" name="test_guessing_document_id_alone_never_grants_access[superseded_a]" time="2.178" /><testcase classname="backend.tests.test_case_documents" name="test_guessing_document_id_alone_never_grants_access[misc_a]" time="1.489" /><testcase classname="backend.tests.test_case_documents" name="test_organization_admin_can_access_both_cases_under_existing_policy" time="1.505" /><testcase classname="backend.tests.test_case_documents" name="test_unauthenticated_document_access_is_rejected_without_side_effect" time="1.497" /><testcase classname="backend.tests.test_case_documents" name="test_download_audit_commit_failure_fails_closed_without_mutation" time="2.309" /><testcase classname="backend.tests.test_case_documents" name="test_successful_active_and_superseded_download_each_create_exactly_one_audit[active_a]" time="1.692" /><testcase classname="backend.tests.test_case_documents" name="test_successful_active_and_superseded_download_each_create_exactly_one_audit[superseded_a]" time="1.444" /><testcase classname="backend.tests.test_case_documents" name="test_opaque_multi_file_append_targeted_replace_and_history" time="2.712" /><testcase classname="backend.tests.test_case_documents" name="test_admin_platform_and_cross_tenant_mutation_are_denied_without_side_effect[org_admin]" time="3.319" /><testcase classname="backend.tests.test_case_documents" name="test_admin_platform_and_cross_tenant_mutation_are_denied_without_side_effect[admin]" time="2.030" /><testcase classname="backend.tests.test_case_documents" name="test_admin_platform_and_cross_tenant_mutation_are_denied_without_side_effect[foreign]" time="1.531" /><testcase classname="backend.tests.test_case_documents" name="test_inactive_or_revoked_owner_is_denied_at_action_time_without_side_effect[user]" time="1.906" /><testcase classname="backend.tests.test_case_documents" name="test_inactive_or_revoked_owner_is_denied_at_action_time_without_side_effect[membership]" time="1.520" /><testcase classname="backend.tests.test_case_documents" name="test_customer_document_management_surface_is_not_registered" time="0.713" /><testcase classname="backend.tests.test_case_documents_migration" name="test_case_document_migration_is_single_head" time="0.090" /><testcase classname="backend.tests.test_case_documents_schema_parity" name="test_postgresql_migration_matches_dms_orm_schema_exactly" time="0.001"><skipped type="pytest.skip" message="requires explicit DMS_DISPOSABLE_POSTGRES_URL">D:\1-webapp\forwarder-dev\phase3-p3-13-owner-transfer\backend\tests\test_case_documents_schema_parity.py:52: requires explicit DMS_DISPOSABLE_POSTGRES_URL</skipped></testcase><testcase classname="backend.tests.test_control_tower_read_model" name="test_one_shipment_at_most_one_item_and_complete_empty[0]" time="1.178" /><testcase classname="backend.tests.test_control_tower_read_model" name="test_one_shipment_at_most_one_item_and_complete_empty[1]" time="0.994" /><testcase classname="backend.tests.test_control_tower_read_model" name="test_one_shipment_at_most_one_item_and_complete_empty[3]" time="1.049" /><testcase classname="backend.tests.test_control_tower_read_model" name="test_real_sources_enrichment_and_distinct_records_remain_one_card" time="1.999" /><testcase classname="backend.tests.test_control_tower_read_model" name="test_proven_work_duplicates_choose_latest_occurrence_only" time="0.001" /><testcase classname="backend.tests.test_control_tower_read_model" name="test_attention_precedence_overrides_time[REVIEW-FOLLOW_UP]" time="0.001" /><testcase classname="backend.tests.test_control_tower_read_model" name="test_attention_precedence_overrides_time[FOLLOW_UP-URGENT]" time="0.001" /><testcase classname="backend.tests.test_control_tower_read_model" name="test_due_groups_then_earlier_due_then_oldest_onset_and_stable_identity" time="0.001" /><testcase classname="backend.tests.test_control_tower_read_model" name="test_evaluated_time_is_not_open_condition_age" time="0.001" /><testcase classname="backend.tests.test_control_tower_read_model" name="test_comparable_work_severity_then_cross_model_time_without_rank_normalization" time="0.001" /><testcase classname="backend.tests.test_control_tower_read_model" name="test_oip_rank_only_within_identical_policy_and_version" time="0.002" /><testcase classname="backend.tests.test_control_tower_read_model" name="test_active_route_safe_snapshots_and_unambiguous_transport[road-\u062c\u0627\u062f\u0647\u200c\u0627\u06cc]" time="1.181" /><testcase classname="backend.tests.test_control_tower_read_model" name="test_active_route_safe_snapshots_and_unambiguous_transport[rail-\u0631\u06cc\u0644\u06cc]" time="1.185" /><testcase classname="backend.tests.test_control_tower_read_model" name="test_active_route_safe_snapshots_and_unambiguous_transport[sea-\u062f\u0631\u06cc\u0627\u06cc\u06cc]" time="1.142" /><testcase classname="backend.tests.test_control_tower_read_model" name="test_active_route_safe_snapshots_and_unambiguous_transport[air-\u0647\u0648\u0627\u06cc\u06cc]" time="0.878" /><testcase classname="backend.tests.test_control_tower_read_model" name="test_current_continuous_actual_transport_modes[modes0-\u062a\u0631\u06a9\u06cc\u0628\u06cc]" time="1.273" /><testcase classname="backend.tests.test_control_tower_read_model" name="test_current_continuous_actual_transport_modes[modes1-\u062a\u0631\u06a9\u06cc\u0628\u06cc]" time="0.951" /><testcase classname="backend.tests.test_control_tower_read_model" name="test_current_continuous_actual_transport_modes[modes2-\u062a\u0631\u06a9\u06cc\u0628\u06cc]" time="0.959" /><testcase classname="backend.tests.test_control_tower_read_model" name="test_current_continuous_actual_transport_modes[modes3-\u062c\u0627\u062f\u0647\u200c\u0627\u06cc]" time="1.155" /><testcase classname="backend.tests.test_control_tower_read_model" name="test_canonical_tracking_progress_preserves_occurred_and_recorded" time="1.326" /><testcase classname="backend.tests.test_control_tower_read_model" name="test_unknown_and_operational_transport_context_is_omitted[modes0]" time="1.848" /><testcase classname="backend.tests.test_control_tower_read_model" name="test_unknown_and_operational_transport_context_is_omitted[modes1]" time="1.127" /><testcase classname="backend.tests.test_control_tower_read_model" name="test_unknown_and_operational_transport_context_is_omitted[modes2]" time="1.353" /><testcase classname="backend.tests.test_control_tower_read_model" name="test_unknown_and_operational_transport_context_is_omitted[modes3]" time="1.359" /><testcase classname="backend.tests.test_control_tower_read_model" name="test_unknown_and_operational_transport_context_is_omitted[modes4]" time="1.901" /><testcase classname="backend.tests.test_control_tower_read_model" name="test_unknown_and_operational_transport_context_is_omitted[modes5]" time="1.924" /><testcase classname="backend.tests.test_control_tower_read_model" name="test_unknown_and_operational_transport_context_is_omitted[modes6]" time="1.388" /><testcase classname="backend.tests.test_control_tower_read_model" name="test_route_absence_history_and_ambiguity_are_omitted[superseded]" time="1.325" /><testcase classname="backend.tests.test_control_tower_read_model" name="test_route_absence_history_and_ambiguity_are_omitted[draft]" time="1.253" /><testcase classname="backend.tests.test_control_tower_read_model" name="test_route_absence_history_and_ambiguity_are_omitted[cancelled_leg]" time="1.096" /><testcase classname="backend.tests.test_control_tower_read_model" name="test_route_absence_history_and_ambiguity_are_omitted[no_legs]" time="1.388" /><testcase classname="backend.tests.test_control_tower_read_model" name="test_route_absence_history_and_ambiguity_are_omitted[protected_label]" time="1.792" /><testcase classname="backend.tests.test_control_tower_read_model" name="test_route_absence_history_and_ambiguity_are_omitted[protected_multimode]" time="1.100" /><testcase classname="backend.tests.test_control_tower_read_model" name="test_route_absence_history_and_ambiguity_are_omitted[broken_chain]" time="1.216" /><testcase classname="backend.tests.test_control_tower_read_model" name="test_route_absence_history_and_ambiguity_are_omitted[handling]" time="1.468" /><testcase classname="backend.tests.test_control_tower_read_model" name="test_route_absence_history_and_ambiguity_are_omitted[transfer]" time="1.192" /><testcase classname="backend.tests.test_control_tower_read_model" name="test_missing_route_and_historical_plan_not_used" time="1.123" /><testcase classname="backend.tests.test_control_tower_read_model" name="test_shipments_sorted_and_aggregated_before_stable_pagination" time="2.110" /><testcase classname="backend.tests.test_control_tower_read_model" name="test_unauthorized_shipments_do_not_change_cursor_or_order_and_are_not_evaluated" time="1.422" /><testcase classname="backend.tests.test_control_tower_read_model" name="test_cursor_bound_to_actor_and_query_while_data_changes_are_query_time_views" time="1.341" /><testcase classname="backend.tests.test_control_tower_read_model" name="test_source_failure_never_discloses_partial_or_empty_success[active_execution]" time="0.972" /><testcase classname="backend.tests.test_control_tower_read_model" name="test_source_failure_never_discloses_partial_or_empty_success[open_work]" time="1.157" /><testcase classname="backend.tests.test_control_tower_read_model" name="test_source_failure_never_discloses_partial_or_empty_success[readiness]" time="0.971" /><testcase classname="backend.tests.test_control_tower_read_model" name="test_direct_readiness_not_applicable_and_empty_complete" time="1.903" /><testcase classname="backend.tests.test_control_tower_read_model" name="test_request_or_owner_mutation_before_composition_cannot_transfer_scope[direct]" time="0.884" /><testcase classname="backend.tests.test_control_tower_read_model" name="test_request_or_owner_mutation_before_composition_cannot_transfer_scope[accepted_quote]" time="0.823" /><testcase classname="backend.tests.test_control_tower_read_model" name="test_revocation_during_composition_fails_closed[request_assignment]" time="1.276" /><testcase classname="backend.tests.test_control_tower_read_model" name="test_revocation_during_composition_fails_closed[membership]" time="1.114" /><testcase classname="backend.tests.test_control_tower_read_model" name="test_revocation_during_composition_fails_closed[persona]" time="0.961" /><testcase classname="backend.tests.test_control_tower_read_model" name="test_revocation_during_composition_fails_closed[owner_name]" time="1.575" /><testcase classname="backend.tests.test_control_tower_read_model" name="test_earlier_item_revalidated_after_later_shipment_evaluation" time="1.779" /><testcase classname="backend.tests.test_control_tower_read_model" name="test_platform_denied_and_invalid_responsibility_never_empty" time="0.722" /><testcase classname="backend.tests.test_control_tower_read_model" name="test_minimal_presentation_strips_all_source_provenance_and_finance" time="1.213" /><testcase classname="backend.tests.test_control_tower_read_model" name="test_read_only_and_route_queries_bounded_to_authorized_shipments" time="1.369" /><testcase classname="backend.tests.test_control_tower_read_model" name="test_batch_base_reads_are_bounded_once_per_family_not_per_shipment" time="1.264" /><testcase classname="backend.tests.test_control_tower_read_model" name="test_composition_request_owner_route_and_tracking_queries_do_not_scale_per_row" time="2.058" /><testcase classname="backend.tests.test_control_tower_read_model" name="test_batch_readiness_queries_do_not_scale_per_accepted_quote" time="3.110" /><testcase classname="backend.tests.test_control_tower_read_model" name="test_batch_rejects_forged_or_revoked_lineage_before_source_queries" time="1.262" /><testcase classname="backend.tests.test_control_tower_read_model" name="test_batch_query_failure_and_scope_system_failure_are_unavailable" time="0.966" /><testcase classname="backend.tests.test_control_tower_read_model" name="test_scope_query_row_order_does_not_change_completion_or_pagination" time="1.064" /><testcase classname="backend.tests.test_control_tower_scope" name="test_expert_and_admin_eligible_scope_and_resolved_responsibility[planned-accepted_quote]" time="1.010" /><testcase classname="backend.tests.test_control_tower_scope" name="test_expert_and_admin_eligible_scope_and_resolved_responsibility[planned-direct]" time="0.809" /><testcase classname="backend.tests.test_control_tower_scope" name="test_expert_and_admin_eligible_scope_and_resolved_responsibility[in_progress-accepted_quote]" time="1.105" /><testcase classname="backend.tests.test_control_tower_scope" name="test_expert_and_admin_eligible_scope_and_resolved_responsibility[in_progress-direct]" time="0.808" /><testcase classname="backend.tests.test_control_tower_scope" name="test_foreign_and_terminal_shipments_excluded_before_evaluation[accepted_quote]" time="1.442" /><testcase classname="backend.tests.test_control_tower_scope" name="test_foreign_and_terminal_shipments_excluded_before_evaluation[direct]" time="0.969" /><testcase classname="backend.tests.test_control_tower_scope" name="test_request_reassignment_preserves_fixed_owner_scope_and_context" time="1.128" /><testcase classname="backend.tests.test_control_tower_scope" name="test_platform_admin_denied_even_with_accidental_grants[False-permissions0]" time="0.864" /><testcase classname="backend.tests.test_control_tower_scope" name="test_platform_admin_denied_even_with_accidental_grants[True-permissions1]" time="0.690" /><testcase classname="backend.tests.test_control_tower_scope" name="test_platform_admin_denied_even_with_accidental_grants[True-permissions2]" time="0.900" /><testcase classname="backend.tests.test_control_tower_scope" name="test_invalid_responsibility_is_unavailable_without_identity_leak[foreign-accepted_quote]" time="0.728" /><testcase classname="backend.tests.test_control_tower_scope" name="test_invalid_responsibility_is_unavailable_without_identity_leak[foreign-direct]" time="1.088" /><testcase classname="backend.tests.test_control_tower_scope" name="test_invalid_responsibility_is_unavailable_without_identity_leak[inactive-accepted_quote]" time="1.929" /><testcase classname="backend.tests.test_control_tower_scope" name="test_invalid_responsibility_is_unavailable_without_identity_leak[inactive-direct]" time="0.844" /><testcase classname="backend.tests.test_control_tower_scope" name="test_invalid_responsibility_is_unavailable_without_identity_leak[admin_owner-accepted_quote]" time="1.009" /><testcase classname="backend.tests.test_control_tower_scope" name="test_invalid_responsibility_is_unavailable_without_identity_leak[admin_owner-direct]" time="0.922" /><testcase classname="backend.tests.test_control_tower_scope" name="test_invalid_responsibility_is_unavailable_without_identity_leak[platform_owner-accepted_quote]" time="0.970" /><testcase classname="backend.tests.test_control_tower_scope" name="test_invalid_responsibility_is_unavailable_without_identity_leak[platform_owner-direct]" time="0.865" /><testcase classname="backend.tests.test_control_tower_scope" name="test_invalid_responsibility_is_unavailable_without_identity_leak[invalid_persona-accepted_quote]" time="0.916" /><testcase classname="backend.tests.test_control_tower_scope" name="test_invalid_responsibility_is_unavailable_without_identity_leak[invalid_persona-direct]" time="0.786" /><testcase classname="backend.tests.test_control_tower_scope" name="test_invalid_responsibility_is_unavailable_without_identity_leak[revoked_owner_membership-accepted_quote]" time="1.408" /><testcase classname="backend.tests.test_control_tower_scope" name="test_invalid_responsibility_is_unavailable_without_identity_leak[revoked_owner_membership-direct]" time="0.692" /><testcase classname="backend.tests.test_control_tower_scope" name="test_invalid_responsibility_is_unavailable_without_identity_leak[ambiguous_owner_membership-accepted_quote]" time="1.114" /><testcase classname="backend.tests.test_control_tower_scope" name="test_invalid_responsibility_is_unavailable_without_identity_leak[ambiguous_owner_membership-direct]" time="0.862" /><testcase classname="backend.tests.test_control_tower_scope" name="test_broken_request_lineage_has_no_direct_owner_fallback[foreign_root]" time="0.785" /><testcase classname="backend.tests.test_control_tower_scope" name="test_broken_request_lineage_has_no_direct_owner_fallback[uncertified_root]" time="0.844" /><testcase classname="backend.tests.test_control_tower_scope" name="test_broken_request_lineage_has_no_direct_owner_fallback[missing_root]" time="0.814" /><testcase classname="backend.tests.test_control_tower_scope" name="test_live_actor_revocation_denies_scope_and_retained_context[inactive-EXPERT]" time="0.872" /><testcase classname="backend.tests.test_control_tower_scope" name="test_live_actor_revocation_denies_scope_and_retained_context[inactive-ORGANIZATION_ADMIN]" time="1.449" /><testcase classname="backend.tests.test_control_tower_scope" name="test_live_actor_revocation_denies_scope_and_retained_context[membership-EXPERT]" time="0.616" /><testcase classname="backend.tests.test_control_tower_scope" name="test_live_actor_revocation_denies_scope_and_retained_context[membership-ORGANIZATION_ADMIN]" time="0.724" /><testcase classname="backend.tests.test_control_tower_scope" name="test_live_actor_revocation_denies_scope_and_retained_context[organization-EXPERT]" time="0.773" /><testcase classname="backend.tests.test_control_tower_scope" name="test_live_actor_revocation_denies_scope_and_retained_context[organization-ORGANIZATION_ADMIN]" time="0.695" /><testcase classname="backend.tests.test_control_tower_scope" name="test_live_actor_revocation_denies_scope_and_retained_context[ambiguous-EXPERT]" time="0.890" /><testcase classname="backend.tests.test_control_tower_scope" name="test_live_actor_revocation_denies_scope_and_retained_context[ambiguous-ORGANIZATION_ADMIN]" time="0.682" /><testcase classname="backend.tests.test_control_tower_scope" name="test_live_actor_revocation_denies_scope_and_retained_context[persona-EXPERT]" time="0.933" /><testcase classname="backend.tests.test_control_tower_scope" name="test_live_actor_revocation_denies_scope_and_retained_context[persona-ORGANIZATION_ADMIN]" time="1.401" /><testcase classname="backend.tests.test_control_tower_scope" name="test_supplied_persona_role_and_context_fields_cannot_broaden_scope" time="0.812" /><testcase classname="backend.tests.test_control_tower_scope" name="test_admin_retained_context_rechecks_eligibility_and_responsibility[terminal]" time="0.741" /><testcase classname="backend.tests.test_control_tower_scope" name="test_admin_retained_context_rechecks_eligibility_and_responsibility[request_reassignment]" time="0.791" /><testcase classname="backend.tests.test_control_tower_scope" name="test_admin_retained_context_rechecks_eligibility_and_responsibility[inactive_owner]" time="0.682" /><testcase classname="backend.tests.test_control_tower_scope" name="test_admin_retained_context_rechecks_eligibility_and_responsibility[membership]" time="0.922" /><testcase classname="backend.tests.test_control_tower_scope" name="test_admin_retained_context_rechecks_eligibility_and_responsibility[lineage]" time="0.684" /><testcase classname="backend.tests.test_control_tower_scope" name="test_summary_authority_does_not_grant_direct_source_access[EXPERT]" time="0.990" /><testcase classname="backend.tests.test_control_tower_scope" name="test_summary_authority_does_not_grant_direct_source_access[ORGANIZATION_ADMIN]" time="1.779" /><testcase classname="backend.tests.test_control_tower_scope" name="test_boundary_performs_no_source_reads_writes_or_public_payload_projection" time="1.229" /><testcase classname="backend.tests.test_control_tower_scope" name="test_admin_invariant_aborts_whole_scope_and_clean_empty_remains_distinct" time="1.239" /><testcase classname="backend.tests.test_control_tower_scope" name="test_malformed_persisted_actor_authority_is_denied" time="0.932" /><testcase classname="backend.tests.test_control_tower_scope" name="test_invalid_identity_fails_closed[actor0]" time="0.951" /><testcase classname="backend.tests.test_control_tower_scope" name="test_invalid_identity_fails_closed[actor1]" time="1.014" /><testcase classname="backend.tests.test_control_tower_scope" name="test_invalid_identity_fails_closed[actor2]" time="0.957" /><testcase classname="backend.tests.test_control_tower_scope" name="test_revoked_control_tower_capability_denies_expert" time="0.764" /><testcase classname="backend.tests.test_control_tower_scope" name="test_authorized_population_has_no_technical_100_row_ceiling" time="6.255" /><testcase classname="backend.tests.test_cors" name="test_options_provinces_returns_cors_headers" time="0.717" /><testcase classname="backend.tests.test_cors" name="test_options_transport_methods_returns_cors_headers" time="0.637" /><testcase classname="backend.tests.test_credential_policy_verifier" name="test_current_tracked_tree_has_no_executable_default_credentials" time="8.657" /><testcase classname="backend.tests.test_crm_customer_link_contract" name="test_crm_customer_link_search_and_get_require_crm_access" time="1.389" /><testcase classname="backend.tests.test_crm_customer_link_contract" name="test_link_relink_and_unlink_preserve_shipment_operational_state" time="2.448" /><testcase classname="backend.tests.test_crm_customer_link_contract" name="test_crm_customer_link_rejects_invalid_and_missing_targets" time="0.898" /><testcase classname="backend.tests.test_crm_customer_link_contract" name="test_crm_customer_unlink_is_idempotent" time="1.171" /><testcase classname="backend.tests.test_crm_write_contract" name="test_crm_customer_write_endpoints_preserve_response_auth_and_commit" time="3.039" /><testcase classname="backend.tests.test_crm_write_contract" name="test_crm_opportunity_write_endpoint_preserves_response_error_and_commit" time="1.029" /><testcase classname="backend.tests.test_crm_write_contract" name="test_crm_activity_write_endpoint_preserves_response_error_and_commit" time="1.622" /><testcase classname="backend.tests.test_customer_entitlement_postgresql" name="test_postgresql18_legacy_roundtrip_tenant_constraints_and_concurrent_grants" time="0.003"><skipped type="pytest.skip" message="requires owned DN10_POSTGRES_URL">D:\1-webapp\forwarder-dev\phase3-p3-13-owner-transfer\backend\tests\test_customer_entitlement_postgresql.py:27: requires owned DN10_POSTGRES_URL</skipped></testcase><testcase classname="backend.tests.test_customer_portal_account" name="test_registration_login_session_and_change_password_revoke_generation" time="9.642" /><testcase classname="backend.tests.test_customer_portal_account" name="test_legacy_no_password_registration_never_grants_private_authority" time="1.485" /><testcase classname="backend.tests.test_customer_portal_account" name="test_password_signup_fails_closed_without_server_resolved_organization" time="1.322" /><testcase classname="backend.tests.test_customer_portal_account" name="test_forgot_is_enumeration_safe_and_emailed_token_is_single_use" time="4.182" /><testcase classname="backend.tests.test_customer_portal_account" name="test_nonproduction_recovery_suppresses_delivery_and_revokes_token" time="3.029" /><testcase classname="backend.tests.test_customer_portal_account" name="test_unexpected_delivery_boundary_failure_is_safe_and_revokes_token" time="2.475" /><testcase classname="backend.tests.test_customer_portal_account" name="test_private_quote_response_requires_session_csrf_ownership_and_version" time="2.013" /><testcase classname="backend.tests.test_customer_portal_account" name="test_client_supplied_owner_is_not_normalized_or_persisted" time="1.048" /><testcase classname="backend.tests.test_customer_portal_account" name="test_authenticated_account_cannot_cross_hostname_tenant" time="1.049" /><testcase classname="backend.tests.test_customer_portal_account" name="test_enrollment_cannot_be_used_as_an_alternate_reset" time="2.509" /><testcase classname="backend.tests.test_customer_portal_account" name="test_disabled_account_cannot_login_or_use_existing_private_session" time="2.078" /><testcase classname="backend.tests.test_customer_portal_account" name="test_expired_reset_and_single_use_enrollment_tokens" time="2.981" /><testcase classname="backend.tests.test_customer_portal_account" name="test_cross_customer_request_is_nondisclosing_and_pagination_exceeds_five" time="2.027" /><testcase classname="backend.tests.test_customer_portal_account" name="test_organization_admin_support_is_same_org_and_uses_email_for_reset" time="2.457" /><testcase classname="backend.tests.test_customer_quote_response" name="test_customer_can_accept_quote" time="1.337" /><testcase classname="backend.tests.test_customer_quote_response" name="test_customer_can_decline_quote" time="1.479" /><testcase classname="backend.tests.test_customer_quote_response" name="test_invalid_response_is_rejected" time="2.075" /><testcase classname="backend.tests.test_customer_quote_response" name="test_double_response_is_conflict" time="1.520" /><testcase classname="backend.tests.test_customer_quote_response" name="test_expired_quote_cannot_be_answered" time="1.325" /><testcase classname="backend.tests.test_customer_quote_response" name="test_foreign_customer_cannot_answer" time="1.264" /><testcase classname="backend.tests.test_customer_quote_response" name="test_workflow_payload_exposes_quote_response" time="1.620" /><testcase classname="backend.tests.test_customer_quote_response" name="test_numeric_and_invalid_capabilities_have_same_not_found_behavior" time="1.127" /><testcase classname="backend.tests.test_customer_quote_response" name="test_both_legacy_public_quote_writers_are_removed" time="1.145" /><testcase classname="backend.tests.test_customer_quote_response" name="test_private_quote_writer_requires_customer_authentication" time="1.425" /><testcase classname="backend.tests.test_customer_quote_response" name="test_response_is_audited" time="2.097" /><testcase classname="backend.tests.test_customer_quote_response" name="test_canonical_discussion_requires_and_preserves_one_bounded_message" time="1.419" /><testcase classname="backend.tests.test_customer_quote_response" name="test_approve_and_reject_forbid_message_and_use_opaque_quote_identity[accepted]" time="1.491" /><testcase classname="backend.tests.test_customer_quote_response" name="test_approve_and_reject_forbid_message_and_use_opaque_quote_identity[declined]" time="1.365" /><testcase classname="backend.tests.test_customer_quote_response" name="test_exact_discussion_replay_is_idempotent_and_changed_message_conflicts" time="1.405" /><testcase classname="backend.tests.test_customer_quote_response" name="test_wrong_customer_foreign_and_unknown_quote_are_non_disclosing" time="1.472" /><testcase classname="backend.tests.test_customer_quote_response" name="test_removed_customer_relationship_revokes_the_response_capability" time="2.737" /><testcase classname="backend.tests.test_customer_quote_response" name="test_revised_quote_is_new_current_object_and_prior_discussion_stays_history" time="2.048" /><testcase classname="backend.tests.test_customer_quote_response" name="test_expired_terminal_combined_zero_and_multi_cargo_contracts" time="1.648" /><testcase classname="backend.tests.test_customer_quote_response" name="test_public_tracking_never_exposes_private_discussion_message" time="1.528" /><testcase classname="backend.tests.test_customer_tenant_maintenance" name="test_tenant_customer_create_list_search_selector_and_direct_roundtrip" time="1.599" /><testcase classname="backend.tests.test_customer_tenant_maintenance" name="test_customer_maintenance_rejects_platform_and_ordinary_users" time="1.310" /><testcase classname="backend.tests.test_customer_tenant_maintenance" name="test_customer_maintenance_fails_closed_without_exactly_one_membership" time="1.666" /><testcase classname="backend.tests.test_customer_tenant_maintenance" name="test_direct_shipment_foreign_customer_is_hidden_and_creates_nothing" time="1.352" /><testcase classname="backend.tests.test_dashboard_openapi_contract" name="test_corrective_routes_match_checked_in_openapi_methods" time="4.684" /><testcase classname="backend.tests.test_dashboard_openapi_contract" name="test_frontend_client_calls_the_same_dashboard_contract" time="0.004" /><testcase classname="backend.tests.test_data_integrity_migration_portability" name="test_boolean_predicates_are_native_for_postgresql_and_compatible_with_sqlite" time="0.003" /><testcase classname="backend.tests.test_data_integrity_migration_portability" name="test_migration_uses_partial_indexes_with_matching_downgrade" time="0.002" /><testcase classname="backend.tests.test_document_catalog" name="test_legacy_projection_and_platform_authority" time="0.909" /><testcase classname="backend.tests.test_document_catalog" name="test_metadata_relations_search_collision_idempotency_and_non_regression" time="0.838" /><testcase classname="backend.tests.test_document_catalog" name="test_alias_collision_revision_and_family_validation" time="1.044" /><testcase classname="backend.tests.test_document_catalog" name="test_lifecycle_activation_gate_and_deprecation" time="0.831" /><testcase classname="backend.tests.test_event_location_postgresql" name="test_canonical_event_location_journey_immutability_tenant_fence_and_legacy_delta" time="0.000"><skipped type="pytest.skip" message="requires runner-owned disposable PostgreSQL">D:\1-webapp\forwarder-dev\phase3-p3-13-owner-transfer\backend\tests\test_event_location_postgresql.py:29: requires runner-owned disposable PostgreSQL</skipped></testcase><testcase classname="backend.tests.test_execution_authority_3a" name="test_report_verify_correct_idempotency_and_atomic_chronology" time="2.692" /><testcase classname="backend.tests.test_execution_authority_3a" name="test_departure_sequence_and_competing_roots" time="1.111" /><testcase classname="backend.tests.test_execution_authority_3a" name="test_leg_guard_and_explicit_shipment_cancel[blocked]" time="1.091" /><testcase classname="backend.tests.test_execution_authority_3a" name="test_leg_guard_and_explicit_shipment_cancel[cancelled]" time="0.991" /><testcase classname="backend.tests.test_execution_authority_3a" name="test_zero_multileg_and_cancelled_denominator" time="1.206" /><testcase classname="backend.tests.test_execution_authority_3a" name="test_checkpoint_actuals_without_verification_and_correction" time="1.585" /><testcase classname="backend.tests.test_execution_authority_3a" name="test_generic_event_audit_replay_and_manual_route_guard" time="1.803" /><testcase classname="backend.tests.test_execution_authority_3a" name="test_tracking_and_execution_unit_delivered_do_not_advance_route" time="0.963" /><testcase classname="backend.tests.test_execution_authority_3a" name="test_invalid_decision_target_and_stale_correction" time="1.271" /><testcase classname="backend.tests.test_execution_authority_3a" name="test_checkpoint_departure_requires_reported_arrival" time="1.197" /><testcase classname="backend.tests.test_execution_authority_3a" name="test_http_event_idempotency_header_is_respected" time="0.963" /><testcase classname="backend.tests.test_expert_assignment_referral_contract" name="test_expert_auth_login_refresh_logout_contract" time="2.060" /><testcase classname="backend.tests.test_expert_assignment_referral_contract" name="test_expert_request_read_contracts_and_access_errors" time="2.525" /><testcase classname="backend.tests.test_expert_assignment_referral_contract" name="test_expert_request_list_filters_visibility_and_order_contract" time="1.695" /><testcase classname="backend.tests.test_expert_assignment_referral_contract" name="test_expert_request_filters_and_kpis_use_canonical_status_only" time="1.357" /><testcase classname="backend.tests.test_expert_assignment_referral_contract" name="test_expert_message_contracts_access_creation_and_listing" time="1.425" /><testcase classname="backend.tests.test_expert_assignment_referral_contract" name="test_expert_assignment_contracts_access_not_found_and_side_effects" time="1.469" /><testcase classname="backend.tests.test_expert_assignment_referral_contract" name="test_expert_assignment_status_quote_message_notification_contracts" time="1.786" /><testcase classname="backend.tests.test_expert_assignment_referral_contract" name="test_expert_notification_contracts_scope_order_and_mark_read" time="1.387" /><testcase classname="backend.tests.test_expert_assignment_referral_contract" name="test_referral_rule_crud_contracts" time="2.592" /><testcase classname="backend.tests.test_expert_assignment_referral_contract" name="test_referral_engine_uses_matching_active_referral_rule" time="2.156" /><testcase classname="backend.tests.test_expert_assignment_referral_contract" name="test_referral_engine_falls_back_when_no_referral_rule_matches" time="2.192" /><testcase classname="backend.tests.test_expert_assignment_referral_contract" name="test_assignment_engine_sets_once_and_no_candidate_leaves_null" time="2.210" /><testcase classname="backend.tests.test_expert_assignment_referral_contract" name="test_referral_preview_does_not_set_deadline" time="1.403" /><testcase classname="backend.tests.test_expert_assignment_referral_contract" name="test_public_request_creation_does_not_use_tenant_round_robin_before_ownership" time="1.521" /><testcase classname="backend.tests.test_expert_assignment_referral_contract" name="test_public_request_creation_with_inactive_expert_still_waits_for_tenant" time="1.517" /><testcase classname="backend.tests.test_expert_assignment_referral_contract" name="test_public_request_creation_remains_unassigned_when_no_active_expert_exists" time="1.521" /><testcase classname="backend.tests.test_expert_assignment_referral_contract" name="test_public_request_creation_waits_for_certified_tenant_before_referral" time="1.345" /><testcase classname="backend.tests.test_expert_assignment_referral_contract" name="test_assignment_and_referral_rule_read_and_manual_assignment_contracts" time="2.127" /><testcase classname="backend.tests.test_expert_assignment_referral_contract" name="test_user_management_manual_assignment_fix_contract" time="1.937" /><testcase classname="backend.tests.test_expert_assignment_referral_contract" name="test_api_reassignment_revokes_old_expert_immediately" time="1.899" /><testcase classname="backend.tests.test_expert_assignment_referral_contract" name="test_golden_new_request_counter_and_list_share_scope_through_mutations" time="2.079" /><testcase classname="backend.tests.test_expert_assignment_referral_contract" name="test_phase_b4_canonical_population_covers_filters_pagination_tenants_and_revocation" time="2.546" /><testcase classname="backend.tests.test_expert_service_scope" name="test_automatic_assignment_filters_scope_before_round_robin" time="1.265" /><testcase classname="backend.tests.test_expert_service_scope" name="test_no_eligible_expert_leaves_request_unassigned" time="1.304" /><testcase classname="backend.tests.test_expert_service_scope" name="test_manual_assignment_rejects_incompatible_expert" time="1.968" /><testcase classname="backend.tests.test_expert_service_scope" name="test_active_expert_requires_at_least_one_scope" time="1.107" /><testcase classname="backend.tests.test_expert_service_scope" name="test_existing_expert_defaults_to_hybrid" time="1.447" /><testcase classname="backend.tests.test_external_operational_references" name="test_shipment_eligible_types_are_catalog_driven" time="0.705" /><testcase classname="backend.tests.test_external_operational_references" name="test_owner_applicability_tenant_fence_and_uniqueness" time="0.685" /><testcase classname="backend.tests.test_external_operational_references" name="test_unit_none_uniqueness_supersession_cancellation_and_active_projection" time="0.863" /><testcase classname="backend.tests.test_external_operational_references" name="test_tenant_uniqueness_search_and_non_enumeration" time="0.652" /><testcase classname="backend.tests.test_external_operational_references" name="test_exact_document_version_and_lineage" time="0.789" /><testcase classname="backend.tests.test_external_operational_references" name="test_api_surface_is_internal_and_body_organization_is_ignored" time="0.664" /><testcase classname="backend.tests.test_external_reference_type_cli" name="test_cli_creates_only_authoritative_types_and_is_idempotent" time="1.644" /><testcase classname="backend.tests.test_external_reference_type_cli" name="test_cli_rejects_non_platform_admin_without_writes" time="1.833" /><testcase classname="backend.tests.test_fe2_races_postgresql" name="test_race_01_duplicate_estimate_creation" time="0.002"><skipped type="pytest.skip" message="explicit disposable FE-2 PostgreSQL URL not provided">D:\1-webapp\forwarder-dev\phase3-p3-13-owner-transfer\backend\tests\test_fe2_races_postgresql.py:118: explicit disposable FE-2 PostgreSQL URL not provided</skipped></testcase><testcase classname="backend.tests.test_fe2_races_postgresql" name="test_race_02_estimate_correction_vs_new_estimate" time="0.002"><skipped type="pytest.skip" message="explicit disposable FE-2 PostgreSQL URL not provided">D:\1-webapp\forwarder-dev\phase3-p3-13-owner-transfer\backend\tests\test_fe2_races_postgresql.py:126: explicit disposable FE-2 PostgreSQL URL not provided</skipped></testcase><testcase classname="backend.tests.test_fe2_races_postgresql" name="test_race_03_competing_commitment_writes" time="0.002"><skipped type="pytest.skip" message="explicit disposable FE-2 PostgreSQL URL not provided">D:\1-webapp\forwarder-dev\phase3-p3-13-owner-transfer\backend\tests\test_fe2_races_postgresql.py:132: explicit disposable FE-2 PostgreSQL URL not provided</skipped></testcase><testcase classname="backend.tests.test_fe2_races_postgresql" name="test_race_04_commitment_correction_vs_actual_creation" time="0.002"><skipped type="pytest.skip" message="explicit disposable FE-2 PostgreSQL URL not provided">D:\1-webapp\forwarder-dev\phase3-p3-13-owner-transfer\backend\tests\test_fe2_races_postgresql.py:138: explicit disposable FE-2 PostgreSQL URL not provided</skipped></testcase><testcase classname="backend.tests.test_fe2_races_postgresql" name="test_race_05_actual_creation_vs_actual_correction" time="0.001"><skipped type="pytest.skip" message="explicit disposable FE-2 PostgreSQL URL not provided">D:\1-webapp\forwarder-dev\phase3-p3-13-owner-transfer\backend\tests\test_fe2_races_postgresql.py:144: explicit disposable FE-2 PostgreSQL URL not provided</skipped></testcase><testcase classname="backend.tests.test_fe2_races_postgresql" name="test_race_06_simultaneous_actual_additions" time="0.002"><skipped type="pytest.skip" message="explicit disposable FE-2 PostgreSQL URL not provided">D:\1-webapp\forwarder-dev\phase3-p3-13-owner-transfer\backend\tests\test_fe2_races_postgresql.py:149: explicit disposable FE-2 PostgreSQL URL not provided</skipped></testcase><testcase classname="backend.tests.test_fe2_races_postgresql" name="test_race_07_economic_line_stale_version_write" time="0.002"><skipped type="pytest.skip" message="explicit disposable FE-2 PostgreSQL URL not provided">D:\1-webapp\forwarder-dev\phase3-p3-13-owner-transfer\backend\tests\test_fe2_races_postgresql.py:157: explicit disposable FE-2 PostgreSQL URL not provided</skipped></testcase><testcase classname="backend.tests.test_fe2_races_postgresql" name="test_race_08_concurrent_fx_creation_and_immutable_observation_binding" time="0.002"><skipped type="pytest.skip" message="explicit disposable FE-2 PostgreSQL URL not provided">D:\1-webapp\forwarder-dev\phase3-p3-13-owner-transfer\backend\tests\test_fe2_races_postgresql.py:164: explicit disposable FE-2 PostgreSQL URL not provided</skipped></testcase><testcase classname="backend.tests.test_fe2_races_postgresql" name="test_race_09_fx_binding_vs_observation_creation" time="0.002"><skipped type="pytest.skip" message="explicit disposable FE-2 PostgreSQL URL not provided">D:\1-webapp\forwarder-dev\phase3-p3-13-owner-transfer\backend\tests\test_fe2_races_postgresql.py:176: explicit disposable FE-2 PostgreSQL URL not provided</skipped></testcase><testcase classname="backend.tests.test_fe2_races_postgresql" name="test_race_10_evidence_bearing_correction_vs_competing_mutation" time="0.002"><skipped type="pytest.skip" message="explicit disposable FE-2 PostgreSQL URL not provided">D:\1-webapp\forwarder-dev\phase3-p3-13-owner-transfer\backend\tests\test_fe2_races_postgresql.py:188: explicit disposable FE-2 PostgreSQL URL not provided</skipped></testcase><testcase classname="backend.tests.test_fe2_races_postgresql" name="test_race_11_projection_read_vs_concurrent_economic_mutation" time="0.002"><skipped type="pytest.skip" message="explicit disposable FE-2 PostgreSQL URL not provided">D:\1-webapp\forwarder-dev\phase3-p3-13-owner-transfer\backend\tests\test_fe2_races_postgresql.py:199: explicit disposable FE-2 PostgreSQL URL not provided</skipped></testcase><testcase classname="backend.tests.test_fe2_races_postgresql" name="test_race_12_same_idempotency_key_same_payload" time="0.002"><skipped type="pytest.skip" message="explicit disposable FE-2 PostgreSQL URL not provided">D:\1-webapp\forwarder-dev\phase3-p3-13-owner-transfer\backend\tests\test_fe2_races_postgresql.py:208: explicit disposable FE-2 PostgreSQL URL not provided</skipped></testcase><testcase classname="backend.tests.test_fe2_races_postgresql" name="test_race_13_same_idempotency_key_changed_payload" time="0.002"><skipped type="pytest.skip" message="explicit disposable FE-2 PostgreSQL URL not provided">D:\1-webapp\forwarder-dev\phase3-p3-13-owner-transfer\backend\tests\test_fe2_races_postgresql.py:215: explicit disposable FE-2 PostgreSQL URL not provided</skipped></testcase><testcase classname="backend.tests.test_fe2_races_postgresql" name="test_race_14_cross_tenant_concurrent_access" time="0.002"><skipped type="pytest.skip" message="explicit disposable FE-2 PostgreSQL URL not provided">D:\1-webapp\forwarder-dev\phase3-p3-13-owner-transfer\backend\tests\test_fe2_races_postgresql.py:221: explicit disposable FE-2 PostgreSQL URL not provided</skipped></testcase><testcase classname="backend.tests.test_fixed_shipment_owner_postgresql" name="test_fixed_owner_migration_reconciles_only_exact_quote_lineage_and_is_reversible" time="0.002"><skipped type="pytest.skip" message="owned disposable fixed-owner PostgreSQL URL required">D:\1-webapp\forwarder-dev\phase3-p3-13-owner-transfer\backend\tests\test_fixed_shipment_owner_postgresql.py:43: owned disposable fixed-owner PostgreSQL URL required</skipped></testcase><testcase classname="backend.tests.test_fixed_shipment_owner_postgresql" name="test_fixed_owner_migration_refuses_ambiguous_or_conflicting_history[missing_accepted_lineage-CONFLICTING_ACCEPTED_QUOTE_LINEAGE]" time="0.001"><skipped type="pytest.skip" message="owned disposable fixed-owner PostgreSQL URL required">D:\1-webapp\forwarder-dev\phase3-p3-13-owner-transfer\backend\tests\test_fixed_shipment_owner_postgresql.py:43: owned disposable fixed-owner PostgreSQL URL required</skipped></testcase><testcase classname="backend.tests.test_fixed_shipment_owner_postgresql" name="test_fixed_owner_migration_refuses_ambiguous_or_conflicting_history[persisted_conflict-PERSISTED_OWNER_CONFLICT]" time="0.001"><skipped type="pytest.skip" message="owned disposable fixed-owner PostgreSQL URL required">D:\1-webapp\forwarder-dev\phase3-p3-13-owner-transfer\backend\tests\test_fixed_shipment_owner_postgresql.py:43: owned disposable fixed-owner PostgreSQL URL required</skipped></testcase><testcase classname="backend.tests.test_fixed_shipment_owner_postgresql" name="test_quote_creation_racing_request_reassignment_keeps_quote_issuer_owner" time="0.001"><skipped type="pytest.skip" message="owned disposable fixed-owner PostgreSQL URL required">D:\1-webapp\forwarder-dev\phase3-p3-13-owner-transfer\backend\tests\test_fixed_shipment_owner_postgresql.py:43: owned disposable fixed-owner PostgreSQL URL required</skipped></testcase><testcase classname="backend.tests.test_global_logistics_point_adoption_migration" name="test_adoption_is_sole_additive_head_and_has_retained_data_guard" time="0.105" /><testcase classname="backend.tests.test_global_logistics_point_adoptions_postgresql" name="test_postgresql_two_tenant_adoption_constraints_and_lifecycle" time="0.001"><skipped type="pytest.skip" message="requires explicit disposable PostgreSQL URL">D:\1-webapp\forwarder-dev\phase3-p3-13-owner-transfer\backend\tests\test_global_logistics_point_adoptions_postgresql.py:17: requires explicit disposable PostgreSQL URL</skipped></testcase><testcase classname="backend.tests.test_global_logistics_point_catalog_v1" name="test_catalog_v1_is_deterministic_bounded_and_reconciles_exact_legacy_64" time="0.013" /><testcase classname="backend.tests.test_global_logistics_point_catalog_v1" name="test_catalog_v1_validator_rejects_duplicates_invalid_values_and_missing_provenance" time="0.014" /><testcase classname="backend.tests.test_global_logistics_point_catalog_v1" name="test_catalog_v1_all_candidates_create_as_draft_through_governance_service" time="0.001"><skipped type="pytest.skip" message="requires explicit Catalog V1 disposable PostgreSQL URL">D:\1-webapp\forwarder-dev\phase3-p3-13-owner-transfer\backend\tests\test_global_logistics_point_catalog_v1.py:60: requires explicit Catalog V1 disposable PostgreSQL URL</skipped></testcase><testcase classname="backend.tests.test_global_logistics_point_materialization_migration" name="test_materialization_is_sole_additive_head_and_bounded" time="0.124" /><testcase classname="backend.tests.test_global_logistics_points_postgresql" name="test_migrated_postgresql_governance_lifecycle_and_constraints" time="0.001"><skipped type="pytest.skip" message="requires explicit disposable PostgreSQL URL">D:\1-webapp\forwarder-dev\phase3-p3-13-owner-transfer\backend\tests\test_global_logistics_points_postgresql.py:17: requires explicit disposable PostgreSQL URL</skipped></testcase><testcase classname="backend.tests.test_health_provinces_transport" name="test_health_returns_200_when_db_connected" time="0.674" /><testcase classname="backend.tests.test_health_provinces_transport" name="test_health_ping_returns_200" time="0.650" /><testcase classname="backend.tests.test_health_provinces_transport" name="test_provinces_returns_200_empty_list" time="0.686" /><testcase classname="backend.tests.test_health_provinces_transport" name="test_transport_methods_returns_200_empty_lists" time="0.577" /><testcase classname="backend.tests.test_health_provinces_transport" name="test_provinces_returns_data_when_seeded" time="0.661" /><testcase classname="backend.tests.test_health_provinces_transport" name="test_transport_methods_returns_data_when_seeded" time="0.653" /><testcase classname="backend.tests.test_international_reference_reconciliation" name="test_reconciliation_repairs_partial_iran_seed_without_reactivating_existing_records" time="0.763" /><testcase classname="backend.tests.test_iran_destination_point" name="test_border_customs_endpoint_returns_only_border_offices" time="0.810" /><testcase classname="backend.tests.test_iran_destination_point" name="test_international_cities_uses_canonical_rows_for_iran_and_china" time="0.959" /><testcase classname="backend.tests.test_iran_destination_point" name="test_public_country_selector_only_exposes_countries_with_active_international_city" time="1.198" /><testcase classname="backend.tests.test_iran_destination_point" name="test_city_destination_persists_structured_fields" time="1.919" /><testcase classname="backend.tests.test_iran_destination_point" name="test_customs_destination_persists_structured_fields" time="0.936" /><testcase classname="backend.tests.test_iran_destination_point" name="test_port_destination_persists_structured_fields" time="1.177" /><testcase classname="backend.tests.test_iran_destination_point" name="test_missing_reference_for_declared_type_is_rejected" time="0.752" /><testcase classname="backend.tests.test_iran_destination_point" name="test_route_payload_surfaces_international_and_iran_destination" time="0.889" /><testcase classname="backend.tests.test_iran_destination_point" name="test_legacy_international_without_dest_type_still_succeeds" time="0.789" /><testcase classname="backend.tests.test_iran_destination_point" name="test_optional_iran_destination_can_be_omitted_completely" time="1.127" /><testcase classname="backend.tests.test_iran_destination_point" name="test_iran_without_generic_city_or_precise_destination_is_accepted[None]" time="0.916" /><testcase classname="backend.tests.test_iran_destination_point" name="test_iran_without_generic_city_or_precise_destination_is_accepted[]" time="1.050" /><testcase classname="backend.tests.test_iran_destination_point" name="test_non_iran_without_generic_destination_city_is_rejected" time="0.990" /><testcase classname="backend.tests.test_iran_destination_point" name="test_destination_mode_discards_stale_ids[port-iran_entry_port_id-stale_fields0]" time="2.211" /><testcase classname="backend.tests.test_iran_destination_point" name="test_destination_mode_discards_stale_ids[customs-iran_dest_customs_office_id-stale_fields1]" time="1.249" /><testcase classname="backend.tests.test_iran_destination_point" name="test_destination_mode_discards_stale_ids[city-iran_dest_city_id-stale_fields2]" time="1.135" /><testcase classname="backend.tests.test_local_sqlite_config" name="test_explicit_database_url_precedes_explicit_local_path" time="0.007" /><testcase classname="backend.tests.test_local_sqlite_config" name="test_explicit_local_path_precedes_default" time="0.009" /><testcase classname="backend.tests.test_local_sqlite_config" name="test_testing_is_isolated_from_runtime_database_settings" time="0.007" /><testcase classname="backend.tests.test_local_sqlite_config" name="test_production_without_url_fails_closed" time="0.003" /><testcase classname="backend.tests.test_local_sqlite_config" name="test_uat_without_url_fails_closed" time="0.002" /><testcase classname="backend.tests.test_local_sqlite_config" name="test_uat_rejects_sqlite_and_accepts_postgresql" time="0.003" /><testcase classname="backend.tests.test_local_sqlite_config" name="test_relative_local_path_is_rejected[forwarder.db]" time="0.006" /><testcase classname="backend.tests.test_local_sqlite_config" name="test_relative_local_path_is_rejected[data/forwarder.db]" time="0.007" /><testcase classname="backend.tests.test_local_sqlite_config" name="test_repository_local_path_is_rejected[forwarder.db]" time="0.010" /><testcase classname="backend.tests.test_local_sqlite_config" name="test_repository_local_path_is_rejected[instance/forwarder.db]" time="0.008" /><testcase classname="backend.tests.test_local_sqlite_config" name="test_external_absolute_path_is_accepted" time="0.008" /><testcase classname="backend.tests.test_local_sqlite_config" name="test_windows_local_app_data_convention" time="0.002" /><testcase classname="backend.tests.test_local_sqlite_config" name="test_linux_xdg_and_fallback_conventions" time="0.002" /><testcase classname="backend.tests.test_local_sqlite_config" name="test_macos_convention" time="0.002" /><testcase classname="backend.tests.test_local_sqlite_config" name="test_resolution_does_not_create_directory_or_database" time="0.010" /><testcase classname="backend.tests.test_logistics_network" name="test_normalization_catalog_and_projections_are_bounded" time="1.379" /><testcase classname="backend.tests.test_logistics_network" name="test_exact_duplicate_org_boundary_and_no_public_surface" time="2.159" /><testcase classname="backend.tests.test_logistics_network" name="test_tracking_selector_is_active_tenant_scoped_and_bounded" time="2.698" /><testcase classname="backend.tests.test_logistics_network" name="test_operational_project_selection_requires_active_point_type" time="2.409" /><testcase classname="backend.tests.test_logistics_network" name="test_project_association_role_uniqueness_reorder_and_deactivation" time="2.557" /><testcase classname="backend.tests.test_logistics_network" name="test_cross_tenant_and_unauthenticated_commands_are_non_disclosing" time="1.939" /><testcase classname="backend.tests.test_logistics_network" name="test_logistics_migration_is_the_single_head" time="0.212" /><testcase classname="backend.tests.test_master_data" name="test_crud_bilingual_code_and_optimistic_locking" time="0.932" /><testcase classname="backend.tests.test_master_data" name="test_unit_dimension_is_governed" time="1.213" /><testcase classname="backend.tests.test_master_data" name="test_cargo_hierarchy_cycle_and_inactive_parent_rules" time="1.250" /><testcase classname="backend.tests.test_master_data" name="test_admin_api_roundtrip_pagination_and_permissions" time="2.995" /><testcase classname="backend.tests.test_master_data" name="test_resource_specific_fields_and_search_bound_are_rejected" time="2.222" /><testcase classname="backend.tests.test_mdpm_races_postgresql" name="test_approval_vs_transition" time="0.002"><skipped type="pytest.skip" message="explicit disposable MDPM PostgreSQL URL not provided">D:\1-webapp\forwarder-dev\phase3-p3-13-owner-transfer\backend\tests\test_mdpm_races_postgresql.py:131: explicit disposable MDPM PostgreSQL URL not provided</skipped></testcase><testcase classname="backend.tests.test_mdpm_races_postgresql" name="test_replacement_vs_transition_drops_stale_approval" time="0.002"><skipped type="pytest.skip" message="explicit disposable MDPM PostgreSQL URL not provided">D:\1-webapp\forwarder-dev\phase3-p3-13-owner-transfer\backend\tests\test_mdpm_races_postgresql.py:139: explicit disposable MDPM PostgreSQL URL not provided</skipped></testcase><testcase classname="backend.tests.test_mdpm_races_postgresql" name="test_rejection_vs_transition" time="0.002"><skipped type="pytest.skip" message="explicit disposable MDPM PostgreSQL URL not provided">D:\1-webapp\forwarder-dev\phase3-p3-13-owner-transfer\backend\tests\test_mdpm_races_postgresql.py:148: explicit disposable MDPM PostgreSQL URL not provided</skipped></testcase><testcase classname="backend.tests.test_mdpm_races_postgresql" name="test_upload_association_vs_transition" time="0.002"><skipped type="pytest.skip" message="explicit disposable MDPM PostgreSQL URL not provided">D:\1-webapp\forwarder-dev\phase3-p3-13-owner-transfer\backend\tests\test_mdpm_races_postgresql.py:154: explicit disposable MDPM PostgreSQL URL not provided</skipped></testcase><testcase classname="backend.tests.test_mdpm_races_postgresql" name="test_conditional_resolution_vs_transition" time="0.001"><skipped type="pytest.skip" message="explicit disposable MDPM PostgreSQL URL not provided">D:\1-webapp\forwarder-dev\phase3-p3-13-owner-transfer\backend\tests\test_mdpm_races_postgresql.py:159: explicit disposable MDPM PostgreSQL URL not provided</skipped></testcase><testcase classname="backend.tests.test_mdpm_races_postgresql" name="test_override_grant_vs_transition" time="0.001"><skipped type="pytest.skip" message="explicit disposable MDPM PostgreSQL URL not provided">D:\1-webapp\forwarder-dev\phase3-p3-13-owner-transfer\backend\tests\test_mdpm_races_postgresql.py:167: explicit disposable MDPM PostgreSQL URL not provided</skipped></testcase><testcase classname="backend.tests.test_mdpm_races_postgresql" name="test_override_revoke_vs_transition_and_single_consumption" time="0.001"><skipped type="pytest.skip" message="explicit disposable MDPM PostgreSQL URL not provided">D:\1-webapp\forwarder-dev\phase3-p3-13-owner-transfer\backend\tests\test_mdpm_races_postgresql.py:175: explicit disposable MDPM PostgreSQL URL not provided</skipped></testcase><testcase classname="backend.tests.test_mdpm_races_postgresql" name="test_two_simultaneous_transition_attempts" time="0.001"><skipped type="pytest.skip" message="explicit disposable MDPM PostgreSQL URL not provided">D:\1-webapp\forwarder-dev\phase3-p3-13-owner-transfer\backend\tests\test_mdpm_races_postgresql.py:186: explicit disposable MDPM PostgreSQL URL not provided</skipped></testcase><testcase classname="backend.tests.test_mdpm_races_postgresql" name="test_two_simultaneous_assessments" time="0.002"><skipped type="pytest.skip" message="explicit disposable MDPM PostgreSQL URL not provided">D:\1-webapp\forwarder-dev\phase3-p3-13-owner-transfer\backend\tests\test_mdpm_races_postgresql.py:193: explicit disposable MDPM PostgreSQL URL not provided</skipped></testcase><testcase classname="backend.tests.test_mdpm_races_postgresql" name="test_stale_requirement_version" time="0.002"><skipped type="pytest.skip" message="explicit disposable MDPM PostgreSQL URL not provided">D:\1-webapp\forwarder-dev\phase3-p3-13-owner-transfer\backend\tests\test_mdpm_races_postgresql.py:200: explicit disposable MDPM PostgreSQL URL not provided</skipped></testcase><testcase classname="backend.tests.test_mdpm_races_postgresql" name="test_stale_milestone_version_and_organization_isolation" time="0.004"><skipped type="pytest.skip" message="explicit disposable MDPM PostgreSQL URL not provided">D:\1-webapp\forwarder-dev\phase3-p3-13-owner-transfer\backend\tests\test_mdpm_races_postgresql.py:207: explicit disposable MDPM PostgreSQL URL not provided</skipped></testcase><testcase classname="backend.tests.test_mdpm_races_postgresql" name="test_same_idempotency_key_same_payload" time="0.002"><skipped type="pytest.skip" message="explicit disposable MDPM PostgreSQL URL not provided">D:\1-webapp\forwarder-dev\phase3-p3-13-owner-transfer\backend\tests\test_mdpm_races_postgresql.py:217: explicit disposable MDPM PostgreSQL URL not provided</skipped></testcase><testcase classname="backend.tests.test_mdpm_races_postgresql" name="test_same_idempotency_key_different_payload" time="0.002"><skipped type="pytest.skip" message="explicit disposable MDPM PostgreSQL URL not provided">D:\1-webapp\forwarder-dev\phase3-p3-13-owner-transfer\backend\tests\test_mdpm_races_postgresql.py:226: explicit disposable MDPM PostgreSQL URL not provided</skipped></testcase><testcase classname="backend.tests.test_milestone_upgrade_bridge" name="test_linear_head_and_backfill_ancestry" time="0.124" /><testcase classname="backend.tests.test_milestone_upgrade_bridge" name="test_bridge_only_before_pending_backfill[20260812_operational_execution-expected0]" time="0.111" /><testcase classname="backend.tests.test_milestone_upgrade_bridge" name="test_bridge_only_before_pending_backfill[security_credential_remediation-expected1]" time="0.116" /><testcase classname="backend.tests.test_milestone_upgrade_bridge" name="test_bridge_failure_exits_transaction_with_error" time="0.157" /><testcase classname="backend.tests.test_milestone_upgrade_bridge" name="test_bridge_permission_is_exact_metadata_only" time="0.002" /><testcase classname="backend.tests.test_mt1_ownership_postgresql" name="test_raw_sql_same_tenant_and_scope_constraints" time="0.002"><skipped type="pytest.skip" message="explicit disposable MT-1 ownership PostgreSQL URL not provided">D:\1-webapp\forwarder-dev\phase3-p3-13-owner-transfer\backend\tests\test_mt1_ownership_postgresql.py:12: explicit disposable MT-1 ownership PostgreSQL URL not provided</skipped></testcase><testcase classname="backend.tests.test_mt1_ownership_postgresql" name="test_quote_constraint_is_deliberately_pending_validation" time="0.002"><skipped type="pytest.skip" message="explicit disposable MT-1 ownership PostgreSQL URL not provided">D:\1-webapp\forwarder-dev\phase3-p3-13-owner-transfer\backend\tests\test_mt1_ownership_postgresql.py:12: explicit disposable MT-1 ownership PostgreSQL URL not provided</skipped></testcase><testcase classname="backend.tests.test_mt1_ownership_postgresql" name="test_raw_sql_cannot_reuse_legacy_null_owner_exception[shipment_request-contact_phone, shipping_type, status, status_request_status, created_at, ready_at]" time="0.003"><skipped type="pytest.skip" message="explicit disposable MT-1 ownership PostgreSQL URL not provided">D:\1-webapp\forwarder-dev\phase3-p3-13-owner-transfer\backend\tests\test_mt1_ownership_postgresql.py:12: explicit disposable MT-1 ownership PostgreSQL URL not provided</skipped></testcase><testcase classname="backend.tests.test_mt1_ownership_postgresql" name="test_raw_sql_cannot_reuse_legacy_null_owner_exception[customer-first_name, last_name, created_at]" time="0.002"><skipped type="pytest.skip" message="explicit disposable MT-1 ownership PostgreSQL URL not provided">D:\1-webapp\forwarder-dev\phase3-p3-13-owner-transfer\backend\tests\test_mt1_ownership_postgresql.py:12: explicit disposable MT-1 ownership PostgreSQL URL not provided</skipped></testcase><testcase classname="backend.tests.test_mt1c1_census_foundation" name="test_core_composite_select_update_delete_use_exact_canonical_identity" time="4.765" /><testcase classname="backend.tests.test_mt1c1_census_foundation" name="test_held_instance_and_multi_statement_result_keep_one_pinned_version" time="5.418" /><testcase classname="backend.tests.test_mt1c1_census_foundation" name="test_session_core_side_effect_dml_cannot_bypass_parent_eligibility" time="4.899" /><testcase classname="backend.tests.test_mt1c1_census_foundation" name="test_ordinary_session_job_aborts_instead_of_repinning_after_commit" time="6.147" /><testcase classname="backend.tests.test_mt1c1_census_foundation" name="test_public_tracking_guard_exception_is_same_nondisclosing_404" time="3.701" /><testcase classname="backend.tests.test_mt1c1_census_foundation" name="test_real_public_detail_uses_one_version_and_clear_behavior_is_unchanged" time="4.283" /><testcase classname="backend.tests.test_mt1c2_full_surface_postgresql" name="test_01_real_detail_list_search_report_aggregate_export_pagination_and_tracking" time="0.001"><skipped type="pytest.skip" message="explicit disposable MT-1C.2 PostgreSQL URL not provided">D:\1-webapp\forwarder-dev\phase3-p3-13-owner-transfer\backend\tests\test_mt1c2_full_surface_postgresql.py:186: explicit disposable MT-1C.2 PostgreSQL URL not provided</skipped></testcase><testcase classname="backend.tests.test_mt1c2_full_surface_postgresql" name="test_02_composite_select_update_delete_insert_and_pinned_n_plus_one" time="0.001"><skipped type="pytest.skip" message="explicit disposable MT-1C.2 PostgreSQL URL not provided">D:\1-webapp\forwarder-dev\phase3-p3-13-owner-transfer\backend\tests\test_mt1c2_full_surface_postgresql.py:339: explicit disposable MT-1C.2 PostgreSQL URL not provided</skipped></testcase><testcase classname="backend.tests.test_mt1c2_full_surface_postgresql" name="test_03_real_customer_and_joined_project_selectors_six_state" time="0.001"><skipped type="pytest.skip" message="explicit disposable MT-1C.2 PostgreSQL URL not provided">D:\1-webapp\forwarder-dev\phase3-p3-13-owner-transfer\backend\tests\test_mt1c2_full_surface_postgresql.py:475: explicit disposable MT-1C.2 PostgreSQL URL not provided</skipped></testcase><testcase classname="backend.tests.test_mt1c2_full_surface_postgresql" name="test_04_real_reconciliation_job_outbox_and_publisher_fence" time="0.001"><skipped type="pytest.skip" message="explicit disposable MT-1C.2 PostgreSQL URL not provided">D:\1-webapp\forwarder-dev\phase3-p3-13-owner-transfer\backend\tests\test_mt1c2_full_surface_postgresql.py:585: explicit disposable MT-1C.2 PostgreSQL URL not provided</skipped></testcase><testcase classname="backend.tests.test_mt1c2_full_surface_postgresql" name="test_05_real_assignment_and_notification_six_state_atomicity" time="0.001"><skipped type="pytest.skip" message="explicit disposable MT-1C.2 PostgreSQL URL not provided">D:\1-webapp\forwarder-dev\phase3-p3-13-owner-transfer\backend\tests\test_mt1c2_full_surface_postgresql.py:784: explicit disposable MT-1C.2 PostgreSQL URL not provided</skipped></testcase><testcase classname="backend.tests.test_mt1c2_full_surface_postgresql" name="test_06_real_document_metadata_download_and_descendant_transition" time="0.001"><skipped type="pytest.skip" message="explicit disposable MT-1C.2 PostgreSQL URL not provided">D:\1-webapp\forwarder-dev\phase3-p3-13-owner-transfer\backend\tests\test_mt1c2_full_surface_postgresql.py:938: explicit disposable MT-1C.2 PostgreSQL URL not provided</skipped></testcase><testcase classname="backend.tests.test_mt1c_quarantine_runtime" name="test_fail_closed_states_and_normal_data" time="0.859" /><testcase classname="backend.tests.test_mt1c_quarantine_runtime" name="test_all_mandatory_surfaces_share_the_guard[API list]" time="1.015" /><testcase classname="backend.tests.test_mt1c_quarantine_runtime" name="test_all_mandatory_surfaces_share_the_guard[API detail]" time="0.964" /><testcase classname="backend.tests.test_mt1c_quarantine_runtime" name="test_all_mandatory_surfaces_share_the_guard[search]" time="1.138" /><testcase classname="backend.tests.test_mt1c_quarantine_runtime" name="test_all_mandatory_surfaces_share_the_guard[selector]" time="1.046" /><testcase classname="backend.tests.test_mt1c_quarantine_runtime" name="test_all_mandatory_surfaces_share_the_guard[report]" time="1.455" /><testcase classname="backend.tests.test_mt1c_quarantine_runtime" name="test_all_mandatory_surfaces_share_the_guard[export]" time="1.197" /><testcase classname="backend.tests.test_mt1c_quarantine_runtime" name="test_all_mandatory_surfaces_share_the_guard[job]" time="0.893" /><testcase classname="backend.tests.test_mt1c_quarantine_runtime" name="test_all_mandatory_surfaces_share_the_guard[notification]" time="1.841" /><testcase classname="backend.tests.test_mt1c_quarantine_runtime" name="test_all_mandatory_surfaces_share_the_guard[document download]" time="0.875" /><testcase classname="backend.tests.test_mt1c_quarantine_runtime" name="test_all_mandatory_surfaces_share_the_guard[public tracking]" time="0.862" /><testcase classname="backend.tests.test_mt1c_quarantine_runtime" name="test_all_mandatory_surfaces_share_the_guard[admin tooling]" time="0.710" /><testcase classname="backend.tests.test_mt1c_quarantine_runtime" name="test_all_mandatory_surfaces_share_the_guard[CLI tooling]" time="0.814" /><testcase classname="backend.tests.test_mt1c_quarantine_runtime" name="test_all_mandatory_surfaces_share_the_guard[cache]" time="0.653" /><testcase classname="backend.tests.test_mt1c_quarantine_runtime" name="test_all_mandatory_surfaces_share_the_guard[joins/materialization]" time="0.837" /><testcase classname="backend.tests.test_mt1c_quarantine_runtime" name="test_all_mandatory_surfaces_share_the_guard[monitoring/analytics]" time="0.793" /><testcase classname="backend.tests.test
[...]
.test_reference_schema_expansion" name="test_customs_rejects_country_province_mismatch" time="0.834" /><testcase classname="backend.tests.test_referral_auto_assign_state_compatibility" name="test_legacy_null_state_is_preserved_and_tenant_states_are_isolated" time="0.563" /><testcase classname="backend.tests.test_referral_auto_assign_state_compatibility" name="test_existing_tenant_state_is_reused" time="0.465" /><testcase classname="backend.tests.test_referral_auto_assign_state_compatibility" name="test_postgresql_sequence_repairs_empty_legacy_multiple_and_correct_states" time="0.000"><skipped type="pytest.skip" message="V1951_POSTGRES_URL is required">D:\1-webapp\forwarder-dev\phase3-p3-13-owner-transfer\backend\tests\test_referral_auto_assign_state_compatibility.py:94: V1951_POSTGRES_URL is required</skipped></testcase><testcase classname="backend.tests.test_referral_auto_assign_state_compatibility" name="test_postgresql_concurrent_first_use_same_organization_converges" time="0.000"><skipped type="pytest.skip" message="V1951_POSTGRES_URL is required">D:\1-webapp\forwarder-dev\phase3-p3-13-owner-transfer\backend\tests\test_referral_auto_assign_state_compatibility.py:163: V1951_POSTGRES_URL is required</skipped></testcase><testcase classname="backend.tests.test_referral_auto_assign_state_compatibility" name="test_postgresql_concurrent_first_use_different_organizations_stays_isolated" time="0.000"><skipped type="pytest.skip" message="V1951_POSTGRES_URL is required">D:\1-webapp\forwarder-dev\phase3-p3-13-owner-transfer\backend\tests\test_referral_auto_assign_state_compatibility.py:184: V1951_POSTGRES_URL is required</skipped></testcase><testcase classname="backend.tests.test_referral_tenant_fencing" name="test_direct_rule_rejects_cross_tenant_expert" time="1.734" /><testcase classname="backend.tests.test_referral_tenant_fencing" name="test_pool_filters_cross_tenant_and_stale_candidates" time="0.527" /><testcase classname="backend.tests.test_referral_tenant_fencing" name="test_stale_direct_rule_after_expert_moves_organizations" time="1.120" /><testcase classname="backend.tests.test_referral_tenant_fencing" name="test_inactive_membership_is_not_assignable" time="1.280" /><testcase classname="backend.tests.test_referral_tenant_fencing" name="test_inactive_expert_is_not_assignable" time="1.219" /><testcase classname="backend.tests.test_referral_tenant_fencing" name="test_duplicate_active_memberships_are_not_assignable" time="0.875" /><testcase classname="backend.tests.test_referral_tenant_fencing" name="test_inactive_organization_is_not_assignable" time="1.126" /><testcase classname="backend.tests.test_referral_tenant_fencing" name="test_valid_same_organization_direct_assignment_succeeds" time="1.363" /><testcase classname="backend.tests.test_referral_tenant_fencing" name="test_final_assignment_boundary_rejects_forced_cross_tenant_id" time="1.075" /><testcase classname="backend.tests.test_referral_tenant_fencing" name="test_rule_fallback_and_round_robin_remain_tenant_scoped" time="1.092" /><testcase classname="backend.tests.test_release_postgres_orchestrator" name="test_inventory_is_unique_complete_and_isolated" time="0.002" /><testcase classname="backend.tests.test_release_postgres_orchestrator" name="test_sanitizer_removes_credentials_and_tokens" time="0.002" /><testcase classname="backend.tests.test_release_postgres_orchestrator" name="test_database_names_are_unique_and_safety_guarded" time="0.011" /><testcase classname="backend.tests.test_reporter_permission_postgresql" name="test_reporter_detail_lifecycle_and_least_privilege_boundary" time="0.002"><skipped type="pytest.skip" message="explicit disposable Phase 1B PostgreSQL URL not provided">D:\1-webapp\forwarder-dev\phase3-p3-13-owner-transfer\backend\tests\test_reporter_permission_postgresql.py:24: explicit disposable Phase 1B PostgreSQL URL not provided</skipped></testcase><testcase classname="backend.tests.test_request_cargo_migration" name="test_request_cargo_migration_is_single_head_additive_and_zero_backfill" time="0.147" /><testcase classname="backend.tests.test_request_cargo_migration" name="test_request_cargo_downgrade_refuses_to_discard_customer_evidence" time="0.002" /><testcase classname="backend.tests.test_route_leg_facility_identity" name="test_private_facilities_persist_dual_identity_allow_same_geography_and_serialize" time="0.934" /><testcase classname="backend.tests.test_route_leg_facility_identity" name="test_exact_same_facility_endpoint_is_rejected_atomically" time="0.888" /><testcase classname="backend.tests.test_route_leg_facility_identity" name="test_new_facility_selection_fails_closed_before_persistence[cross_tenant]" time="0.625" /><testcase classname="backend.tests.test_route_leg_facility_identity" name="test_new_facility_selection_fails_closed_before_persistence[inactive]" time="0.749" /><testcase classname="backend.tests.test_route_leg_facility_identity" name="test_new_facility_selection_fails_closed_before_persistence[invalid_projection]" time="0.580" /><testcase classname="backend.tests.test_route_leg_facility_identity" name="test_adopted_global_point_persists_only_tenant_fk_and_keeps_provenance" time="2.128" /><testcase classname="backend.tests.test_route_leg_facility_identity" name="test_replan_copies_persisted_identity_and_snapshot_after_master_change" time="0.948" /><testcase classname="backend.tests.test_route_leg_facility_identity" name="test_geography_only_create_quote_conversion_and_replan_keep_nullable_shape" time="1.485" /><testcase classname="backend.tests.test_runtime_dependency_contract" name="test_postgresql_runtime_driver_is_exactly_declared" time="0.003" /><testcase classname="backend.tests.test_s4_reporting_oversight" name="test_dashboard_authorization_and_exact_aggregation" time="1.915" /><testcase classname="backend.tests.test_s4_reporting_oversight" name="test_reporting_tenant_filters_and_empty_contract" time="1.466" /><testcase classname="backend.tests.test_s4_reporting_oversight" name="test_overview_and_xlsx_are_tenant_fenced_before_output" time="1.520" /><testcase classname="backend.tests.test_saved_view_dashboard_snapshot" name="test_snapshot_copies_exact_rowset_and_is_independent" time="0.738" /><testcase classname="backend.tests.test_saved_view_dashboard_snapshot" name="test_snapshot_security_concurrency_and_provenance_controls" time="0.575" /><testcase classname="backend.tests.test_saved_view_dashboard_snapshot" name="test_snapshot_widget_uses_current_project_authorization_after_revocation" time="0.915" /><testcase classname="backend.tests.test_security_config" name="test_env_loader_respects_process_database_url" time="0.035" /><testcase classname="backend.tests.test_security_config" name="test_env_loader_supports_backend_env" time="0.010" /><testcase classname="backend.tests.test_security_config" name="test_database_url_diagnostics_do_not_expose_password" time="0.001" /><testcase classname="backend.tests.test_security_config" name="test_production_requires_sensitive_environment" time="0.002" /><testcase classname="backend.tests.test_security_config" name="test_production_rejects_placeholder_secret" time="0.002" /><testcase classname="backend.tests.test_security_config" name="test_production_rejects_open_cors" time="0.010" /><testcase classname="backend.tests.test_security_config" name="test_production_requires_and_allows_the_canonical_cors_origin" time="0.389" /><testcase classname="backend.tests.test_security_config" name="test_production_rejects_legacy_or_missing_canonical_cors_origin" time="0.011" /><testcase classname="backend.tests.test_security_config" name="test_cors_origin_alias_and_plural_value_must_not_disagree" time="0.001" /><testcase classname="backend.tests.test_security_config" name="test_cors_origin_alias_parses_when_plural_value_is_absent" time="0.001" /><testcase classname="backend.tests.test_security_config" name="test_testing_mode_uses_isolated_database_even_with_production_env" time="0.288" /><testcase classname="backend.tests.test_security_config" name="test_crm_customers_requires_authentication" time="0.485" /><testcase classname="backend.tests.test_security_config" name="test_crm_customers_rejects_expert_role" time="0.542" /><testcase classname="backend.tests.test_security_config" name="test_monitoring_metrics_rejects_expert_role" time="0.564" /><testcase classname="backend.tests.test_semantic_rowset" name="test_rowset_is_discriminated_bounded_and_population_equivalent" time="2.004" /><testcase classname="backend.tests.test_semantic_rowset" name="test_rowset_rejects_raw_or_ungoverned_contracts[payload0-UNSUPPORTED_SEMANTIC_COLUMN]" time="0.521" /><testcase classname="backend.tests.test_semantic_rowset" name="test_rowset_rejects_raw_or_ungoverned_contracts[payload1-UNSUPPORTED_ROWSET_POPULATION]" time="0.508" /><testcase classname="backend.tests.test_semantic_rowset" name="test_rowset_rejects_raw_or_ungoverned_contracts[payload2-INVALID_LIMIT]" time="0.616" /><testcase classname="backend.tests.test_semantic_rowset" name="test_rowset_rejects_raw_or_ungoverned_contracts[payload3-UNSUPPORTED_ROWSET_SORT]" time="0.621" /><testcase classname="backend.tests.test_semantic_rowset" name="test_legacy_aggregate_remains_aggregate" time="0.924" /><testcase classname="backend.tests.test_shared_transport_e2e_audit" name="test_scenario_e_owner_audit_resolves_shipment_by_fk" time="0.002" /><testcase classname="backend.tests.test_shared_transport_e2e_audit" name="test_scenario_e_owner_audit_fails_closed_for_missing_shipment" time="0.002" /><testcase classname="backend.tests.test_shared_transport_e2e_audit" name="test_scenario_e_owner_audit_fails_for_tenant_mismatch" time="0.002" /><testcase classname="backend.tests.test_shared_transport_e2e_audit" name="test_scenario_e_owner_audit_fails_closed_for_missing_owner" time="0.003" /><testcase classname="backend.tests.test_shared_transport_e2e_audit" name="test_scenario_e_owner_audit_fails_closed_for_null_shipment_fk" time="0.003" /><testcase classname="backend.tests.test_shared_transport_e2e_audit" name="test_scenario_i_resolves_shipment_from_cargo_fk" time="0.002" /><testcase classname="backend.tests.test_shared_transport_e2e_audit" name="test_scenario_i_shipment_resolution_fails_closed_when_target_is_missing" time="0.002" /><testcase classname="backend.tests.test_shared_transport_e2e_audit" name="test_runtime_audit_never_accesses_nonexistent_cargo_relationship" time="0.002" /><testcase classname="backend.tests.test_shipment_document_authorization" name="test_shipment_owner_can_append_while_admin_read_is_preserved" time="1.009" /><testcase classname="backend.tests.test_shipment_document_authorization" name="test_shipment_non_owner_mutation_is_denied_without_side_effect[admin]" time="0.863" /><testcase classname="backend.tests.test_shipment_document_authorization" name="test_shipment_non_owner_mutation_is_denied_without_side_effect[platform]" time="0.710" /><testcase classname="backend.tests.test_shipment_document_authorization" name="test_shipment_non_owner_mutation_is_denied_without_side_effect[peer]" time="0.748" /><testcase classname="backend.tests.test_shipment_document_authorization" name="test_shipment_non_owner_mutation_is_denied_without_side_effect[foreign]" time="0.721" /><testcase classname="backend.tests.test_shipment_document_authorization" name="test_new_shipment_owner_cannot_be_cleared" time="0.550" /><testcase classname="backend.tests.test_shipment_list_deduplication_postgresql" name="test_seeded_multileg_shipment_is_unique_filtered_paginated_and_tenant_scoped" time="0.001"><skipped type="pytest.skip" message="explicit disposable Phase 1B PostgreSQL URL not provided">D:\1-webapp\forwarder-dev\phase3-p3-13-owner-transfer\backend\tests\test_shipment_list_deduplication_postgresql.py:18: explicit disposable Phase 1B PostgreSQL URL not provided</skipped></testcase><testcase classname="backend.tests.test_shipment_request_contract" name="test_transport_methods_contract_and_grouping" time="0.535" /><testcase classname="backend.tests.test_shipment_request_contract" name="test_combined_transport_catalog_is_one_deterministic_choice_for_both_scopes" time="0.803" /><testcase classname="backend.tests.test_shipment_request_contract" name="test_combined_transport_round_trips_with_zero_and_multiple_optional_cargo" time="0.805" /><testcase classname="backend.tests.test_shipment_request_contract" name="test_request_transport_rejects_unsupported_or_inactive_values" time="0.962" /><testcase classname="backend.tests.test_shipment_request_contract" name="test_create_domestic_shipment_request_preserves_response_defaults_and_commit" time="0.915" /><testcase classname="backend.tests.test_shipment_request_contract" name="test_public_create_cannot_choose_shipment_request_public_id" time="2.956" /><testcase classname="backend.tests.test_shipment_request_contract" name="test_create_domestic_shipment_request_accepts_province_only_locations" time="1.399" /><testcase classname="backend.tests.test_shipment_request_contract" name="test_create_international_shipment_request_preserves_location_and_transport_behavior" time="1.241" /><testcase classname="backend.tests.test_shipment_request_contract" name="test_create_shipment_request_preserves_validation_errors" time="0.798" /><testcase classname="backend.tests.test_shipment_request_update_trigger_migration" name="test_trigger_repair_remains_in_the_single_head_chain" time="0.140" /><testcase classname="backend.tests.test_shipment_request_update_trigger_migration" name="test_trigger_repair_drops_only_the_invalid_trigger" time="0.005" /><testcase classname="backend.tests.test_tenant_architecture_contract" name="test_inventory_schema_is_valid" time="0.006" /><testcase classname="backend.tests.test_tenant_architecture_contract" name="test_every_mapped_model_and_association_table_is_classified" time="1.166" /><testcase classname="backend.tests.test_tenant_architecture_contract" name="test_direct_resources_have_non_null_canonical_tenant_key" time="0.005" /><testcase classname="backend.tests.test_tenant_architecture_contract" name="test_indirect_resources_have_real_non_null_fk_owner_paths" time="0.005" /><testcase classname="backend.tests.test_tenant_architecture_contract" name="test_platform_scope_is_an_explicit_reasoned_allowlist" time="0.004" /><testcase classname="backend.tests.test_tenant_architecture_contract" name="test_ambiguous_resources_are_actionable_and_visible" time="0.006" /><testcase classname="backend.tests.test_tenant_architecture_contract" name="test_public_capability_is_separate_from_underlying_resource" time="0.004" /><testcase classname="backend.tests.test_tenant_architecture_contract" name="test_fail_closed_tenant_primitives" time="0.002" /><testcase classname="backend.tests.test_tenant_architecture_contract" name="test_public_tracking_rejects_numeric_ids_regression" time="0.004" /><testcase classname="backend.tests.test_token_revocation" name="test_unique_jti_and_logout_revokes_only_presented_token" time="2.155" /><testcase classname="backend.tests.test_token_revocation" name="test_missing_jti_inactive_and_missing_users_are_rejected" time="1.913" /><testcase classname="backend.tests.test_token_revocation" name="test_cleanup_is_dry_run_scoped_and_idempotent" time="1.851" /><testcase classname="backend.tests.test_tracking_locations_postgresql" name="test_tracking_locations_on_disposable_postgresql" time="0.002"><skipped type="pytest.skip" message="explicit disposable tracking-location PostgreSQL URL not provided">D:\1-webapp\forwarder-dev\phase3-p3-13-owner-transfer\backend\tests\test_tracking_locations_postgresql.py:26: explicit disposable tracking-location PostgreSQL URL not provided</skipped></testcase><testcase classname="backend.tests.test_user_management_contract" name="test_admin_auth_role_requirements_and_read_shapes" time="1.267" /><testcase classname="backend.tests.test_user_management_contract" name="test_displayed_workload_status_and_tenant_semantics" time="1.122" /><testcase classname="backend.tests.test_user_management_contract" name="test_user_create_update_not_found_and_persistence_contracts" time="2.283" /><testcase classname="backend.tests.test_user_management_contract" name="test_sla_update_rejects_invalid_values[0]" time="0.819" /><testcase classname="backend.tests.test_user_management_contract" name="test_sla_update_rejects_invalid_values[-1]" time="0.942" /><testcase classname="backend.tests.test_user_management_contract" name="test_sla_update_rejects_invalid_values[10081]" time="0.857" /><testcase classname="backend.tests.test_user_management_contract" name="test_sla_update_rejects_invalid_values[1.5]" time="0.943" /><testcase classname="backend.tests.test_user_management_contract" name="test_sla_update_rejects_invalid_values[not-a-number]" time="0.856" /><testcase classname="backend.tests.test_user_management_contract" name="test_sla_update_rejects_invalid_values[True]" time="2.345" /><testcase classname="backend.tests.test_user_management_contract" name="test_sla_update_rejects_invalid_values[False]" time="0.886" /><testcase classname="backend.tests.test_user_management_contract" name="test_sla_default_response_authorization_and_historical_deadline" time="1.750" /><testcase classname="backend.tests.test_user_management_contract" name="test_user_delete_cleanup_and_hard_delete_contract" time="2.590" /><testcase classname="backend.tests.test_user_management_contract" name="test_user_without_dependencies_is_permanently_deleted" time="1.904" /><testcase classname="backend.tests.test_user_management_contract" name="test_user_delete_failure_rolls_back_and_hides_database_details" time="1.232" /><testcase classname="backend.tests.test_user_management_contract" name="test_assignment_rule_crud_and_no_delete_endpoint_contract" time="1.220" /><testcase classname="backend.tests.test_user_management_contract" name="test_assignment_statistics_and_manual_assignment_contract" time="1.750" /><testcase classname="backend.tests.test_v191_persistence_foundation" name="test_valid_accepted_quote_and_direct_states_and_customer_relationship" time="0.664" /><testcase classname="backend.tests.test_v191_persistence_foundation" name="test_legacy_accepted_quote_without_customer_remains_persistable" time="0.678" /><testcase classname="backend.tests.test_v191_persistence_foundation" name="test_source_shape_constraint_rejects_invalid_combinations[overrides0]" time="0.804" /><testcase classname="backend.tests.test_v191_persistence_foundation" name="test_source_shape_constraint_rejects_invalid_combinations[overrides1]" time="0.779" /><testcase classname="backend.tests.test_v191_persistence_foundation" name="test_source_shape_constraint_rejects_invalid_combinations[overrides2]" time="1.188" /><testcase classname="backend.tests.test_v191_persistence_foundation" name="test_source_shape_constraint_rejects_invalid_combinations[overrides3]" time="2.627" /><testcase classname="backend.tests.test_v191_persistence_foundation" name="test_source_shape_constraint_rejects_invalid_combinations[overrides4]" time="0.351" /><testcase classname="backend.tests.test_v191_persistence_foundation" name="test_source_shape_constraint_rejects_invalid_combinations[overrides5]" time="0.395" /><testcase classname="backend.tests.test_v191_persistence_foundation" name="test_source_shape_constraint_rejects_invalid_combinations[overrides6]" time="0.410" /><testcase classname="backend.tests.test_v191_persistence_foundation" name="test_accepted_quote_remains_unique_while_direct_null_quotes_repeat" time="0.512" /><testcase classname="backend.tests.test_v191_persistence_foundation" name="test_canonical_international_location_relationships" time="0.409" /><testcase classname="backend.tests.test_v191_persistence_foundation" name="test_migration_identity_shape_backfill_and_downgrade_contract_are_frozen" time="0.002" /><testcase classname="backend.tests.test_version_consistency" name="test_governed_source_versions_are_consistent" time="0.001" /></testsuite></testsuites>