<?xml version="1.0" encoding="utf-8"?><testsuites name="pytest tests"><testsuite name="pytest" errors="0" failures="0" skipped="49" tests="732" time="591.979" timestamp="2026-09-26T19:00:57.835645+03:30" hostname="DESKTOP-NOKA6VQ"><testcase classname="backend.tests.test_admin_multitenant_adversarial" name="test_user_idor_and_role_escalation" time="2.623" /><testcase classname="backend.tests.test_admin_multitenant_adversarial" name="test_operational_reads_and_dashboard_are_tenant_scoped" time="2.151" /><testcase classname="backend.tests.test_admin_multitenant_adversarial" name="test_platform_admin_parent_read_does_not_expand_to_request_cargo" time="1.830" /><testcase classname="backend.tests.test_admin_multitenant_adversarial" name="test_manual_assignment_cannot_cross_tenant_or_change_owner" time="1.944" /><testcase classname="backend.tests.test_admin_multitenant_adversarial" name="test_referral_rules_and_experts_are_tenant_scoped" time="2.026" /><testcase classname="backend.tests.test_admin_multitenant_adversarial" name="test_platform_global_mutations_require_platform_admin" time="1.771" /><testcase classname="backend.tests.test_admin_multitenant_adversarial" name="test_tenant_delete_is_non_disclosing_and_does_not_touch_other_org" time="2.200" /><testcase classname="backend.tests.test_admin_multitenant_adversarial" name="test_invalid_membership_context_fails_closed_without_500[missing]" time="1.576" /><testcase classname="backend.tests.test_admin_multitenant_adversarial" name="test_invalid_membership_context_fails_closed_without_500[duplicate]" time="1.611" /><testcase classname="backend.tests.test_admin_multitenant_adversarial" name="test_invalid_membership_context_fails_closed_without_500[inactive_membership]" time="1.582" /><testcase classname="backend.tests.test_admin_multitenant_adversarial" name="test_invalid_membership_context_fails_closed_without_500[inactive_organization]" time="1.624" /><testcase classname="backend.tests.test_adr043_pre_cutover_integrity_contract" name="test_pre_cutover_gate_verifies_manifest_payload_not_raw_staged_file_count" time="0.005" /><testcase classname="backend.tests.test_adr043_pre_cutover_integrity_contract" name="test_pre_cutover_gate_excludes_only_documented_post_staging_materialization" time="0.003" /><testcase classname="backend.tests.test_ai_provider_service" name="test_protocol_request_and_response_contract" time="0.002" /><testcase classname="backend.tests.test_ai_provider_service" name="test_default_disabled_rejects_without_inspecting_context" time="0.002" /><testcase classname="backend.tests.test_ai_provider_service" name="test_only_exact_allowlisted_modes_are_accepted_without_echo[None]" time="0.002" /><testcase classname="backend.tests.test_ai_provider_service" name="test_only_exact_allowlisted_modes_are_accepted_without_echo[]" time="0.002" /><testcase classname="backend.tests.test_ai_provider_service" name="test_only_exact_allowlisted_modes_are_accepted_without_echo[DISABLED]" time="0.003" /><testcase classname="backend.tests.test_ai_provider_service" name="test_only_exact_allowlisted_modes_are_accepted_without_echo[ deterministic_mock]" time="0.002" /><testcase classname="backend.tests.test_ai_provider_service" name="test_only_exact_allowlisted_modes_are_accepted_without_echo[Deterministic_Mock]" time="0.002" /><testcase classname="backend.tests.test_ai_provider_service" name="test_only_exact_allowlisted_modes_are_accepted_without_echo[openai]" time="0.002" /><testcase classname="backend.tests.test_ai_provider_service" name="test_only_exact_allowlisted_modes_are_accepted_without_echo[https://vendor.invalid/key]" time="0.002" /><testcase classname="backend.tests.test_ai_provider_service" name="test_explicit_exact_deterministic_mock_is_required" time="0.002" /><testcase classname="backend.tests.test_ai_provider_service" name="test_strict_json_rejects_non_json_values[context0]" time="0.002" /><testcase classname="backend.tests.test_ai_provider_service" name="test_strict_json_rejects_non_json_values[context1]" time="0.002" /><testcase classname="backend.tests.test_ai_provider_service" name="test_strict_json_rejects_non_json_values[context2]" time="0.002" /><testcase classname="backend.tests.test_ai_provider_service" name="test_strict_json_rejects_non_json_values[context3]" time="0.002" /><testcase classname="backend.tests.test_ai_provider_service" name="test_strict_json_rejects_non_json_values[context4]" time="0.002" /><testcase classname="backend.tests.test_ai_provider_service" name="test_nested_strict_json_is_accepted" time="0.002" /><testcase classname="backend.tests.test_ai_provider_service" name="test_cycle_depth_item_and_encoded_size_limits_fail_closed" time="0.018" /><testcase classname="backend.tests.test_ai_provider_service" name="test_operation_and_version_are_bounded_identifiers" time="0.002" /><testcase classname="backend.tests.test_ai_provider_service" name="test_fingerprint_is_domain_separated_order_stable_and_list_order_sensitive" time="0.002" /><testcase classname="backend.tests.test_ai_provider_service" name="test_request_snapshots_context_and_returned_context_copies_do_not_alias" time="0.002" /><testcase classname="backend.tests.test_ai_provider_service" name="test_mock_is_deterministic_does_not_mutate_alias_or_echo_context_secrets" time="0.003" /><testcase classname="backend.tests.test_ai_provider_service" name="test_output_is_strict_json_advisory_and_cannot_write_or_send" time="0.002" /><testcase classname="backend.tests.test_ai_provider_service" name="test_generation_does_not_access_db_network_environment_or_config" time="0.001" /><testcase classname="backend.tests.test_analytics_authorization_p0" name="test_cross_assignment_aggregate_filters_dimensions_and_parity" time="2.242" /><testcase classname="backend.tests.test_analytics_authorization_p0" name="test_platform_permission_and_client_authority_are_fail_closed" time="2.093" /><testcase classname="backend.tests.test_analytics_authorization_p0" name="test_get_and_post_drilldown_use_authenticated_business_scope" time="1.529" /><testcase classname="backend.tests.test_analytics_authorization_p0" name="test_dashboard_and_saved_view_runtime_cannot_expand_scope" time="1.740" /><testcase classname="backend.tests.test_api.TestAPIEndpoints" name="test_health_endpoint" time="1.521" /><testcase classname="backend.tests.test_api.TestAPIEndpoints" name="test_expert_login_success" time="1.944" /><testcase classname="backend.tests.test_api.TestAPIEndpoints" name="test_expert_login_invalid_credentials" time="1.712" /><testcase classname="backend.tests.test_api.TestAPIEndpoints" name="test_expert_login_missing_credentials" time="2.063" /><testcase classname="backend.tests.test_api.TestAPIEndpoints" name="test_crm_customers_endpoint" time="1.628" /><testcase classname="backend.tests.test_api.TestAPIEndpoints" name="test_shipment_requests_endpoint" time="1.325" /><testcase classname="backend.tests.test_api.TestAPIEndpoints" name="test_cors_headers" time="1.449" /><testcase classname="backend.tests.test_api.TestAPIEndpoints" name="test_security_headers" time="1.317" /><testcase classname="backend.tests.test_api.TestAPIEndpoints" name="test_input_validation" time="1.292" /><testcase classname="backend.tests.test_api.TestAPIEndpoints" name="test_rate_limiting" time="1.287" /><testcase classname="backend.tests.test_api.TestAPIErrorHandling" name="test_404_error" time="0.864" /><testcase classname="backend.tests.test_api.TestAPIErrorHandling" name="test_405_method_not_allowed" time="0.902" /><testcase classname="backend.tests.test_api.TestAPIErrorHandling" name="test_500_internal_server_error" time="1.170" /><testcase classname="backend.tests.test_api" name="test_api_structure" time="0.877" /><testcase classname="backend.tests.test_api" name="test_api_response_format" time="0.898" /><testcase classname="backend.tests.test_assigned_work_authorization" name="test_request_assignment_is_current_and_tenant_fenced" time="1.157" /><testcase classname="backend.tests.test_assigned_work_authorization" name="test_request_cargo_child_identity_never_broadens_parent_authorization" time="1.581" /><testcase classname="backend.tests.test_assigned_work_authorization" name="test_direct_shipment_owner_is_fixed" time="1.262" /><testcase classname="backend.tests.test_assigned_work_authorization" name="test_request_reassignment_does_not_transfer_fixed_shipment_authority" time="1.523" /><testcase classname="backend.tests.test_assigned_work_authorization" name="test_capability_history_and_forged_assignee_never_replace_current_tenant_root" time="1.005" /><testcase classname="backend.tests.test_auth_sessions" name="test_login_sessions_rotation_replay_and_independent_session" time="2.187" /><testcase classname="backend.tests.test_auth_sessions" name="test_logout_and_logout_all_revoke_sessions_without_exposing_sid" time="1.702" /><testcase classname="backend.tests.test_auth_sessions" name="test_password_deactivation_deletion_and_role_state_invalidate" time="2.156" /><testcase classname="backend.tests.test_auth_sessions" name="test_token_type_missing_session_expiry_and_cleanup" time="1.291" /><testcase classname="backend.tests.test_auth_sessions" name="test_session_policy_is_configurable_and_absolute_lifetime_does_not_slide" time="1.138" /><testcase classname="backend.tests.test_browser_migration_contract" name="test_repository_head_is_the_browser_runner_target" time="0.091" /><testcase classname="backend.tests.test_browser_migration_contract" name="test_focused_f_selector_selects_only_carrier_lifecycle" time="0.002" /><testcase classname="backend.tests.test_browser_migration_contract" name="test_personal_analytics_mode_uses_canonical_disposable_contract" time="0.002" /><testcase classname="backend.tests.test_browser_migration_contract" name="test_stale_target_is_rejected_before_database_probe" time="0.002" /><testcase classname="backend.tests.test_browser_migration_contract" name="test_multiple_repository_heads_fail_closed" time="0.001" /><testcase classname="backend.tests.test_browser_migration_contract" name="test_database_revision_mismatch_blocks_qualification" time="0.001" /><testcase classname="backend.tests.test_cargo_options_authorization" name="test_cargo_options_allows_catalog_organization_admin_and_shipment_reader" time="1.079" /><testcase classname="backend.tests.test_cargo_options_authorization" name="test_cargo_options_keeps_unprivileged_authenticated_user_forbidden" time="1.111" /><testcase classname="backend.tests.test_cargo_transport_allocation" name="test_legacy_allocation_write_without_exact_execution_mapping_fails_safe" time="1.289" /><testcase classname="backend.tests.test_cargo_transport_allocation" name="test_legacy_transport_unit_create_never_creates_current_legacy_truth" time="0.972" /><testcase classname="backend.tests.test_cargo_transport_allocation" name="test_rg_direct_operation_transport_tracking_without_request" time="0.847" /><testcase classname="backend.tests.test_cargo_transport_allocation" name="test_tracking_prefers_canonical_shared_execution_allocation" time="1.063" /><testcase classname="backend.tests.test_cargo_transport_allocation" name="test_direct_shipment_split_allocation_preserves_overage_as_recorded" time="1.290" /><testcase classname="backend.tests.test_case_documents_fault_injection" name="test_temporary_write_failure_leaves_no_database_audit_temp_or_final_file[requirement]" time="0.864" /><testcase classname="backend.tests.test_case_documents_fault_injection" name="test_temporary_write_failure_leaves_no_database_audit_temp_or_final_file[miscellaneous]" time="1.229" /><testcase classname="backend.tests.test_case_documents_fault_injection" name="test_atomic_finalize_failure_rolls_back_and_removes_temporary_file[requirement]" time="0.790" /><testcase classname="backend.tests.test_case_documents_fault_injection" name="test_atomic_finalize_failure_rolls_back_and_removes_temporary_file[miscellaneous]" time="0.814" /><testcase classname="backend.tests.test_case_documents_fault_injection" name="test_flush_or_fsync_failure_leaves_no_database_audit_temp_or_final_file[flush]" time="0.795" /><testcase classname="backend.tests.test_case_documents_fault_injection" name="test_flush_or_fsync_failure_leaves_no_database_audit_temp_or_final_file[fsync]" time="0.839" /><testcase classname="backend.tests.test_case_documents_fault_injection" name="test_database_or_audit_failure_rolls_back_and_removes_final_binary[requirement-flush]" time="1.057" /><testcase classname="backend.tests.test_case_documents_fault_injection" name="test_database_or_audit_failure_rolls_back_and_removes_final_binary[requirement-commit]" time="0.902" /><testcase classname="backend.tests.test_case_documents_fault_injection" name="test_database_or_audit_failure_rolls_back_and_removes_final_binary[requirement-audit]" time="1.234" /><testcase classname="backend.tests.test_case_documents_fault_injection" name="test_database_or_audit_failure_rolls_back_and_removes_final_binary[miscellaneous-flush]" time="0.710" /><testcase classname="backend.tests.test_case_documents_fault_injection" name="test_database_or_audit_failure_rolls_back_and_removes_final_binary[miscellaneous-commit]" time="0.790" /><testcase classname="backend.tests.test_case_documents_fault_injection" name="test_database_or_audit_failure_rolls_back_and_removes_final_binary[miscellaneous-audit]" time="0.892" /><testcase classname="backend.tests.test_case_documents_fault_injection" name="test_replacement_failure_preserves_only_prior_active_version_and_binary[flush]" time="1.250" /><testcase classname="backend.tests.test_case_documents_fault_injection" name="test_replacement_failure_preserves_only_prior_active_version_and_binary[commit]" time="0.861" /><testcase classname="backend.tests.test_case_documents_fault_injection" name="test_replacement_failure_preserves_only_prior_active_version_and_binary[audit]" time="1.189" /><testcase classname="backend.tests.test_case_documents_postgresql" name="test_postgresql_concurrent_requirement_initialization_is_idempotent" time="0.000"><skipped type="pytest.skip" message="requires explicit DMS_DISPOSABLE_POSTGRES_URL and DMS_DISPOSABLE_STORAGE_ROOT">D:\1-webapp\forwarder-dev\phase3-p3-13-owner-transfer\backend\tests\test_case_documents_postgresql.py:127: requires explicit DMS_DISPOSABLE_POSTGRES_URL and DMS_DISPOSABLE_STORAGE_ROOT</skipped></testcase><testcase classname="backend.tests.test_case_documents_postgresql" name="test_postgresql_concurrent_first_uploads_allocate_unique_versions" time="0.000"><skipped type="pytest.skip" message="requires explicit DMS_DISPOSABLE_POSTGRES_URL and DMS_DISPOSABLE_STORAGE_ROOT">D:\1-webapp\forwarder-dev\phase3-p3-13-owner-transfer\backend\tests\test_case_documents_postgresql.py:171: requires explicit DMS_DISPOSABLE_POSTGRES_URL and DMS_DISPOSABLE_STORAGE_ROOT</skipped></testcase><testcase classname="backend.tests.test_case_documents_postgresql" name="test_postgresql_concurrent_replacement_serializes_and_has_safe_loser" time="0.000"><skipped type="pytest.skip" message="requires explicit DMS_DISPOSABLE_POSTGRES_URL and DMS_DISPOSABLE_STORAGE_ROOT">D:\1-webapp\forwarder-dev\phase3-p3-13-owner-transfer\backend\tests\test_case_documents_postgresql.py:191: requires explicit DMS_DISPOSABLE_POSTGRES_URL and DMS_DISPOSABLE_STORAGE_ROOT</skipped></testcase><testcase classname="backend.tests.test_case_documents_postgresql" name="test_postgresql_concurrent_max_count_allows_only_one_active_upload" time="0.000"><skipped type="pytest.skip" message="requires explicit DMS_DISPOSABLE_POSTGRES_URL and DMS_DISPOSABLE_STORAGE_ROOT">D:\1-webapp\forwarder-dev\phase3-p3-13-owner-transfer\backend\tests\test_case_documents_postgresql.py:225: requires explicit DMS_DISPOSABLE_POSTGRES_URL and DMS_DISPOSABLE_STORAGE_ROOT</skipped></testcase><testcase classname="backend.tests.test_case_documents_postgresql" name="test_postgresql_concurrent_miscellaneous_uploads_are_independent" time="0.000"><skipped type="pytest.skip" message="requires explicit DMS_DISPOSABLE_POSTGRES_URL and DMS_DISPOSABLE_STORAGE_ROOT">D:\1-webapp\forwarder-dev\phase3-p3-13-owner-transfer\backend\tests\test_case_documents_postgresql.py:245: requires explicit DMS_DISPOSABLE_POSTGRES_URL and DMS_DISPOSABLE_STORAGE_ROOT</skipped></testcase><testcase classname="backend.tests.test_control_tower_api" name="test_expert_admin_foreign_scope_and_platform_denial" time="1.079" /><testcase classname="backend.tests.test_control_tower_api" name="test_request_or_owner_mutation_cannot_transfer_fixed_scope[accepted_quote]" time="0.961" /><testcase classname="backend.tests.test_control_tower_api" name="test_request_or_owner_mutation_cannot_transfer_fixed_scope[direct]" time="1.501" /><testcase classname="backend.tests.test_control_tower_api" name="test_complete_empty_and_failure_are_distinct" time="1.228" /><testcase classname="backend.tests.test_control_tower_api" name="test_stale_empty_result_never_claims_healthy_operations" time="1.386" /><testcase classname="backend.tests.test_control_tower_api" name="test_invalid_responsibility_not_successful_empty" time="1.458" /><testcase classname="backend.tests.test_control_tower_api" name="test_cursor_round_trip_invalid_and_changed_filter" time="1.044" /><testcase classname="backend.tests.test_control_tower_api" name="test_attention_filter_evaluates_full_result_before_pagination" time="1.330" /><testcase classname="backend.tests.test_control_tower_api" name="test_search_is_server_side_authorized_and_reports_full_matching_total" time="1.147" /><testcase classname="backend.tests.test_control_tower_api" name="test_invalid_query_fails_safely[query0]" time="0.832" /><testcase classname="backend.tests.test_control_tower_api" name="test_invalid_query_fails_safely[query1]" time="0.763" /><testcase classname="backend.tests.test_control_tower_api" name="test_invalid_query_fails_safely[query2]" time="0.940" /><testcase classname="backend.tests.test_control_tower_api" name="test_invalid_query_fails_safely[query3]" time="0.743" /><testcase classname="backend.tests.test_control_tower_api" name="test_invalid_query_fails_safely[query4]" time="1.581" /><testcase classname="backend.tests.test_control_tower_api" name="test_real_source_response_allowlist_and_direct_capability_unchanged" time="1.415" /><testcase classname="backend.tests.test_control_tower_api" name="test_ct_gate_003_current_road_rail_route_serializes_combined_transport" time="1.157" /><testcase classname="backend.tests.test_control_tower_api" name="test_source_status_request_transport_and_notification_isolation" time="1.183" /><testcase classname="backend.tests.test_control_tower_api" name="test_revoked_expert_capability_is_governed_denial" time="0.821" /><testcase classname="backend.tests.test_control_tower_scalability_postgresql" name="test_control_tower_owned_postgresql_release_scale_contract" time="0.001"><skipped type="pytest.skip" message="owned disposable Control Tower PostgreSQL URL required">D:\1-webapp\forwarder-dev\phase3-p3-13-owner-transfer\backend\tests\test_control_tower_scalability_postgresql.py:60: owned disposable Control Tower PostgreSQL URL required</skipped></testcase><testcase classname="backend.tests.test_control_tower_sources" name="test_active_and_resolved_delay_specific_label_and_no_notes" time="1.338" /><testcase classname="backend.tests.test_control_tower_sources" name="test_active_exception_specific_safe_title" time="1.671" /><testcase classname="backend.tests.test_control_tower_sources" name="test_unsafe_reason_display_has_nonrevealing_fallback[\u0647\u0632\u06cc\u0646\u0647 \u062d\u0645\u0644 \u06f9\u06f9\u06f9 \u062f\u0644\u0627\u0631]" time="1.199" /><testcase classname="backend.tests.test_control_tower_sources" name="test_unsafe_reason_display_has_nonrevealing_fallback[PRIVATE margin]" time="1.081" /><testcase classname="backend.tests.test_control_tower_sources" name="test_unsafe_reason_display_has_nonrevealing_fallback[&lt;script&gt;\u062e\u0631\u0627\u0628\u06cc&lt;/script&gt;]" time="1.171" /><testcase classname="backend.tests.test_control_tower_sources" name="test_oip_high_high_enriches_one_existing_reason" time="1.464" /><testcase classname="backend.tests.test_control_tower_sources" name="test_stale_unlinked_foreign_oip_ignored[version]" time="1.337" /><testcase classname="backend.tests.test_control_tower_sources" name="test_stale_unlinked_foreign_oip_ignored[evidence]" time="1.034" /><testcase classname="backend.tests.test_control_tower_sources" name="test_stale_unlinked_foreign_oip_ignored[signal]" time="1.893" /><testcase classname="backend.tests.test_control_tower_sources" name="test_stale_unlinked_foreign_oip_ignored[watermark]" time="1.407" /><testcase classname="backend.tests.test_control_tower_sources" name="test_stale_unlinked_foreign_oip_ignored[projection]" time="1.182" /><testcase classname="backend.tests.test_control_tower_sources" name="test_stale_unlinked_foreign_oip_ignored[dimensions]" time="1.094" /><testcase classname="backend.tests.test_control_tower_sources" name="test_stale_unlinked_foreign_oip_ignored[tenant]" time="1.199" /><testcase classname="backend.tests.test_control_tower_sources" name="test_stale_unlinked_foreign_oip_ignored[shipment]" time="0.948" /><testcase classname="backend.tests.test_control_tower_sources" name="test_stale_unlinked_foreign_oip_ignored[fact_tenant]" time="1.791" /><testcase classname="backend.tests.test_control_tower_sources" name="test_stale_unlinked_foreign_oip_ignored[fact_shipment]" time="1.577" /><testcase classname="backend.tests.test_control_tower_sources" name="test_stale_unlinked_foreign_oip_ignored[policy]" time="1.290" /><testcase classname="backend.tests.test_control_tower_sources" name="test_stale_unlinked_foreign_oip_ignored[terminal]" time="1.161" /><testcase classname="backend.tests.test_control_tower_sources" name="test_supported_work_meaning_level_and_time[CHECKPOINT_OVERDUE-warning-FOLLOW_UP]" time="1.337" /><testcase classname="backend.tests.test_control_tower_sources" name="test_supported_work_meaning_level_and_time[ROUTE_DEPENDENCY_BLOCKED-critical-URGENT]" time="1.172" /><testcase classname="backend.tests.test_control_tower_sources" name="test_supported_work_meaning_level_and_time[REPLAN_REQUIRED-critical-URGENT]" time="1.037" /><testcase classname="backend.tests.test_control_tower_sources" name="test_supported_work_meaning_level_and_time[OVERDUE_MILESTONE-warning-FOLLOW_UP]" time="1.867" /><testcase classname="backend.tests.test_control_tower_sources" name="test_ineligible_work_excluded[closed]" time="1.706" /><testcase classname="backend.tests.test_control_tower_sources" name="test_ineligible_work_excluded[superseded]" time="1.208" /><testcase classname="backend.tests.test_control_tower_sources" name="test_ineligible_work_excluded[cancelled_checkpoint]" time="1.328" /><testcase classname="backend.tests.test_control_tower_sources" name="test_ineligible_work_excluded[verified]" time="1.122" /><testcase classname="backend.tests.test_control_tower_sources" name="test_ineligible_work_excluded[completed]" time="1.039" /><testcase classname="backend.tests.test_control_tower_sources" name="test_ineligible_work_excluded[unsupported]" time="1.181" /><testcase classname="backend.tests.test_control_tower_sources" name="test_ineligible_work_excluded[missing_link]" time="1.736" /><testcase classname="backend.tests.test_control_tower_sources" name="test_work_due_mismatch_omitted_and_severity_not_generalized" time="1.078" /><testcase classname="backend.tests.test_control_tower_sources" name="test_dependency_synthetic_due_never_promotes_high_oip" time="1.626" /><testcase classname="backend.tests.test_control_tower_sources" name="test_governed_overdue_enrichment_and_policy_revocation" time="1.058" /><testcase classname="backend.tests.test_control_tower_sources" name="test_checkpoint_verified_oip_urgency_and_no_duplicate_reason" time="0.964" /><testcase classname="backend.tests.test_control_tower_sources" name="test_readiness_blocker_uncertainty_and_mixed_one_transition[levels0-FOLLOW_UP]" time="1.199" /><testcase classname="backend.tests.test_control_tower_sources" name="test_readiness_blocker_uncertainty_and_mixed_one_transition[levels1-REVIEW]" time="1.120" /><testcase classname="backend.tests.test_control_tower_sources" name="test_readiness_blocker_uncertainty_and_mixed_one_transition[levels2-FOLLOW_UP]" time="1.681" /><testcase classname="backend.tests.test_control_tower_sources" name="test_readiness_financial_catalog_label_suppressed[FINANCE-False]" time="0.937" /><testcase classname="backend.tests.test_control_tower_sources" name="test_readiness_financial_catalog_label_suppressed[None-True]" time="1.000" /><testcase classname="backend.tests.test_control_tower_sources" name="test_readiness_existing_artifact_decision_only_and_fresh_state" time="1.511" /><testcase classname="backend.tests.test_control_tower_sources" name="test_foreign_readiness_link_fails_evaluation_without_disclosure[association]" time="1.238" /><testcase classname="backend.tests.test_control_tower_sources" name="test_foreign_readiness_link_fails_evaluation_without_disclosure[artifact]" time="1.519" /><testcase classname="backend.tests.test_control_tower_sources" name="test_foreign_readiness_link_fails_evaluation_without_disclosure[assessment]" time="1.793" /><testcase classname="backend.tests.test_control_tower_sources" name="test_readiness_optional_override_and_direct_not_applicable" time="2.058" /><testcase classname="backend.tests.test_control_tower_sources" name="test_request_reassignment_preserves_context_but_owner_revocation_denies[evaluate_active_execution]" time="0.885" /><testcase classname="backend.tests.test_control_tower_sources" name="test_request_reassignment_preserves_context_but_owner_revocation_denies[evaluate_open_work]" time="1.012" /><testcase classname="backend.tests.test_control_tower_sources" name="test_request_reassignment_preserves_context_but_owner_revocation_denies[evaluate_readiness]" time="1.018" /><testcase classname="backend.tests.test_control_tower_sources" name="test_revocation_during_evaluation_fails_before_disclosure" time="0.976" /><testcase classname="backend.tests.test_control_tower_sources" name="test_admin_summary_without_grants_platform_denied_and_foreign_sources" time="1.351" /><testcase classname="backend.tests.test_control_tower_sources" name="test_failure_is_never_successful_empty_and_is_opaque[evaluate_active_execution-_active_execution-active_execution]" time="0.888" /><testcase classname="backend.tests.test_control_tower_sources" name="test_failure_is_never_successful_empty_and_is_opaque[evaluate_open_work-_open_work-open_work]" time="1.066" /><testcase classname="backend.tests.test_control_tower_sources" name="test_failure_is_never_successful_empty_and_is_opaque[evaluate_readiness-_readiness-readiness]" time="1.874" /><testcase classname="backend.tests.test_control_tower_sources" name="test_read_only_bounded_queries_and_no_autoflush" time="1.168" /><testcase classname="backend.tests.test_control_tower_sources" name="test_translation_catalog_covers_all_semantics_and_rejects_protected_labels" time="0.002" /><testcase classname="backend.tests.test_control_tower_sources" name="test_oip_enriches_only_matching_source_and_high_severity_alone_is_insufficient" time="1.176" /><testcase classname="backend.tests.test_country_port_customs_domain" name="test_country_seed_is_idempotent_and_does_not_create_geography" time="0.817" /><testcase classname="backend.tests.test_country_port_customs_domain" name="test_country_seed_fails_closed_on_alias_without_code" time="0.710" /><testcase classname="backend.tests.test_country_port_customs_domain" name="test_customs_validation_and_explicit_relationship" time="0.961" /><testcase classname="backend.tests.test_country_port_customs_domain" name="test_zero_customs_is_valid_empty_state" time="1.046" /><testcase classname="backend.tests.test_country_port_customs_domain" name="test_customs_update_rejects_blank_name_and_non_boolean_active" time="0.931" /><testcase classname="backend.tests.test_crm_customer_create_from_request_preview" name="test_customer_create_preview_requires_crm_access" time="0.865" /><testcase classname="backend.tests.test_crm_customer_create_from_request_preview" name="test_customer_create_preview_returns_suggestions_duplicates_and_metadata" time="1.765" /><testcase classname="backend.tests.test_crm_customer_create_from_request_preview" name="test_customer_create_preview_does_not_mutate_any_crm_or_shipment_state" time="0.969" /><testcase classname="backend.tests.test_crm_customer_create_from_request_preview" name="test_customer_create_preview_reports_missing_required_fields" time="0.962" /><testcase classname="backend.tests.test_crm_customer_create_from_request_preview" name="test_customer_create_preview_returns_404_for_missing_request" time="0.712" /><testcase classname="backend.tests.test_crm_customer_create_from_request_preview" name="test_create_customer_from_request_requires_duplicate_acknowledgement" time="0.893" /><testcase classname="backend.tests.test_crm_customer_create_from_request_preview" name="test_create_customer_from_request_can_create_and_link_with_audit" time="0.862" /><testcase classname="backend.tests.test_crm_customer_create_from_request_preview" name="test_create_customer_from_request_can_create_without_link_or_audit" time="0.894" /><testcase classname="backend.tests.test_crm_customer_create_from_request_preview" name="test_create_customer_from_request_rejects_invalid_payload_without_writes" time="0.770" /><testcase classname="backend.tests.test_crm_read_contract" name="test_crm_read_endpoints_preserve_response_contracts" time="1.745" /><testcase classname="backend.tests.test_customer_entitlement" name="test_positive_cargo_document_current_grant_revoke_and_exact_version" time="1.691" /><testcase classname="backend.tests.test_customer_entitlement" name="test_many_to_many_independent_revocation_and_disabled_targets" time="1.353" /><testcase classname="backend.tests.test_customer_entitlement" name="test_only_same_organization_admin_may_manage[owner]" time="0.783" /><testcase classname="backend.tests.test_customer_entitlement" name="test_only_same_organization_admin_may_manage[peer]" time="0.955" /><testcase classname="backend.tests.test_customer_entitlement" name="test_only_same_organization_admin_may_manage[foreign]" time="0.676" /><testcase classname="backend.tests.test_customer_entitlement" name="test_only_same_organization_admin_may_manage[platform]" time="0.818" /><testcase classname="backend.tests.test_customer_entitlement" name="test_cross_tenant_self_grant_invalid_and_replay_denials" time="1.778" /><testcase classname="backend.tests.test_customer_entitlement" name="test_filtering_precedes_pagination_and_customer_commands_are_absent" time="4.216" /><testcase classname="backend.tests.test_customer_entitlement" name="test_replacement_cannot_bypass_new_version_internal_policy" time="1.116" /><testcase classname="backend.tests.test_customer_entitlement" name="test_dn10_openapi_and_tenant_inventory_cover_runtime" time="2.872" /><testcase classname="backend.tests.test_customer_gamification_contract" name="test_customer_registration_contract" time="1.210" /><testcase classname="backend.tests.test_customer_gamification_contract" name="test_customer_registration_email_failure_contract" time="1.180" /><testcase classname="backend.tests.test_customer_gamification_contract" name="test_customer_registration_rollback_contract" time="2.223" /><testcase classname="backend.tests.test_customer_gamification_contract" name="test_customer_email_verification_and_complete_step_contract" time="1.648" /><testcase classname="backend.tests.test_customer_gamification_contract" name="test_customer_complete_step_missing_customer_contract" time="1.475" /><testcase classname="backend.tests.test_customer_gamification_contract" name="test_customer_email_verification_rollback_contract" time="1.384" /><testcase classname="backend.tests.test_customer_gamification_contract" name="test_customer_complete_step_rollback_contract" time="1.457" /><testcase classname="backend.tests.test_customer_gamification_contract" name="test_customer_profile_and_workflow_read_contract" time="1.907" /><testcase classname="backend.tests.test_customer_gamification_contract" name="test_customer_leaderboard_contract" time="1.583" /><testcase classname="backend.tests.test_customer_portal_account_lifecycle_migration" name="test_customer_portal_lifecycle_is_the_single_linear_repository_head" time="0.143" /><testcase classname="backend.tests.test_customer_portal_account_lifecycle_migration" name="test_customer_portal_lifecycle_upgrade_backfills_and_roundtrips_legacy_data" time="0.665" /><testcase classname="backend.tests.test_customer_portal_account_lifecycle_migration" name="test_customer_portal_lifecycle_downgrade_refuses_account_evidence" time="0.648" /><testcase classname="backend.tests.test_customer_recovery_email_service" name="test_enabled_production_configuration_fails_closed_when_incomplete" time="0.002" /><testcase classname="backend.tests.test_customer_recovery_email_service" name="test_nonproduction_delivery_is_suppressed_without_opening_smtp" time="0.003" /><testcase classname="backend.tests.test_customer_recovery_email_service" name="test_production_delivery_uses_smtp_without_logging_capability" time="0.030" /><testcase classname="backend.tests.test_customer_recovery_email_service" name="test_smtp_failure_returns_failed_without_exposing_exception" time="0.008" /><testcase classname="backend.tests.test_dashboard_canonical_manifest" name="test_system_manifest_is_valid_and_path_independent" time="0.005" /><testcase classname="backend.tests.test_dashboard_canonical_manifest" name="test_frozen_control_tower_parity_hash" time="0.004" /><testcase classname="backend.tests.test_dashboard_persistence_contract" name="test_exact_clone_revision_and_private_tenant_boundary" time="1.077" /><testcase classname="backend.tests.test_dashboard_persistence_contract" name="test_revision_concurrency_and_lifecycle_do_not_mutate_history" time="0.913" /><testcase classname="backend.tests.test_dashboard_persistence_contract" name="test_invalid_definition_creates_no_revision" time="2.404" /><testcase classname="backend.tests.test_dashboard_persistence_contract" name="test_dashboard_entitlement_is_independent_from_shipment_read" time="1.628" /><testcase classname="backend.tests.test_dms_current_head_compatibility_postgresql" name="test_integrated_head_dms_identity_version_integrity_audit_and_tenant_boundary" time="0.007"><skipped type="pytest.skip" message="explicit disposable Integrated RC PostgreSQL URL not provided">D:\1-webapp\forwarder-dev\phase3-p3-13-owner-transfer\backend\tests\test_dms_current_head_compatibility_postgresql.py:34: explicit disposable Integrated RC PostgreSQL URL not provided</skipped></testcase><testcase classname="backend.tests.test_document_catalog_package" name="test_schema_checksum_and_canonical_order_validation" time="2.011" /><testcase classname="backend.tests.test_document_catalog_package" name="test_plan_is_read_only_and_reports_create" time="2.432" /><testcase classname="backend.tests.test_document_catalog_package" name="test_apply_prerequisites[changes0-confirmation]" time="1.940" /><testcase classname="backend.tests.test_document_catalog_package" name="test_apply_prerequisites[changes1-operator]" time="1.597" /><testcase classname="backend.tests.test_document_catalog_package" name="test_apply_prerequisites[changes2-approval]" time="1.880" /><testcase classname="backend.tests.test_document_catalog_package" name="test_apply_prerequisites[changes3-checksum]" time="1.295" /><testcase classname="backend.tests.test_document_catalog_package" name="test_apply_prerequisites[changes4-fingerprint]" time="1.215" /><testcase classname="backend.tests.test_document_catalog_package" name="test_apply_prerequisites[changes5-environment]" time="1.770" /><testcase classname="backend.tests.test_document_catalog_package" name="test_apply_prerequisites[changes6-production confirmation]" time="1.632" /><testcase classname="backend.tests.test_document_catalog_package" name="test_apply_is_audited_idempotent_and_reapply_is_no_change" time="2.655" /><testcase classname="backend.tests.test_document_catalog_package" name="test_idempotency_key_cannot_be_reused_for_a_different_request" time="1.621" /><testcase classname="backend.tests.test_document_catalog_package" name="test_manual_definition_can_only_be_additively_enriched" time="1.681" /><testcase classname="backend.tests.test_document_catalog_package" name="test_alias_collision_and_missing_country_are_plan_conflicts" time="1.916" /><testcase classname="backend.tests.test_document_catalog_package" name="test_active_requires_confirmed_provenance" time="1.955" /><testcase classname="backend.tests.test_document_catalog_package" name="test_unsafe_lifecycle_is_a_sanitized_conflict" time="1.083" /><testcase classname="backend.tests.test_document_catalog_package" name="test_cli_exit_codes_and_machine_readable_plan" time="1.277" /><testcase classname="backend.tests.test_document_catalog_package" name="test_certification_parser_consumes_actual_flat_cli_apply_output" time="1.087" /><testcase classname="backend.tests.test_document_catalog_package" name="test_apply_rolls_back_catalog_writes_and_persists_sanitized_failure" time="1.612" /><testcase classname="backend.tests.test_document_catalog_package" name="test_omitted_existing_definition_is_untouched" time="1.806" /><testcase classname="backend.tests.test_exception_reconciliation_races_postgresql" name="test_manual_resolve_and_automatic_reconcile_repeated_races" time="0.002"><skipped type="pytest.skip" message="explicit Phase 1B disposable PostgreSQL URL not provided">D:\1-webapp\forwarder-dev\phase3-p3-13-owner-transfer\backend\tests\test_exception_reconciliation_races_postgresql.py:255: explicit Phase 1B disposable PostgreSQL URL not provided</skipped></testcase><testcase classname="backend.tests.test_exception_reconciliation_races_postgresql" name="test_replan_and_exception_reconcile_repeated_race" time="0.002"><skipped type="pytest.skip" message="explicit Phase 1B disposable PostgreSQL URL not provided">D:\1-webapp\forwarder-dev\phase3-p3-13-owner-transfer\backend\tests\test_exception_reconciliation_races_postgresql.py:419: explicit Phase 1B disposable PostgreSQL URL not provided</skipped></testcase><testcase classname="backend.tests.test_execution_units" name="test_create_generated_code_list_detail_filters_and_no_timeline_eager_load" time="3.528" /><testcase classname="backend.tests.test_execution_units" name="test_event_idempotency_concurrency_and_customer_projection" time="1.867" /><testcase classname="backend.tests.test_execution_units" name="test_structured_event_location_is_snapshot_not_checkpoint_text" time="1.336" /><testcase classname="backend.tests.test_execution_units" name="test_internal_event_never_leaks_and_cross_org_is_404_safe" time="1.384" /><testcase classname="backend.tests.test_execution_units" name="test_project_only_execution_fails_closed_for_basic_expert" time="1.173" /><testcase classname="backend.tests.test_execution_units" name="test_current_carrier_survives_eligibility_removal_while_options_follow_role" time="1.564" /><testcase classname="backend.tests.test_execution_units" name="test_summary_alerts_stale_policy_and_500_unit_10000_event_bounded_queries" time="5.807" /><testcase classname="backend.tests.test_execution_units" name="test_execution_unit_migration_is_single_head" time="0.135" /><testcase classname="backend.tests.test_execution_units" name="test_execution_unit_migration_parent_round_trip_and_indexes" time="0.849" /><testcase classname="backend.tests.test_expert_membership_permissions" name="test_organization_expert_provisioning_receives_operational_baseline" time="1.912" /><testcase classname="backend.tests.test_expert_membership_permissions" name="test_expert_baseline_reconciliation_is_additive_and_idempotent" time="0.981" /><testcase classname="backend.tests.test_expert_membership_permissions" name="test_organization_cannot_create_legacy_crm_manager_role" time="1.147" /><testcase classname="backend.tests.test_expert_membership_permissions" name="test_legacy_admin_role_does_not_establish_organization_admin_authority" time="0.963" /><testcase classname="backend.tests.test_expert_sla_migration" name="test_expert_sla_upgrade_constraints_and_downgrade" time="0.494" /><testcase classname="backend.tests.test_external_reference_type_certification_harness" name="test_harness_explicit_internal_helper_import_avoids_wildcard_name_error" time="0.921" /><testcase classname="backend.tests.test_external_reference_type_package" name="test_reviewed_package_checksum_and_clean_plan" time="0.878" /><testcase classname="backend.tests.test_external_reference_type_package" name="test_apply_replay_no_change_and_request_hash_conflict" time="2.250" /><testcase classname="backend.tests.test_external_reference_type_package" name="test_invalid_fourth_type_and_checksum_fail_closed" time="0.930" /><testcase classname="backend.tests.test_external_reference_type_package" name="test_mid_apply_failure_rolls_back_catalog_rows" time="1.135" /><testcase classname="backend.tests.test_fixed_shipment_owner_migration" name="test_fixed_owner_migration_is_linear_fail_closed_and_never_uses_request_assignee" time="0.140" /><testcase classname="backend.tests.test_fixed_shipment_owner_migration" name="test_runtime_model_requires_one_persisted_owner" time="0.002" /><testcase classname="backend.tests.test_g0_proposal_service" name="test_synthetic_proposal_is_deterministic_advisory_and_in_memory" time="0.003" /><testcase classname="backend.tests.test_g0_proposal_service" name="test_only_missing_information_and_ambiguity_findings_are_emitted" time="0.003" /><testcase classname="backend.tests.test_g0_proposal_service" name="test_output_does_not_echo_confirmed_or_ambiguous_values" time="0.003" /><testcase classname="backend.tests.test_g0_proposal_service" name="test_approved_deidentified_input_requires_bounded_approval_reference" time="0.003" /><testcase classname="backend.tests.test_g0_proposal_service" name="test_real_or_unapproved_input_classifications_fail_closed[real]" time="0.002" /><testcase classname="backend.tests.test_g0_proposal_service" name="test_real_or_unapproved_input_classifications_fail_closed[operational]" time="0.002" /><testcase classname="backend.tests.test_g0_proposal_service" name="test_real_or_unapproved_input_classifications_fail_closed[production]" time="0.002" /><testcase classname="backend.tests.test_g0_proposal_service" name="test_real_or_unapproved_input_classifications_fail_closed[]" time="0.002" /><testcase classname="backend.tests.test_g0_proposal_service" name="test_only_exact_deterministic_mock_mode_is_allowed[None]" time="0.002" /><testcase classname="backend.tests.test_g0_proposal_service" name="test_only_exact_deterministic_mock_mode_is_allowed[]" time="0.002" /><testcase classname="backend.tests.test_g0_proposal_service" name="test_only_exact_deterministic_mock_mode_is_allowed[disabled]" time="0.002" /><testcase classname="backend.tests.test_g0_proposal_service" name="test_only_exact_deterministic_mock_mode_is_allowed[openai]" time="0.002" /><testcase classname="backend.tests.test_g0_proposal_service" name="test_only_exact_deterministic_mock_mode_is_allowed[Deterministic_Mock]" time="0.002" /><testcase classname="backend.tests.test_g0_proposal_service" name="test_unknown_contract_reason_and_unbounded_evidence_fail_closed" time="0.003" /><testcase classname="backend.tests.test_g0_proposal_service" name="test_forged_context_envelope_aggregate_metadata_and_candidate_fail_closed" time="0.003" /><testcase classname="backend.tests.test_g0_proposal_service" name="test_invented_excluded_or_mismatched_evidence_fails_closed" time="0.008" /><testcase classname="backend.tests.test_g0_proposal_service" name="test_finding_and_proposal_objects_are_immutable" time="0.003" /><testcase classname="backend.tests.test_g0_proposal_service" name="test_execution_does_not_access_db_network_environment_config_or_files" time="0.002" /><testcase classname="backend.tests.test_global_logistics_point_adoptions" name="test_authority_eligibility_and_server_derived_tenant" time="1.248" /><testcase classname="backend.tests.test_global_logistics_point_adoptions" name="test_two_tenant_adoption_isolation_metadata_and_no_materialization" time="1.232" /><testcase classname="backend.tests.test_global_logistics_point_adoptions" name="test_update_lifecycle_version_and_platform_deprecation_preserves_history" time="1.617" /><testcase classname="backend.tests.test_global_logistics_point_catalog_importer" name="test_approved_package_is_strict_exact_nine" time="0.003" /><testcase classname="backend.tests.test_global_logistics_point_catalog_importer" name="test_modified_missing_expanded_or_unexpected_package_is_rejected[&lt;lambda&gt;0]" time="0.036" /><testcase classname="backend.tests.test_global_logistics_point_catalog_importer" name="test_modified_missing_expanded_or_unexpected_package_is_rejected[&lt;lambda&gt;1]" time="0.036" /><testcase classname="backend.tests.test_global_logistics_point_catalog_importer" name="test_modified_missing_expanded_or_unexpected_package_is_rejected[&lt;lambda&gt;2]" time="0.038" /><testcase classname="backend.tests.test_global_logistics_point_catalog_importer" name="test_modified_missing_expanded_or_unexpected_package_is_rejected[&lt;lambda&gt;3]" time="0.035" /><testcase classname="backend.tests.test_global_logistics_point_catalog_importer" name="test_checksum_mismatch_and_original_39_row_package_are_rejected" time="0.034" /><testcase classname="backend.tests.test_global_logistics_point_catalog_importer" name="test_plan_apply_children_idempotency_and_evidence" time="1.136" /><testcase classname="backend.tests.test_global_logistics_point_catalog_importer" name="test_only_active_platform_admin_may_apply[ORGANIZATION_ADMIN-True]" time="0.871" /><testcase classname="backend.tests.test_global_logistics_point_catalog_importer" name="test_only_active_platform_admin_may_apply[EXPERT-True]" time="1.156" /><testcase classname="backend.tests.test_global_logistics_point_catalog_importer" name="test_only_active_platform_admin_may_apply[PLATFORM_ADMIN-False]" time="2.011" /><testcase classname="backend.tests.test_global_logistics_point_catalog_importer" name="test_operator_approval_and_checksum_are_explicit" time="0.791" /><testcase classname="backend.tests.test_global_logistics_point_catalog_importer" name="test_conflict_refuses_all_catalog_writes_and_persists_evidence" time="0.980" /><testcase classname="backend.tests.test_global_logistics_point_catalog_importer" name="test_failure_rolls_back_points_and_sanitizes_persisted_evidence" time="0.598" /><testcase classname="backend.tests.test_global_logistics_point_catalog_importer" name="test_cli_plan_is_read_only_and_apply_requires_confirm" time="0.516" /><testcase classname="backend.tests.test_global_logistics_point_materialization" name="test_materialize_valid_idempotent_and_provenance" time="0.918" /><testcase classname="backend.tests.test_global_logistics_point_materialization" name="test_materialization_eligibility_tenant_scope_and_strict_payload" time="0.851" /><testcase classname="backend.tests.test_global_logistics_point_materialization" name="test_deprecation_and_adoption_deactivation_preserve_materialized_point_without_sync" time="0.988" /><testcase classname="backend.tests.test_global_logistics_point_materialization" name="test_adoption_does_not_automatically_materialize" time="0.710" /><testcase classname="backend.tests.test_global_logistics_point_materialization" name="test_add_from_reference_is_atomic_idempotent_and_preserves_provenance" time="1.979" /><testcase classname="backend.tests.test_global_logistics_point_materialization" name="test_operational_selector_converges_private_and_adopted_tenant_points" time="1.244" /><testcase classname="backend.tests.test_global_logistics_point_materialization" name="test_add_from_reference_refuses_inactive_adoption_and_deprecated_global" time="1.317" /><testcase classname="backend.tests.test_global_logistics_point_materialization" name="test_phase4b_materialized_point_uses_ordinary_tracking_and_project_contracts" time="2.093" /><testcase classname="backend.tests.test_global_logistics_points" name="test_schema_identity_constraints_and_existing_domains_are_untouched" time="1.046" /><testcase classname="backend.tests.test_global_logistics_points" name="test_platform_read_requires_platform_authority_not_membership" time="1.014" /><testcase classname="backend.tests.test_global_logistics_points" name="test_list_filters_pagination_order_and_safe_projection" time="0.893" /><testcase classname="backend.tests.test_global_logistics_points" name="test_detail_uses_only_opaque_identity_and_not_found_is_safe" time="0.628" /><testcase classname="backend.tests.test_global_logistics_points" name="test_governed_create_security_and_duplicate_conflicts" time="1.622" /><testcase classname="backend.tests.test_global_logistics_points" name="test_all_write_actions_deny_non_platform_authorities" time="0.564" /><testcase classname="backend.tests.test_global_logistics_points" name="test_metadata_replacement_optimistic_lock_and_immutable_fields" time="0.911" /><testcase classname="backend.tests.test_global_logistics_points" name="test_verification_activation_and_deprecation_state_machine" time="0.848" /><testcase classname="backend.tests.test_global_logistics_points" name="test_validation_coordinates_timezone_and_external_code_collision" time="0.729" /><testcase classname="backend.tests.test_governed_international_geography" name="test_snapshot_contract_and_empty_database_reconcile_to_iran_and_turkmenistan" time="0.653" /><testcase classname="backend.tests.test_governed_international_geography" name="test_upgrade_enriches_legacy_iran_location_without_reactivation" time="0.796" /><testcase classname="backend.tests.test_governed_international_geography" name="test_reconciliation_is_idempotent_and_unlocode_identity_is_duplicate_protected" time="0.674" /><testcase classname="backend.tests.test_governed_international_geography" name="test_selector_and_canonical_request_persistence_for_turkmenistan" time="0.731" /><testcase classname="backend.tests.test_governed_international_geography" name="test_iran_is_consumable_in_both_public_selector_flows" time="0.700" /><testcase classname="backend.tests.test_governed_international_geography" name="test_governed_iran_operation_reference_returns_tehran_ikia_and_bandar_abbas" time="0.659" /><testcase classname="backend.tests.test_governed_international_geography" name="test_readiness_reports_inactive_without_treating_reference_as_missing" time="1.503" /><testcase classname="backend.tests.test_integrated_certification_bootstrap" name="test_bootstrap_contract_is_guarded_and_secret_safe" time="0.003" /><testcase classname="backend.tests.test_iran_current_route_read" name="test_current_write_read[False-True]" time="0.715" /><testcase classname="backend.tests.test_iran_current_route_read" name="test_current_write_read[True-True]" time="0.642" /><testcase classname="backend.tests.test_iran_current_route_read" name="test_current_write_read[True-False]" time="0.778" /><testcase classname="backend.tests.test_iran_current_route_read" name="test_current_write_read[False-False]" time="0.650" /><testcase classname="backend.tests.test_iran_current_route_read" name="test_current_iran_invalid_city_rejected[missing]" time="0.686" /><testcase classname="backend.tests.test_iran_current_route_read" name="test_current_iran_invalid_city_rejected[inactive]" time="0.616" /><testcase classname="backend.tests.test_iran_current_route_read" name="test_current_iran_invalid_city_rejected[mismatched]" time="0.597" /><testcase classname="backend.tests.test_iran_current_route_read" name="test_read_does_not_mark_invalid_current_iran_identity_complete[missing]" time="0.673" /><testcase classname="backend.tests.test_iran_current_route_read" name="test_read_does_not_mark_invalid_current_iran_identity_complete[mismatched]" time="0.602" /><testcase classname="backend.tests.test_iran_current_route_read" name="test_deactivation_does_not_erase_historical_current_identity" time="0.869" /><testcase classname="backend.tests.test_iran_current_route_read" name="test_legacy_typed_iran_read_preserves_destination[city]" time="1.325" /><testcase classname="backend.tests.test_iran_current_route_read" name="test_legacy_typed_iran_read_preserves_destination[port]" time="0.448" /><testcase classname="backend.tests.test_iran_current_route_read" name="test_legacy_typed_iran_read_preserves_destination[customs]" time="0.535" /><testcase classname="backend.tests.test_legacy_datetime" name="test_serialize_verified_legacy_utc_naive_without_shift" time="0.001" /><testcase classname="backend.tests.test_legacy_datetime" name="test_serialize_tehran_round_trip_utc_instant" time="0.001" /><testcase classname="backend.tests.test_legacy_datetime" name="test_serialize_utc_aware" time="0.001" /><testcase classname="backend.tests.test_legacy_datetime" name="test_serialize_offset_aware_to_same_instant" time="0.001" /><testcase classname="backend.tests.test_legacy_datetime" name="test_serialize_none" time="0.001" /><testcase classname="backend.tests.test_location_admin" name="test_domestic_hierarchy_create_and_validation" time="0.563" /><testcase classname="backend.tests.test_location_admin" name="test_international_create_and_unique_country_code" time="0.474" /><testcase classname="backend.tests.test_location_admin" name="test_iran_port_requires_valid_province" time="0.501" /><testcase classname="backend.tests.test_location_admin" name="test_deactivate_is_soft_and_hidden_from_active_lists" time="0.768" /><testcase classname="backend.tests.test_location_admin" name="test_routes_require_admin" time="0.917" /><testcase classname="backend.tests.test_location_admin" name="test_route_create_list_update_deactivate_roundtrip" time="1.164" /><testcase classname="backend.tests.test_manage_create_admin" name="test_command_exists_and_unknown_command_is_rejected" time="0.008" /><testcase classname="backend.tests.test_manage_create_admin" name="test_console_encoding_configuration_is_safe" time="0.003" /><testcase classname="backend.tests.test_manage_create_admin" name="test_success_creates_exactly_one_compatible_active_admin" time="2.186" /><testcase classname="backend.tests.test_manage_create_admin" name="test_invalid_interactive_values_are_rejected_without_insert[answers0-passwords0-\u0646\u0627\u0645 \u0645\u062f\u06cc\u0631 \u0646\u0645\u06cc\u200c\u062a\u0648\u0627\u0646\u062f \u062e\u0627\u0644\u06cc \u0628\u0627\u0634\u062f]" time="0.668" /><testcase classname="backend.tests.test_manage_create_admin" name="test_invalid_interactive_values_are_rejected_without_insert[answers1-passwords1-\u0646\u0627\u0645 \u06a9\u0627\u0631\u0628\u0631\u06cc \u0646\u0645\u06cc\u200c\u062a\u0648\u0627\u0646\u062f \u062e\u0627\u0644\u06cc \u0628\u0627\u0634\u062f]" time="0.572" /><testcase classname="backend.tests.test_manage_create_admin" name="test_invalid_interactive_values_are_rejected_without_insert[answers2-passwords2-\u06cc\u06a9\u0633\u0627\u0646 \u0646\u06cc\u0633\u062a\u0646\u062f]" time="0.508" /><testcase classname="backend.tests.test_manage_create_admin" name="test_confirmation_defaults_to_no_and_never_opens_database_context" time="0.604" /><testcase classname="backend.tests.test_manage_create_admin" name="test_duplicate_does_not_overwrite_promote_or_reset_existing_user" time="1.757" /><testcase classname="backend.tests.test_manage_create_admin" name="test_database_failure_rolls_back_without_sensitive_output" time="0.903" /><testcase classname="backend.tests.test_manage_create_admin" name="test_prompts_are_limited_to_required_values_and_role_is_not_prompted" time="0.555" /><testcase classname="backend.tests.test_manage_create_admin" name="test_model_schema_and_scope_are_unchanged" time="0.001" /><testcase classname="backend.tests.test_master_data_migration" name="test_master_data_is_single_additive_head" time="0.081" /><testcase classname="backend.tests.test_mdpm_readiness" name="test_missing_and_unapproved_block_then_approval_allows" time="0.787" /><testcase classname="backend.tests.test_mdpm_readiness" name="test_assigned_expert_cannot_materialize_high_risk_readiness" time="0.604" /><testcase classname="backend.tests.test_mdpm_readiness" name="test_verification_conditional_replacement_and_single_use_override" time="0.910" /><testcase classname="backend.tests.test_mdpm_readiness" name="test_eligible_projection_status_and_remove_are_exact_versioned" time="0.970" /><testcase classname="backend.tests.test_mdpm_readiness" name="test_append_and_unassociated_replace_do_not_change_readiness_but_associated_replace_does" time="1.948" /><testcase classname="backend.tests.test_mdpm_readiness" name="test_file_without_proven_tenant_is_not_eligible" time="0.959" /><testcase classname="backend.tests.test_mdpm_readiness" name="test_same_request_file_can_satisfy_independent_shipment_requirements" time="1.070" /><testcase classname="backend.tests.test_mt1_ownership_contract" name="test_canonical_roots_have_explicit_ownership_envelopes" time="0.001" /><testcase classname="backend.tests.test_mt1_ownership_contract" name="test_quote_has_mechanical_same_tenant_fk_in_migration" time="0.001" /><testcase classname="backend.tests.test_mt1_ownership_contract" name="test_null_or_intake_resource_cannot_be_used_as_tenant_resource" time="0.001" /><testcase classname="backend.tests.test_mt1_ownership_contract" name="test_assignment_never_establishes_ownership" time="0.001" /><testcase classname="backend.tests.test_mt1_ownership_contract" name="test_tenant_resource_requires_and_returns_canonical_owner" time="0.001" /><testcase classname="backend.tests.test_mt1_ownership_contract" name="test_document_audit_is_mixed_scope_not_fake_tenant" time="0.001" /><testcase classname="backend.tests.test_mt1_ownership_contract" name="test_machine_readable_matrix_has_no_unknown_classification" time="0.001" /><testcase classname="backend.tests.test_mt1_ownership_contract" name="test_expand_migration_never_backfills_or_clears_quarantine" time="0.002" /><testcase classname="backend.tests.test_mt1_ownership_slice2" name="test_crm_get_and_list_do_not_leak_cross_tenant_or_quarantined_rows" time="0.595" /><testcase classname="backend.tests.test_mt1_ownership_slice2" name="test_activity_rejects_mixed_tenant_parents_even_when_actor_is_valid" time="0.628" /><testcase classname="backend.tests.test_mt1_ownership_slice2" name="test_intake_acceptance_is_authorized_audited_idempotent_and_cannot_retenant" time="0.629" /><testcase classname="backend.tests.test_mt1c1_census_postgresql" name="test_mt1c1_postgresql_pinned_reader_side_effect_and_core_fence" time="0.001"><skipped type="pytest.skip" message="explicit disposable MT-1C.1 PostgreSQL URL not provided">D:\1-webapp\forwarder-dev\phase3-p3-13-owner-transfer\backend\tests\test_mt1c1_census_postgresql.py:43: explicit disposable MT-1C.1 PostgreSQL URL not provided</skipped></testcase><testcase classname="backend.tests.test_mt1c_quarantine_postgresql" name="test_mt1c_postgresql_runtime_and_rollback" time="0.001"><skipped type="pytest.skip" message="explicit disposable MT-1C PostgreSQL URL not provided">D:\1-webapp\forwarder-dev\phase3-p3-13-owner-transfer\backend\tests\test_mt1c_quarantine_postgresql.py:31: explicit disposable MT-1C PostgreSQL URL not provided</skipped></testcase><testcase classname="backend.tests.test_mt1d_census_postgresql" name="test_mt1d_postgresql_atomic_rollback_concurrency_and_lineage" time="0.001"><skipped type="pytest.skip" message="explicit disposable MT-1D PostgreSQL URL not provided">D:\1-webapp\forwarder-dev\phase3-p3-13-owner-transfer\backend\tests\test_mt1d_census_postgresql.py:81: explicit disposable MT-1D PostgreSQL URL not provided</skipped></testcase><testcase classname="backend.tests.test_mt1d_census_postgresql" name="test_mt1d_postgresql_migration_preserves_mt1c_and_enforces_history" time="0.001"><skipped type="pytest.skip" message="explicit disposable MT-1D PostgreSQL URL not provided">D:\1-webapp\forwarder-dev\phase3-p3-13-owner-transfer\backend\tests\test_mt1d_census_postgresql.py:81: explicit disposable MT-1D PostgreSQL URL not provided</skipped></testcase><testcase classname="backend.tests.test_multi_unit_tracking_api" name="test_tracking_management_is_authenticated_and_assignment_scoped" time="0.596" /><testcase classname="backend.tests.test_multi_unit_tracking_api" name="test_tracking_management_requires_canonical_org_admin_capability" time="0.521" /><testcase classname="backend.tests.test_multi_unit_tracking_api" name="test_tracking_shadow_telemetry_never_changes_canonical_decision" time="0.577" /><testcase classname="backend.tests.test_multi_unit_tracking_api" name="test_tracking_management_opaque_parent_rejects_substitution" time="0.642" /><testcase classname="backend.tests.test_multi_unit_tracking_api" name="test_legacy_add_unit_fails_closed_without_creating_a_legacy_row" time="1.684" /><testcase classname="backend.tests.test_multi_unit_tracking_api" name="test_mapped_legacy_metadata_and_update_delegate_to_canonical_models" time="0.750" /><testcase classname="backend.tests.test_multi_unit_tracking_api" name="test_unmapped_historical_legacy_unit_write_paths_fail_closed" time="0.829" /><testcase classname="backend.tests.test_multi_unit_tracking_api" name="test_cross_tenant_canonical_target_is_not_a_legacy_mapping" time="0.603" /><testcase classname="backend.tests.test_multi_unit_tracking_api" name="test_update_rejects_cross_shipment_unit_id" time="0.692" /><testcase classname="backend.tests.test_multi_unit_tracking_service" name="test_enablement_requires_accepted_request_and_tracking_code" time="0.835" /><testcase classname="backend.tests.test_multi_unit_tracking_service" name="test_canonical_logistics_point_snapshots_are_tenant_safe_and_immutable" time="1.166" /><testcase classname="backend.tests.test_multi_unit_tracking_service" name="test_public_projection_aggregates_partial_delivery_and_hides_private_data" time="1.076" /><testcase classname="backend.tests.test_multi_unit_tracking_service" name="test_disable_tracking_retains_history_but_removes_public_projection" time="1.139" /><testcase classname="backend.tests.test_multi_unit_tracking_service" name="test_aggregate_contract_precedence_counts_and_tie_breaking" time="1.976" /><testcase classname="backend.tests.test_multi_unit_tracking_service" name="test_internal_projection_serializes_canonical_tracking_instants_as_explicit_utc" time="0.832" /><testcase classname="backend.tests.test_multi_unit_tracking_service" name="test_all_cancelled_and_inactive_units_are_derived_correctly" time="0.836" /><testcase classname="backend.tests.test_multileg_route_orchestration_postgresql" name="test_phase1b_postgresql_integrity_lifecycle_and_concurrency" time="0.001"><skipped type="pytest.skip" message="explicit Phase 1B disposable PostgreSQL URL not provided">D:\1-webapp\forwarder-dev\phase3-p3-13-owner-transfer\backend\tests\test_multileg_route_orchestration_postgresql.py:26: explicit Phase 1B disposable PostgreSQL URL not provided</skipped></testcase><testcase classname="backend.tests.test_notification_foundation_migration_postgresql" name="test_phase_c1_from_golden_upgrade_constraints_sentinel_and_rollback" time="0.001"><skipped type="pytest.skip" message="owned disposable Phase C1 PostgreSQL URL required">D:\1-webapp\forwarder-dev\phase3-p3-13-owner-transfer\backend\tests\test_notification_foundation_migration_postgresql.py:29: owned disposable Phase C1 PostgreSQL URL required</skipped></testcase><testcase classname="backend.tests.test_notification_lifecycle_migration_postgresql" name="test_c1_to_c2_upgrade_safe_downgrade_and_reupgrade" time="0.001"><skipped type="pytest.skip" message="owned disposable Phase C2 PostgreSQL URL required">D:\1-webapp\forwarder-dev\phase3-p3-13-owner-transfer\backend\tests\test_notification_lifecycle_migration_postgresql.py:26: owned disposable Phase C2 PostgreSQL URL required</skipped></testcase><testcase classname="backend.tests.test_oip" name="test_exact_nine_catalog_and_threshold_gaps" time="0.433" /><testcase classname="backend.tests.test_oip" name="test_projection_health_exact_watermark_stale_rebuild_degraded_and_recovery" time="0.870" /><testcase classname="backend.tests.test_oip" name="test_threshold_precedence_effectivity_and_abstention" time="0.511" /><testcase classname="backend.tests.test_oip" name="test_overdue_boundaries_terminal_due_and_policy_explanation" time="0.512" /><testcase classname="backend.tests.test_oip" name="test_execution_unit_stale_operational_time_lifecycle_clear_reopen_and_policy_change" time="0.560" /><testcase classname="backend.tests.test_oip" name="test_configured_policy_detects_deduplicates_explains_and_traces[CHECKPOINT_OVERDUE]" time="0.698" /><testcase classname="backend.tests.test_oip" name="test_configured_policy_detects_deduplicates_explains_and_traces[ROUTE_DEPENDENCY_BLOCKED]" time="0.624" /><testcase classname="backend.tests.test_oip" name="test_configured_policy_detects_deduplicates_explains_and_traces[REPLAN_REQUIRED]" time="0.478" /><testcase classname="backend.tests.test_oip" name="test_configured_policy_detects_deduplicates_explains_and_traces[DOCUMENT_READINESS_BLOCKED]" time="1.367" /><testcase classname="backend.tests.test_oip" name="test_configured_policy_detects_deduplicates_explains_and_traces[ACTIVE_DELAY_OR_EXCEPTION]" time="0.477" /><testcase classname="backend.tests.test_oip" name="test_clear_reopen_preserves_history_and_occurrence" time="0.539" /><testcase classname="backend.tests.test_oip" name="test_lifecycle_version_reason_and_snooze_contract" time="0.581" /><testcase classname="backend.tests.test_oip" name="test_snooze_expiry_reconciliation_returns_same_situation_to_attention" time="0.494" /><testcase classname="backend.tests.test_oip" name="test_tenant_isolation_and_impossible_intelligence" time="0.655" /><testcase classname="backend.tests.test_oip" name="test_unknown_signal_is_rejected" time="0.568" /><testcase classname="backend.tests.test_oip_races_postgresql" name="test_race_01_same_signal_reconciled_concurrently" time="0.001"><skipped type="pytest.skip" message="explicit disposable OIP PostgreSQL URL not provided">D:\1-webapp\forwarder-dev\phase3-p3-13-owner-transfer\backend\tests\test_oip_races_postgresql.py:75: explicit disposable OIP PostgreSQL URL not provided</skipped></testcase><testcase classname="backend.tests.test_oip_races_postgresql" name="test_race_02_reconciliation_vs_acknowledgement" time="0.001"><skipped type="pytest.skip" message="explicit disposable OIP PostgreSQL URL not provided">D:\1-webapp\forwarder-dev\phase3-p3-13-owner-transfer\backend\tests\test_oip_races_postgresql.py:79: explicit disposable OIP PostgreSQL URL not provided</skipped></testcase><testcase classname="backend.tests.test_oip_races_postgresql" name="test_race_03_reconciliation_vs_resolution" time="0.001"><skipped type="pytest.skip" message="explicit disposable OIP PostgreSQL URL not provided">D:\1-webapp\forwarder-dev\phase3-p3-13-owner-transfer\backend\tests\test_oip_races_postgresql.py:83: explicit disposable OIP PostgreSQL URL not provided</skipped></testcase><testcase classname="backend.tests.test_oip_races_postgresql" name="test_race_04_resolution_vs_source_change_reopen" time="0.001"><skipped type="pytest.skip" message="explicit disposable OIP PostgreSQL URL not provided">D:\1-webapp\forwarder-dev\phase3-p3-13-owner-transfer\backend\tests\test_oip_races_postgresql.py:87: explicit disposable OIP PostgreSQL URL not provided</skipped></testcase><testcase classname="backend.tests.test_oip_races_postgresql" name="test_race_05_claim_vs_claim" time="0.001"><skipped type="pytest.skip" message="explicit disposable OIP PostgreSQL URL not provided">D:\1-webapp\forwarder-dev\phase3-p3-13-owner-transfer\backend\tests\test_oip_races_postgresql.py:91: explicit disposable OIP PostgreSQL URL not provided</skipped></testcase><testcase classname="backend.tests.test_oip_races_postgresql" name="test_race_06_claim_vs_reconciliation" time="0.001"><skipped type="pytest.skip" message="explicit disposable OIP PostgreSQL URL not provided">D:\1-webapp\forwarder-dev\phase3-p3-13-owner-transfer\backend\tests\test_oip_races_postgresql.py:96: explicit disposable OIP PostgreSQL URL not provided</skipped></testcase><testcase classname="backend.tests.test_oip_races_postgresql" name="test_race_07_snooze_vs_resolution" time="0.001"><skipped type="pytest.skip" message="explicit disposable OIP PostgreSQL URL not provided">D:\1-webapp\forwarder-dev\phase3-p3-13-owner-transfer\backend\tests\test_oip_races_postgresql.py:100: explicit disposable OIP PostgreSQL URL not provided</skipped></testcase><testcase classname="backend.tests.test_oip_races_postgresql" name="test_race_08_snooze_expiry_vs_reconciliation" time="0.001"><skipped type="pytest.skip" message="explicit disposable OIP PostgreSQL URL not provided">D:\1-webapp\forwarder-dev\phase3-p3-13-owner-transfer\backend\tests\test_oip_races_postgresql.py:104: explicit disposable OIP PostgreSQL URL not provided</skipped></testcase><testcase classname="backend.tests.test_oip_races_postgresql" name="test_race_09_source_correction_vs_reconciliation" time="0.001"><skipped type="pytest.skip" message="explicit disposable OIP PostgreSQL URL not provided">D:\1-webapp\forwarder-dev\phase3-p3-13-owner-transfer\backend\tests\test_oip_races_postgresql.py:110: explicit disposable OIP PostgreSQL URL not provided</skipped></testcase><testcase classname="backend.tests.test_oip_races_postgresql" name="test_race_10_policy_version_change_vs_reconciliation" time="0.001"><skipped type="pytest.skip" message="explicit disposable OIP PostgreSQL URL not provided">D:\1-webapp\forwarder-dev\phase3-p3-13-owner-transfer\backend\tests\test_oip_races_postgresql.py:114: explicit disposable OIP PostgreSQL URL not provided</skipped></testcase><testcase classname="backend.tests.test_oip_races_postgresql" name="test_race_11_stale_lifecycle_writer_vs_newer_write" time="0.001"><skipped type="pytest.skip" message="explicit disposable OIP PostgreSQL URL not provided">D:\1-webapp\forwarder-dev\phase3-p3-13-owner-transfer\backend\tests\test_oip_races_postgresql.py:118: explicit disposable OIP PostgreSQL URL not provided</skipped></testcase><testcase classname="backend.tests.test_oip_races_postgresql" name="test_race_12_situation_dedup_under_projection_workers" time="0.001"><skipped type="pytest.skip" message="explicit disposable OIP PostgreSQL URL not provided">D:\1-webapp\forwarder-dev\phase3-p3-13-owner-transfer\backend\tests\test_oip_races_postgresql.py:122: explicit disposable OIP PostgreSQL URL not provided</skipped></testcase><testcase classname="backend.tests.test_oip_races_postgresql" name="test_race_13_rebuild_while_human_interaction_changes" time="0.001"><skipped type="pytest.skip" message="explicit disposable OIP PostgreSQL URL not provided">D:\1-webapp\forwarder-dev\phase3-p3-13-owner-transfer\backend\tests\test_oip_races_postgresql.py:126: explicit disposable OIP PostgreSQL URL not provided</skipped></testcase><testcase classname="backend.tests.test_oip_races_postgresql" name="test_race_14_complete_evaluation_run_is_single_work" time="0.001"><skipped type="pytest.skip" message="explicit disposable OIP PostgreSQL URL not provided">D:\1-webapp\forwarder-dev\phase3-p3-13-owner-transfer\backend\tests\test_oip_races_postgresql.py:132: explicit disposable OIP PostgreSQL URL not provided</skipped></testcase><testcase classname="backend.tests.test_operational_execution_190" name="test_preview_confirm_idempotency_and_no_project_mutation" time="0.924" /><testcase classname="backend.tests.test_operational_execution_190" name="test_transition_block_unblock_terminal_reopen_and_progress" time="1.146" /><testcase classname="backend.tests.test_operational_execution_190" name="test_reason_delay_exception_lifecycle_and_tenant_isolation" time="1.253" /><testcase classname="backend.tests.test_operational_execution_190" name="test_unified_history_composes_distinct_facts_and_preserves_document_scope" time="3.152" /><testcase classname="backend.tests.test_operational_execution_190" name="test_verification_separation_and_one_migration_head" time="1.546" /><testcase classname="backend.tests.test_operational_execution_190" name="test_optional_route_plan_mapper_and_same_shipment_constraint" time="1.476" /><testcase classname="backend.tests.test_operational_execution_190" name="test_release_migration_has_nullable_upgrade_and_fail_closed_downgrade" time="0.004" /><testcase classname="backend.tests.test_operational_execution_190" name="test_opaque_event_create_and_append_only_correction" time="1.041" /><testcase classname="backend.tests.test_operational_execution_190" name="test_openapi_exact_runtime_path_parity" time="0.730" /><testcase classname="backend.tests.test_operational_selectors" name="test_customer_selector_is_permission_based_minimal_and_bounded" time="0.857" /><testcase classname="backend.tests.test_operational_selectors" name="test_project_selector_is_tenant_scoped_and_customer_filterable" time="1.094" /><testcase classname="backend.tests.test_operational_selectors" name="test_accepted_quote_selector_permissions_eligibility_and_create_consistency[quote-ELIGIBLE-eligible_quote]" time="1.032" /><testcase classname="backend.tests.test_operational_selectors" name="test_accepted_quote_selector_permissions_eligibility_and_create_consistency[legacy-LEGACY-legacy_quote]" time="0.964" /><testcase classname="backend.tests.test_operational_selectors" name="test_direct_permission_does_not_grant_quote_selector_and_membership_is_exact" time="0.833" /><testcase classname="backend.tests.test_operational_vertical_slice_postgresql" name="test_phase1a_postgresql_constraints_concurrency_and_triggers" time="0.001"><skipped type="pytest.skip" message="explicit Phase 1A disposable PostgreSQL URL not provided">D:\1-webapp\forwarder-dev\phase3-p3-13-owner-transfer\backend\tests\test_operational_vertical_slice_postgresql.py:35: explicit Phase 1A disposable PostgreSQL URL not provided</skipped></testcase><testcase classname="backend.tests.test_operational_workspace_phase2" name="test_sla_admin_is_tenant_scoped_versioned_and_has_no_default" time="2.447" /><testcase classname="backend.tests.test_operational_workspace_phase2" name="test_sla_evaluation_attention_workspace_and_control_tower" time="2.179" /><testcase classname="backend.tests.test_operational_workspace_phase2" name="test_action_uses_fixed_owner_preserves_history_and_is_independent" time="1.355" /><testcase classname="backend.tests.test_operational_workspace_phase2" name="test_rule_edit_catches_up_old_version_before_prospective_change" time="1.043" /><testcase classname="backend.tests.test_operational_workspace_phase2" name="test_reconcile_skips_legacy_direct_overdue_source_without_project_policy" time="0.732" /><testcase classname="backend.tests.test_operational_workspace_phase2" name="test_background_catch_up_retry_idempotency_and_clock_freshness" time="1.488" /><testcase classname="backend.tests.test_operational_workspace_phase2" name="test_abandoned_evaluation_is_degraded_then_recovered" time="1.454" /><testcase classname="backend.tests.test_organization_document_policy" name="test_two_organization_policy_isolation_and_global_boundary" time="1.355" /><testcase classname="backend.tests.test_organization_document_policy" name="test_explicit_mode_fallback_and_immutable_snapshots" time="2.780" /><testcase classname="backend.tests.test_organization_document_policy" name="test_admin_disable_excludes_fresh_snapshot_but_preserves_existing_snapshot" time="1.582" /><testcase classname="backend.tests.test_organization_document_policy" name="test_database_uniqueness_is_tenant_safe" time="0.992" /><testcase classname="backend.tests.test_organization_document_policy" name="test_project_override_wins_and_cannot_cross_organization" time="1.223" /><testcase classname="backend.tests.test_package_secret_policy" name="test_later_release_baseline_uses_independent_historical_ancestry" time="0.063" /><testcase classname="backend.tests.test_package_secret_policy" name="test_lf_and_crlf_remediation_have_same_canonical_fingerprint" time="0.037" /><testcase classname="backend.tests.test_package_secret_policy" name="test_non_newline_remediation_byte_change_fails_closed" time="0.030" /><testcase classname="backend.tests.test_package_secret_policy" name="test_non_newline_whitespace_change_fails_closed" time="0.032" /><testcase classname="backend.tests.test_package_secret_policy" name="test_lone_carriage_return_is_not_normalized" time="0.048" /><testcase classname="backend.tests.test_package_secret_policy" name="test_missing_historical_remediation_declaration_fails_closed" time="0.074" /><testcase classname="backend.tests.test_package_secret_policy" name="test_unknown_secret_still_fails_when_exception_is_valid" time="0.064" /><testcase classname="backend.tests.test_package_secret_policy" name="test_historical_file_mutation_cannot_broaden_exception" time="0.077" /><testcase classname="backend.tests.test_package_secret_policy" name="test_tampered_historical_remediation_declaration_fails_closed" time="0.111" /><testcase classname="backend.tests.test_package_secret_policy" name="test_v190_legacy_package_contract_remains_valid" time="0.053" /><testcase classname="backend.tests.test_package_secret_policy" name="test_unrelated_future_baseline_does_not_inherit_exception" time="0.097" /><testcase classname="backend.tests.test_package_secret_policy" name="test_exact_credential_and_migration_fingerprints_are_pinned" time="0.002" /><testcase classname="backend.tests.test_package_secret_policy" name="test_builder_and_scanner_share_the_exact_historical_contract" time="0.026" /><testcase classname="backend.tests.test_personal_analytics_uat" name="test_personal_analytics_fixture_is_idempotent_and_authorized" time="5.710" /><testcase classname="backend.tests.test_personal_analytics_uat" name="test_fixture_rejects_production" time="0.439" /><testcase classname="backend.tests.test_phase0_2_postgresql_gate" name="test_phase02_catalog_has_one_revision_and_expected_entry_foreign_keys" time="0.001"><skipped type="pytest.skip" message="explicit Phase 0.2 disposable PostgreSQL URL not provided">D:\1-webapp\forwarder-dev\phase3-p3-13-owner-transfer\backend\tests\test_phase0_2_postgresql_gate.py:21: explicit Phase 0.2 disposable PostgreSQL URL not provided</skipped></testcase><testcase classname="backend.tests.test_phase0_2_postgresql_gate" name="test_phase02_startup_and_probes_are_read_only_at_head" time="0.001"><skipped type="pytest.skip" message="explicit Phase 0.2 disposable PostgreSQL URL not provided">D:\1-webapp\forwarder-dev\phase3-p3-13-owner-transfer\backend\tests\test_phase0_2_postgresql_gate.py:21: explicit Phase 0.2 disposable PostgreSQL URL not provided</skipped></testcase><testcase classname="backend.tests.test_phase0_2_postgresql_gate" name="test_phase02_parallel_revision_checks_are_consistent" time="0.001"><skipped type="pytest.skip" message="explicit Phase 0.2 disposable PostgreSQL URL not provided">D:\1-webapp\forwarder-dev\phase3-p3-13-owner-transfer\backend\tests\test_phase0_2_postgresql_gate.py:21: explicit Phase 0.2 disposable PostgreSQL URL not provided</skipped></testcase><testcase classname="backend.tests.test_phase1b_safe_downgrade_postgresql" name="test_20260801_response_replay_guard_precedes_all_ddl" time="0.001"><skipped type="pytest.skip" message="explicit disposable PostgreSQL URL not provided: FORWARDER_PHASE1B_SAFE_DOWNGRADE_HEAD_URL">D:\1-webapp\forwarder-dev\phase3-p3-13-owner-transfer\backend\tests\test_phase1b_safe_downgrade_postgresql.py:19: explicit disposable PostgreSQL 
[...]
e="backend.tests.test_request_cargo_postgresql" name="test_request_cargo_owned_postgresql_lifecycle" time="0.001"><skipped type="pytest.skip" message="owned disposable Request Cargo PostgreSQL URL required">D:\1-webapp\forwarder-dev\phase3-p3-13-owner-transfer\backend\tests\test_request_cargo_postgresql.py:29: owned disposable Request Cargo PostgreSQL URL required</skipped></testcase><testcase classname="backend.tests.test_runtime_binding" name="test_explicit_bind_addresses_are_resolved_without_widening[localhost-127.0.0.1]" time="0.001" /><testcase classname="backend.tests.test_runtime_binding" name="test_explicit_bind_addresses_are_resolved_without_widening[LOCALHOST-127.0.0.1]" time="0.002" /><testcase classname="backend.tests.test_runtime_binding" name="test_explicit_bind_addresses_are_resolved_without_widening[127.0.0.1-127.0.0.1]" time="0.002" /><testcase classname="backend.tests.test_runtime_binding" name="test_explicit_bind_addresses_are_resolved_without_widening[0.0.0.0-0.0.0.0]" time="0.001" /><testcase classname="backend.tests.test_runtime_binding" name="test_uat_profile_defaults_to_loopback" time="0.001" /><testcase classname="backend.tests.test_runtime_binding" name="test_non_uat_profiles_retain_historical_wildcard_default[development]" time="0.001" /><testcase classname="backend.tests.test_runtime_binding" name="test_non_uat_profiles_retain_historical_wildcard_default[production]" time="0.001" /><testcase classname="backend.tests.test_runtime_binding" name="test_non_uat_profiles_retain_historical_wildcard_default[prod]" time="0.001" /><testcase classname="backend.tests.test_runtime_binding" name="test_malformed_host_fails_closed[]" time="0.001" /><testcase classname="backend.tests.test_runtime_binding" name="test_malformed_host_fails_closed[   ]" time="0.001" /><testcase classname="backend.tests.test_runtime_binding" name="test_malformed_host_fails_closed[http://localhost]" time="0.001" /><testcase classname="backend.tests.test_runtime_binding" name="test_malformed_host_fails_closed[127.0.0.1:5001]" time="0.001" /><testcase classname="backend.tests.test_runtime_binding" name="test_malformed_host_fails_closed[-invalid]" time="0.001" /><testcase classname="backend.tests.test_runtime_binding" name="test_malformed_host_fails_closed[bad host]" time="0.001" /><testcase classname="backend.tests.test_runtime_migration_safety" name="test_create_app_does_not_connect_or_migrate" time="0.331" /><testcase classname="backend.tests.test_runtime_migration_safety" name="test_skip_startup_testing_does_not_create_schema" time="0.254" /><testcase classname="backend.tests.test_runtime_migration_safety" name="test_alembic_config_is_absolute_and_cwd_independent" time="0.007" /><testcase classname="backend.tests.test_runtime_migration_safety" name="test_alembic_config_accepts_percent_encoded_credentials" time="0.002" /><testcase classname="backend.tests.test_runtime_migration_safety" name="test_revision_status_on_isolated_empty_database_is_read_only" time="0.093" /><testcase classname="backend.tests.test_runtime_migration_safety" name="test_explicit_upgrade_preparation_leaves_sqlite_to_alembic" time="0.011" /><testcase classname="backend.tests.test_runtime_migration_safety" name="test_runtime_rejects_auto_migrate" time="0.002" /><testcase classname="backend.tests.test_runtime_migration_safety" name="test_production_runtime_fails_fast_when_migrations_are_pending[production]" time="1.456" /><testcase classname="backend.tests.test_runtime_migration_safety" name="test_production_runtime_fails_fast_when_migrations_are_pending[prod]" time="0.250" /><testcase classname="backend.tests.test_runtime_migration_safety" name="test_readiness_endpoint_returns_503_for_unversioned_schema" time="0.314" /><testcase classname="backend.tests.test_runtime_migration_safety" name="test_readiness_endpoint_returns_revisions_when_ready" time="0.271" /><testcase classname="backend.tests.test_runtime_migration_safety" name="test_health_is_db_only_and_masks_failures" time="0.276" /><testcase classname="backend.tests.test_runtime_migration_safety" name="test_ping_never_touches_database" time="0.279" /><testcase classname="backend.tests.test_runtime_migration_safety" name="test_migration_cli_read_only_exit_codes[current-status0-0]" time="0.004" /><testcase classname="backend.tests.test_runtime_migration_safety" name="test_migration_cli_read_only_exit_codes[check-status1-0]" time="0.006" /><testcase classname="backend.tests.test_runtime_migration_safety" name="test_migration_cli_read_only_exit_codes[check-status2-2]" time="0.005" /><testcase classname="backend.tests.test_runtime_migration_safety" name="test_migration_cli_refuses_unconfirmed_upgrade" time="0.005" /><testcase classname="backend.tests.test_runtime_migration_safety" name="test_migration_cli_confirmed_upgrade_is_explicit" time="0.006" /><testcase classname="backend.tests.test_runtime_migration_safety" name="test_migration_cli_error_boundary_masks_details" time="0.005" /><testcase classname="backend.tests.test_runtime_migration_safety" name="test_wsgi_exports_runtime_app_without_root_wsgi" time="0.003" /><testcase classname="backend.tests.test_runtime_migration_safety" name="test_windows_launcher_has_ownership_and_health_guards" time="0.002" /><testcase classname="backend.tests.test_runtime_migration_safety" name="test_deployment_port_and_entrypoint_are_consistent" time="0.003" /><testcase classname="backend.tests.test_saved_view_contract" name="test_create_list_and_private_boundaries" time="0.581" /><testcase classname="backend.tests.test_saved_view_contract" name="test_revision_noop_conflict_and_lifecycle" time="0.528" /><testcase classname="backend.tests.test_saved_view_contract" name="test_invalid_definition_has_no_revision[&lt;lambda&gt;0]" time="0.540" /><testcase classname="backend.tests.test_saved_view_contract" name="test_invalid_definition_has_no_revision[&lt;lambda&gt;1]" time="0.586" /><testcase classname="backend.tests.test_saved_view_contract" name="test_invalid_definition_has_no_revision[&lt;lambda&gt;2]" time="0.468" /><testcase classname="backend.tests.test_saved_view_contract" name="test_invalid_definition_has_no_revision[&lt;lambda&gt;3]" time="0.526" /><testcase classname="backend.tests.test_saved_view_rowset_alignment" name="test_new_v2_rowset_and_legacy_runtime_alignment_are_immutable" time="0.658" /><testcase classname="backend.tests.test_saved_view_rowset_alignment" name="test_v1_noop_alignment_then_meaningful_update_creates_one_v2_revision" time="0.616" /><testcase classname="backend.tests.test_security_credential_remediation_migration" name="test_revision_is_security_child_of_project_configuration" time="0.005" /><testcase classname="backend.tests.test_security_credential_remediation_migration" name="test_upgrade_disables_only_the_exact_legacy_hash" time="0.002" /><testcase classname="backend.tests.test_security_credential_remediation_migration" name="test_downgrade_never_reactivates_legacy_accounts" time="0.001" /><testcase classname="backend.tests.test_security_credential_remediation_migration" name="test_authentication_excludes_disabled_accounts" time="0.002" /><testcase classname="backend.tests.test_shared_transport_allocate_helper_contract" name="test_allocate_waits_for_the_matching_cargo_mutation" time="0.002" /><testcase classname="backend.tests.test_shared_transport_allocate_helper_contract" name="test_allocate_waits_for_cargo_specific_refreshed_ui_state" time="0.001" /><testcase classname="backend.tests.test_shared_transport_allocate_helper_contract" name="test_allocate_cannot_return_before_response_and_post_state" time="0.002" /><testcase classname="backend.tests.test_shared_transport_allocate_helper_contract" name="test_allocate_fails_closed_on_unsuccessful_response" time="0.001" /><testcase classname="backend.tests.test_shared_transport_allocate_helper_contract" name="test_allocate_has_no_sleep_retry_or_timeout_inflation" time="0.001" /><testcase classname="backend.tests.test_shipment_context_service" name="test_v1_envelope_and_deterministic_strict_json_contract" time="0.002" /><testcase classname="backend.tests.test_shipment_context_service" name="test_status_is_canonical_and_legacy_status_is_excluded" time="0.001" /><testcase classname="backend.tests.test_shipment_context_service" name="test_international_applicability_classifies_values_and_excludes_domestic_fields" time="0.001" /><testcase classname="backend.tests.test_shipment_context_service" name="test_domestic_applicability_and_cross_mode_values_are_ambiguous" time="0.002" /><testcase classname="backend.tests.test_shipment_context_service" name="test_missing_values_keep_classification_and_untrusted_text_is_labeled" time="0.002" /><testcase classname="backend.tests.test_shipment_context_service" name="test_privacy_canaries_relationships_and_attachment_content_never_leak" time="0.002" /><testcase classname="backend.tests.test_shipment_context_service" name="test_nonfinite_numbers_become_missing_and_strict_json_safe" time="0.002" /><testcase classname="backend.tests.test_shipment_context_service" name="test_builder_does_not_mutate_or_attach_transient_aggregate" time="0.002" /><testcase classname="backend.tests.test_shipment_economics" name="test_money_exact_validation_and_serialization" time="0.885" /><testcase classname="backend.tests.test_shipment_economics" name="test_stages_history_correction_actual_accumulation_and_projection" time="1.128" /><testcase classname="backend.tests.test_shipment_economics" name="test_idempotency_changed_replay_and_tenant_scope" time="0.959" /><testcase classname="backend.tests.test_shipment_economics" name="test_cost_and_margin_visibility_are_independently_enforced" time="2.211" /><testcase classname="backend.tests.test_shipment_economics" name="test_fx_is_explicit_and_missing_fx_abstains" time="1.076" /><testcase classname="backend.tests.test_shipment_economics" name="test_quote_requires_explicit_preview_and_confirm" time="0.885" /><testcase classname="backend.tests.test_shipment_economics" name="test_api_permissions_and_opaque_identifiers" time="0.929" /><testcase classname="backend.tests.test_shipment_economics" name="test_openapi_runtime_path_parity" time="0.898" /><testcase classname="backend.tests.test_shipment_operational_population" name="test_route_envelope_uses_first_and_last_sequence_not_timestamp_min_max" time="0.977" /><testcase classname="backend.tests.test_shipment_operational_population" name="test_inclusive_route_envelope_overlap[-1-4-True]" time="0.942" /><testcase classname="backend.tests.test_shipment_operational_population" name="test_inclusive_route_envelope_overlap[1-2-True]" time="1.244" /><testcase classname="backend.tests.test_shipment_operational_population" name="test_inclusive_route_envelope_overlap[-1-1-True]" time="1.220" /><testcase classname="backend.tests.test_shipment_operational_population" name="test_inclusive_route_envelope_overlap[2-4-True]" time="0.658" /><testcase classname="backend.tests.test_shipment_operational_population" name="test_inclusive_route_envelope_overlap[-1-0-True]" time="0.629" /><testcase classname="backend.tests.test_shipment_operational_population" name="test_inclusive_route_envelope_overlap[3-4-True]" time="1.275" /><testcase classname="backend.tests.test_shipment_operational_population" name="test_inclusive_route_envelope_overlap[4-5-False]" time="2.193" /><testcase classname="backend.tests.test_shipment_operational_population" name="test_inclusive_route_envelope_overlap[-2--1-False]" time="1.173" /><testcase classname="backend.tests.test_shipment_operational_population" name="test_one_sided_windows_and_no_active_route_exclusion" time="1.240" /><testcase classname="backend.tests.test_shipment_operational_population" name="test_timezone_normalization_and_naive_internal_rejection" time="1.177" /><testcase classname="backend.tests.test_shipment_operational_population" name="test_status_governance_and_deterministic_public_identity_tie_breaker" time="1.024" /><testcase classname="backend.tests.test_shipment_operational_population" name="test_endpoint_and_reusable_authority_identity_order_equivalence" time="1.290" /><testcase classname="backend.tests.test_shipment_operational_population" name="test_client_authority_spoof_is_ignored_and_assignment_precedes_pagination" time="1.673" /><testcase classname="backend.tests.test_shipment_request_public_identity" name="test_model_generates_canonical_uuid4_and_rejects_mutation" time="0.852" /><testcase classname="backend.tests.test_shipment_request_public_identity" name="test_duplicate_public_id_is_rejected" time="1.340" /><testcase classname="backend.tests.test_shipment_request_public_identity" name="test_tenant_resolver_is_strict_fenced_and_not_authorization" time="1.726" /><testcase classname="backend.tests.test_shipment_request_public_identity" name="test_backfill_is_uuid4_random_retry_safe_and_tracking_neutral" time="0.011" /><testcase classname="backend.tests.test_sla_service" name="test_published_work_schedule_boundaries[start0-60-expected0]" time="0.003" /><testcase classname="backend.tests.test_sla_service" name="test_published_work_schedule_boundaries[start1-60-expected1]" time="0.002" /><testcase classname="backend.tests.test_sla_service" name="test_published_work_schedule_boundaries[start2-120-expected2]" time="0.002" /><testcase classname="backend.tests.test_sla_service" name="test_published_work_schedule_boundaries[start3-60-expected3]" time="0.002" /><testcase classname="backend.tests.test_sla_service" name="test_published_work_schedule_boundaries[start4-60-expected4]" time="0.002" /><testcase classname="backend.tests.test_sla_service" name="test_published_work_schedule_boundaries[start5-30-expected5]" time="0.002" /><testcase classname="backend.tests.test_sla_service" name="test_published_work_schedule_boundaries[start6-120-expected6]" time="0.002" /><testcase classname="backend.tests.test_sla_service" name="test_published_work_schedule_boundaries[start7-720-expected7]" time="0.002" /><testcase classname="backend.tests.test_sla_service" name="test_published_work_schedule_boundaries[start8-120-expected8]" time="0.003" /><testcase classname="backend.tests.test_sla_service" name="test_published_work_schedule_boundaries[start9-660-expected9]" time="0.002" /><testcase classname="backend.tests.test_sla_service" name="test_published_work_schedule_boundaries[start10-60-expected10]" time="0.002" /><testcase classname="backend.tests.test_sla_service" name="test_assignment_after_hours_starts_next_working_day" time="0.002" /><testcase classname="backend.tests.test_sla_service" name="test_deadline_skips_friday_and_crosses_weekend_boundary" time="0.003" /><testcase classname="backend.tests.test_sla_service" name="test_holiday_is_skipped" time="0.002" /><testcase classname="backend.tests.test_sla_service" name="test_aware_utc_input_is_preserved" time="0.002" /><testcase classname="backend.tests.test_sla_service" name="test_naive_input_contract_is_utc" time="0.002" /><testcase classname="backend.tests.test_sla_service" name="test_reassignment_preserves_existing_deadline" time="0.002" /><testcase classname="backend.tests.test_sla_service" name="test_invalid_durations_are_rejected[0]" time="0.002" /><testcase classname="backend.tests.test_sla_service" name="test_invalid_durations_are_rejected[-1]" time="0.002" /><testcase classname="backend.tests.test_sla_service" name="test_invalid_durations_are_rejected[10081]" time="0.002" /><testcase classname="backend.tests.test_sla_service" name="test_invalid_durations_are_rejected[True]" time="0.002" /><testcase classname="backend.tests.test_sla_service" name="test_invalid_durations_are_rejected[1.5]" time="0.002" /><testcase classname="backend.tests.test_timestamp_contracts_phase1" name="test_timeline_builders_share_request_created_at_contract" time="0.002" /><testcase classname="backend.tests.test_timestamp_contracts_phase1" name="test_timeline_request_created_at_none_is_preserved" time="0.002" /><testcase classname="backend.tests.test_timestamp_contracts_phase1" name="test_timeline_assignment_timestamp_remains_outside_legacy_helper" time="0.002" /><testcase classname="backend.tests.test_timestamp_contracts_phase1" name="test_ephemeral_timestamp_is_explicit_parseable_utc" time="0.003" /><testcase classname="backend.tests.test_timestamp_contracts_phase1" name="test_operational_code_does_not_use_legacy_datetime_helper" time="0.044" /><testcase classname="backend.tests.test_tracking_locations" name="test_bootstrap_dry_run_apply_idempotency_and_alias_policy" time="1.346" /><testcase classname="backend.tests.test_tracking_locations" name="test_osh_search_identity_and_bootstrap_preserves_protected_fields" time="1.153" /><testcase classname="backend.tests.test_tracking_locations" name="test_known_and_free_text_snapshots_survive_rename_and_deactivation" time="1.341" /><testcase classname="backend.tests.test_tracking_locations" name="test_search_permissions_filters_and_admin_deactivation" time="1.297" /><testcase classname="backend.tests.test_tracking_locations" name="test_reference_constraints_defaults_and_distinct_required_locations" time="3.816" /><testcase classname="backend.tests.test_tracking_locations" name="test_location_validation_latest_snapshot_and_no_hard_delete_when_referenced" time="1.539" /><testcase classname="backend.tests.test_tracking_locations" name="test_ash_exact_terms_never_resolve_to_osh_and_bootstrap_repairs_osh_identity" time="1.128" /><testcase classname="backend.tests.test_tracking_projection" name="test_unit_projection_orders_effective_events_and_preserves_last_known_location" time="0.916" /><testcase classname="backend.tests.test_tracking_projection" name="test_same_time_tie_uses_recorded_at_then_append_order_and_corrections_supersede" time="0.867" /><testcase classname="backend.tests.test_tracking_projection" name="test_multi_unit_latest_event_uses_append_order_not_public_identity" time="1.298" /><testcase classname="backend.tests.test_tracking_projection" name="test_shipment_location_states_latest_event_inactive_units_and_tenant_fence" time="1.292" /><testcase classname="backend.tests.test_tracking_projection" name="test_zero_units_and_no_event_are_explicitly_unavailable" time="1.001" /><testcase classname="backend.tests.test_v191_location_resolver" name="test_resolver_covers_supported_types_and_ancestry" time="1.073" /><testcase classname="backend.tests.test_v191_location_resolver" name="test_iran_projection_is_eligible_typed_and_disambiguated" time="1.266" /><testcase classname="backend.tests.test_v191_location_resolver" name="test_request_round_trip_uses_ids_derives_iran_province_and_keeps_legacy_reads" time="1.227" /><testcase classname="backend.tests.test_v191_location_resolver" name="test_iran_origin_requires_province_and_rejects_lower_mismatch" time="1.033" /><testcase classname="backend.tests.test_v191_location_resolver" name="test_quote_conversion_uses_shared_resolver_and_enriched_snapshot" time="1.004" /><testcase classname="backend.tests.test_v191_persistence_postgresql" name="test_v191_upgrade_constraints_backfill_and_guarded_downgrade_postgresql" time="0.002"><skipped type="pytest.skip" message="explicit disposable v1.9.1 PostgreSQL URL not provided">D:\1-webapp\forwarder-dev\phase3-p3-13-owner-transfer\backend\tests\test_v191_persistence_postgresql.py:25: explicit disposable v1.9.1 PostgreSQL URL not provided</skipped></testcase><testcase classname="backend.tests.test_worktree_fingerprint" name="test_fingerprint_is_bytewise_ordered_and_metadata_independent" time="0.026" /><testcase classname="backend.tests.test_worktree_fingerprint" name="test_fingerprint_detects_content_path_and_same_count_changes" time="0.002" /><testcase classname="backend.tests.test_worktree_fingerprint" name="test_fingerprint_rejects_duplicate_or_non_relative_paths" time="0.002" /><testcase classname="backend.tests.test_worktree_fingerprint" name="test_external_manifest_is_deterministic" time="0.029" /></testsuite></testsuites>